#
# There is insufficient memory for the Java Runtime Environment to continue.
# Native memory allocation (mmap) failed to map 248512512 bytes. Error detail: G1 virtual space
# Possible reasons:
#   The system is out of physical RAM or swap space
#   This process is running with CompressedOops enabled, and the Java Heap may be blocking the growth of the native heap
# Possible solutions:
#   Reduce memory load on the system
#   Increase physical memory or swap space
#   Check if swap backing store is full
#   Decrease Java heap size (-Xmx/-Xms)
#   Decrease number of Java threads
#   Decrease Java thread stack sizes (-Xss)
#   Set larger code cache with -XX:ReservedCodeCacheSize=
#   JVM is running with Unscaled Compressed Oops mode in which the Java heap is
#     placed in the first 4GB address space. The Java Heap base address is the
#     maximum limit for the native heap growth. Please use -XX:HeapBaseMinAddress
#     to set the Java Heap base and to place the Java Heap above 4GB virtual address.
# This output file may be truncated or incomplete.
#
#  Out of Memory Error (os_windows.cpp:3825), pid=10188, tid=16268
#
# JRE version: OpenJDK Runtime Environment (17.0.11) (build 17.0.11+0--11852314)
# Java VM: OpenJDK 64-Bit Server VM (17.0.11+0--11852314, mixed mode, tiered, compressed oops, compressed class ptrs, g1 gc, windows-amd64)
# No core dump will be written. Minidumps are not enabled by default on client versions of Windows
#

---------------  S U M M A R Y ------------

Command Line: org.jetbrains.kotlin.cli.jvm.K2JVMCompiler @C:\Users\koosh\AndroidStudioProjects\NokiaTest\app\build\20241008_7900578827310556067.compiler.options

Host: Intel(R) Core(TM) i5-8265U CPU @ 1.60GHz, 8 cores, 7G,  Windows 11 , 64 bit Build 22621 (10.0.22621.3958)
Time: Tue Oct  8 18:49:47 2024 Iran Standard Time elapsed time: 5.709551 seconds (0d 0h 0m 5s)

---------------  T H R E A D  ---------------

Current thread (0x000001e631082940):  VMThread "VM Thread" [stack: 0x000000290e300000,0x000000290e400000] [id=16268]

Stack: [0x000000290e300000,0x000000290e400000]
Native frames: (J=compiled Java code, j=interpreted, Vv=VM code, C=native code)
V  [jvm.dll+0x687bb9]
V  [jvm.dll+0x84142a]
V  [jvm.dll+0x8430ae]
V  [jvm.dll+0x843713]
V  [jvm.dll+0x24a35f]
V  [jvm.dll+0x684989]
V  [jvm.dll+0x67923a]
V  [jvm.dll+0x30af0b]
V  [jvm.dll+0x3123b6]
V  [jvm.dll+0x361dfe]
V  [jvm.dll+0x36202f]
V  [jvm.dll+0x2e0d38]
V  [jvm.dll+0x2df144]
V  [jvm.dll+0x2de74c]
V  [jvm.dll+0x32305b]
V  [jvm.dll+0x847e0b]
V  [jvm.dll+0x848b42]
V  [jvm.dll+0x84905d]
V  [jvm.dll+0x849434]
V  [jvm.dll+0x849500]
V  [jvm.dll+0x7efa4a]
V  [jvm.dll+0x686a35]
C  [ucrtbase.dll+0x29333]
C  [KERNEL32.DLL+0x1257d]
C  [ntdll.dll+0x5af28]

VM_Operation (0x000000290ddf9e70): G1CollectForAllocation, mode: safepoint, requested by thread 0x000001e61739e760


---------------  P R O C E S S  ---------------

Threads class SMR info:
_java_thread_list=0x000001e631bdda30, length=14, elements={
0x000001e61739e760, 0x000001e631085570, 0x000001e6310863f0, 0x000001e631207940,
0x000001e6311fb6e0, 0x000001e6311ff220, 0x000001e6311ffbe0, 0x000001e631200980,
0x000001e631202eb0, 0x000001e631216dc0, 0x000001e63137caf0, 0x000001e63138d8b0,
0x000001e63140d7d0, 0x000001e63639d910
}

Java Threads: ( => current thread )
  0x000001e61739e760 JavaThread "main" [_thread_blocked, id=11352, stack(0x000000290dd00000,0x000000290de00000)]
  0x000001e631085570 JavaThread "Reference Handler" daemon [_thread_blocked, id=6056, stack(0x000000290e400000,0x000000290e500000)]
  0x000001e6310863f0 JavaThread "Finalizer" daemon [_thread_blocked, id=12400, stack(0x000000290e500000,0x000000290e600000)]
  0x000001e631207940 JavaThread "Signal Dispatcher" daemon [_thread_blocked, id=8100, stack(0x000000290e600000,0x000000290e700000)]
  0x000001e6311fb6e0 JavaThread "Attach Listener" daemon [_thread_blocked, id=14912, stack(0x000000290e700000,0x000000290e800000)]
  0x000001e6311ff220 JavaThread "Service Thread" daemon [_thread_blocked, id=1888, stack(0x000000290e800000,0x000000290e900000)]
  0x000001e6311ffbe0 JavaThread "Monitor Deflation Thread" daemon [_thread_blocked, id=6436, stack(0x000000290e900000,0x000000290ea00000)]
  0x000001e631200980 JavaThread "C2 CompilerThread0" daemon [_thread_blocked, id=15548, stack(0x000000290ea00000,0x000000290eb00000)]
  0x000001e631202eb0 JavaThread "C1 CompilerThread0" daemon [_thread_blocked, id=9312, stack(0x000000290eb00000,0x000000290ec00000)]
  0x000001e631216dc0 JavaThread "Sweeper thread" daemon [_thread_blocked, id=12132, stack(0x000000290ec00000,0x000000290ed00000)]
  0x000001e63137caf0 JavaThread "Notification Thread" daemon [_thread_blocked, id=14128, stack(0x000000290ed00000,0x000000290ee00000)]
  0x000001e63138d8b0 JavaThread "Common-Cleaner" daemon [_thread_blocked, id=8796, stack(0x000000290ef00000,0x000000290f000000)]
  0x000001e63140d7d0 JavaThread "C2 CompilerThread1" daemon [_thread_blocked, id=11356, stack(0x000000290f000000,0x000000290f100000)]
  0x000001e63639d910 JavaThread "C2 CompilerThread2" daemon [_thread_blocked, id=16080, stack(0x000000290f900000,0x000000290fa00000)]

Other Threads:
=>0x000001e631082940 VMThread "VM Thread" [stack: 0x000000290e300000,0x000000290e400000] [id=16268]
  0x000001e63137cfd0 WatcherThread [stack: 0x000000290ee00000,0x000000290ef00000] [id=2268]
  0x000001e6173f82b0 GCTaskThread "GC Thread#0" [stack: 0x000000290de00000,0x000000290df00000] [id=12560]
  0x000001e631a69ea0 GCTaskThread "GC Thread#1" [stack: 0x000000290f100000,0x000000290f200000] [id=11580]
  0x000001e631a6a160 GCTaskThread "GC Thread#2" [stack: 0x000000290f200000,0x000000290f300000] [id=9448]
  0x000001e631acc1c0 GCTaskThread "GC Thread#3" [stack: 0x000000290f300000,0x000000290f400000] [id=9360]
  0x000001e631ae5730 GCTaskThread "GC Thread#4" [stack: 0x000000290f400000,0x000000290f500000] [id=12492]
  0x000001e636057cc0 GCTaskThread "GC Thread#5" [stack: 0x000000290f500000,0x000000290f600000] [id=16180]
  0x000001e631e8b050 GCTaskThread "GC Thread#6" [stack: 0x000000290f600000,0x000000290f700000] [id=8844]
  0x000001e631e8b310 GCTaskThread "GC Thread#7" [stack: 0x000000290f700000,0x000000290f800000] [id=15744]
  0x000001e617409c90 ConcurrentGCThread "G1 Main Marker" [stack: 0x000000290df00000,0x000000290e000000] [id=10464]
  0x000001e61740a6b0 ConcurrentGCThread "G1 Conc#0" [stack: 0x000000290e000000,0x000000290e100000] [id=15600]
  0x000001e631e28d40 ConcurrentGCThread "G1 Conc#1" [stack: 0x000000290f800000,0x000000290f900000] [id=9672]
  0x000001e61744de00 ConcurrentGCThread "G1 Refine#0" [stack: 0x000000290e100000,0x000000290e200000] [id=10832]
  0x000001e63639afb0 ConcurrentGCThread "G1 Refine#1" [stack: 0x000000290fa00000,0x000000290fb00000] [id=14516]
  0x000001e636d2fe60 ConcurrentGCThread "G1 Refine#2" [stack: 0x000000290fb00000,0x000000290fc00000] [id=13712]
  0x000001e636d30440 ConcurrentGCThread "G1 Refine#3" [stack: 0x000000290fc00000,0x000000290fd00000] [id=15768]
  0x000001e61744e830 ConcurrentGCThread "G1 Service" [stack: 0x000000290e200000,0x000000290e300000] [id=13592]

Threads with active compile tasks:
C2 CompilerThread0     5729 7245   !   4       org.jetbrains.kotlin.metadata.ProtoBuf$Function::<init> (1410 bytes)
C1 CompilerThread0     5729 7325   !   3       org.jetbrains.kotlin.fir.analysis.collectors.AbstractDiagnosticCollectorVisitor::visitElement (378 bytes)
C2 CompilerThread1     5729 7115   !   4       jdk.internal.loader.BuiltinClassLoader::findClassOnClassPathOrNull (64 bytes)
C2 CompilerThread2     5729 7152       4       org.jetbrains.kotlin.metadata.jvm.deserialization.ClassMapperLite::mapClass (58 bytes)

VM state: at safepoint (normal execution)

VM Mutex/Monitor currently owned by a thread:  ([mutex/lock_event])
[0x000001e61739bcc0] Threads_lock - owner thread: 0x000001e631082940
[0x000001e61739b3c0] Heap_lock - owner thread: 0x000001e61739e760

Heap address: 0x0000000082c00000, size: 2004 MB, Compressed Oops mode: 32-bit

CDS archive(s) not mapped
Compressed class space mapped at: 0x0000000100000000-0x0000000140000000, reserved size: 1073741824
Narrow klass base: 0x0000000000000000, Narrow klass shift: 3, Narrow klass range: 0x140000000

GC Precious Log:
 CPUs: 8 total, 8 available
 Memory: 8008M
 Large Page Support: Disabled
 NUMA Support: Disabled
 Compressed Oops: Enabled (32-bit)
 Heap Region Size: 1M
 Heap Min Capacity: 8M
 Heap Initial Capacity: 126M
 Heap Max Capacity: 2004M
 Pre-touch: Disabled
 Parallel Workers: 8
 Concurrent Workers: 2
 Concurrent Refinement Workers: 8
 Periodic GC: Disabled

Heap:
 garbage-first heap   total 147456K, used 75741K [0x0000000082c00000, 0x0000000100000000)
  region size 1024K, 6 young (6144K), 6 survivors (6144K)
 Metaspace       used 58186K, committed 58432K, reserved 1114112K
  class space    used 6642K, committed 6720K, reserved 1048576K

Heap Regions: E=young(eden), S=young(survivor), O=old, HS=humongous(starts), HC=humongous(continues), CS=collection set, F=free, OA=open archive, CA=closed archive, TAMS=top-at-mark-start (previous, next)
|   0|0x0000000082c00000, 0x0000000082d00000, 0x0000000082d00000|100%|HS|  |TAMS 0x0000000082d00000, 0x0000000082c00000| Complete 
|   1|0x0000000082d00000, 0x0000000082e00000, 0x0000000082e00000|100%|HC|  |TAMS 0x0000000082e00000, 0x0000000082d00000| Complete 
|   2|0x0000000082e00000, 0x0000000082f00000, 0x0000000082f00000|100%|HC|  |TAMS 0x0000000082f00000, 0x0000000082e00000| Complete 
|   3|0x0000000082f00000, 0x0000000083000000, 0x0000000083000000|100%| O|  |TAMS 0x0000000083000000, 0x0000000082f00000| Untracked 
|   4|0x0000000083000000, 0x0000000083100000, 0x0000000083100000|100%| O|  |TAMS 0x0000000083100000, 0x0000000083000000| Untracked 
|   5|0x0000000083100000, 0x0000000083200000, 0x0000000083200000|100%| O|  |TAMS 0x0000000083100000, 0x0000000083100000| Untracked 
|   6|0x0000000083200000, 0x0000000083300000, 0x0000000083300000|100%| O|  |TAMS 0x0000000083300000, 0x0000000083200000| Untracked 
|   7|0x0000000083300000, 0x0000000083400000, 0x0000000083400000|100%| O|  |TAMS 0x0000000083300000, 0x0000000083300000| Untracked 
|   8|0x0000000083400000, 0x0000000083500000, 0x0000000083500000|100%| O|  |TAMS 0x0000000083500000, 0x0000000083400000| Untracked 
|   9|0x0000000083500000, 0x0000000083600000, 0x0000000083600000|100%| O|  |TAMS 0x00000000835a6600, 0x0000000083500000| Untracked 
|  10|0x0000000083600000, 0x0000000083700000, 0x0000000083700000|100%| O|  |TAMS 0x0000000083600000, 0x0000000083600000| Untracked 
|  11|0x0000000083700000, 0x0000000083800000, 0x0000000083800000|100%| O|  |TAMS 0x0000000083800000, 0x0000000083700000| Untracked 
|  12|0x0000000083800000, 0x0000000083900000, 0x0000000083900000|100%| O|  |TAMS 0x0000000083900000, 0x0000000083800000| Untracked 
|  13|0x0000000083900000, 0x0000000083a00000, 0x0000000083a00000|100%| O|  |TAMS 0x0000000083a00000, 0x0000000083900000| Untracked 
|  14|0x0000000083a00000, 0x0000000083b00000, 0x0000000083b00000|100%| O|  |TAMS 0x0000000083b00000, 0x0000000083a00000| Untracked 
|  15|0x0000000083b00000, 0x0000000083c00000, 0x0000000083c00000|100%| O|  |TAMS 0x0000000083c00000, 0x0000000083b00000| Untracked 
|  16|0x0000000083c00000, 0x0000000083d00000, 0x0000000083d00000|100%| O|  |TAMS 0x0000000083d00000, 0x0000000083c00000| Untracked 
|  17|0x0000000083d00000, 0x0000000083e00000, 0x0000000083e00000|100%| O|  |TAMS 0x0000000083e00000, 0x0000000083d00000| Untracked 
|  18|0x0000000083e00000, 0x0000000083f00000, 0x0000000083f00000|100%| O|  |TAMS 0x0000000083f00000, 0x0000000083e00000| Untracked 
|  19|0x0000000083f00000, 0x0000000084000000, 0x0000000084000000|100%| O|  |TAMS 0x0000000083f00000, 0x0000000083f00000| Untracked 
|  20|0x0000000084000000, 0x0000000084100000, 0x0000000084100000|100%| O|  |TAMS 0x0000000084000000, 0x0000000084000000| Untracked 
|  21|0x0000000084100000, 0x0000000084200000, 0x0000000084200000|100%| O|  |TAMS 0x0000000084100000, 0x0000000084100000| Untracked 
|  22|0x0000000084200000, 0x0000000084300000, 0x0000000084300000|100%|HS|  |TAMS 0x0000000084200000, 0x0000000084200000| Complete 
|  23|0x0000000084300000, 0x0000000084400000, 0x0000000084400000|100%| O|  |TAMS 0x0000000084300000, 0x0000000084300000| Untracked 
|  24|0x0000000084400000, 0x0000000084500000, 0x0000000084500000|100%| O|  |TAMS 0x0000000084400000, 0x0000000084400000| Untracked 
|  25|0x0000000084500000, 0x0000000084600000, 0x0000000084600000|100%| O|  |TAMS 0x0000000084500000, 0x0000000084500000| Untracked 
|  26|0x0000000084600000, 0x0000000084700000, 0x0000000084700000|100%| O|  |TAMS 0x0000000084600000, 0x0000000084600000| Untracked 
|  27|0x0000000084700000, 0x0000000084800000, 0x0000000084800000|100%| O|  |TAMS 0x0000000084700000, 0x0000000084700000| Untracked 
|  28|0x0000000084800000, 0x0000000084900000, 0x0000000084900000|100%| O|  |TAMS 0x0000000084800000, 0x0000000084800000| Untracked 
|  29|0x0000000084900000, 0x0000000084a00000, 0x0000000084a00000|100%| O|  |TAMS 0x0000000084900000, 0x0000000084900000| Untracked 
|  30|0x0000000084a00000, 0x0000000084b00000, 0x0000000084b00000|100%| O|  |TAMS 0x0000000084a00000, 0x0000000084a00000| Untracked 
|  31|0x0000000084b00000, 0x0000000084c00000, 0x0000000084c00000|100%| O|  |TAMS 0x0000000084b00000, 0x0000000084b00000| Untracked 
|  32|0x0000000084c00000, 0x0000000084d00000, 0x0000000084d00000|100%| O|  |TAMS 0x0000000084c00000, 0x0000000084c00000| Untracked 
|  33|0x0000000084d00000, 0x0000000084e00000, 0x0000000084e00000|100%| O|  |TAMS 0x0000000084d00000, 0x0000000084d00000| Untracked 
|  34|0x0000000084e00000, 0x0000000084f00000, 0x0000000084f00000|100%| O|  |TAMS 0x0000000084e00000, 0x0000000084e00000| Untracked 
|  35|0x0000000084f00000, 0x0000000085000000, 0x0000000085000000|100%| O|  |TAMS 0x0000000084f00000, 0x0000000084f00000| Untracked 
|  36|0x0000000085000000, 0x0000000085100000, 0x0000000085100000|100%| O|  |TAMS 0x0000000085000000, 0x0000000085000000| Untracked 
|  37|0x0000000085100000, 0x0000000085200000, 0x0000000085200000|100%| O|  |TAMS 0x0000000085100000, 0x0000000085100000| Untracked 
|  38|0x0000000085200000, 0x0000000085300000, 0x0000000085300000|100%| O|  |TAMS 0x0000000085200000, 0x0000000085200000| Untracked 
|  39|0x0000000085300000, 0x0000000085400000, 0x0000000085400000|100%| O|  |TAMS 0x0000000085300000, 0x0000000085300000| Untracked 
|  40|0x0000000085400000, 0x0000000085500000, 0x0000000085500000|100%| O|  |TAMS 0x0000000085400000, 0x0000000085400000| Untracked 
|  41|0x0000000085500000, 0x0000000085600000, 0x0000000085600000|100%| O|  |TAMS 0x0000000085500000, 0x0000000085500000| Untracked 
|  42|0x0000000085600000, 0x0000000085700000, 0x0000000085700000|100%| O|  |TAMS 0x0000000085600000, 0x0000000085600000| Untracked 
|  43|0x0000000085700000, 0x0000000085800000, 0x0000000085800000|100%| O|  |TAMS 0x0000000085700000, 0x0000000085700000| Untracked 
|  44|0x0000000085800000, 0x0000000085900000, 0x0000000085900000|100%| O|  |TAMS 0x0000000085800000, 0x0000000085800000| Untracked 
|  45|0x0000000085900000, 0x0000000085a00000, 0x0000000085a00000|100%| O|  |TAMS 0x0000000085900000, 0x0000000085900000| Untracked 
|  46|0x0000000085a00000, 0x0000000085b00000, 0x0000000085b00000|100%| O|  |TAMS 0x0000000085a00000, 0x0000000085a00000| Untracked 
|  47|0x0000000085b00000, 0x0000000085c00000, 0x0000000085c00000|100%| O|  |TAMS 0x0000000085b00000, 0x0000000085b00000| Untracked 
|  48|0x0000000085c00000, 0x0000000085d00000, 0x0000000085d00000|100%| O|  |TAMS 0x0000000085c00000, 0x0000000085c00000| Untracked 
|  49|0x0000000085d00000, 0x0000000085e00000, 0x0000000085e00000|100%| O|  |TAMS 0x0000000085d00000, 0x0000000085d00000| Untracked 
|  50|0x0000000085e00000, 0x0000000085f00000, 0x0000000085f00000|100%| O|  |TAMS 0x0000000085e00000, 0x0000000085e00000| Untracked 
|  51|0x0000000085f00000, 0x0000000086000000, 0x0000000086000000|100%| O|  |TAMS 0x0000000085f00000, 0x0000000085f00000| Untracked 
|  52|0x0000000086000000, 0x0000000086100000, 0x0000000086100000|100%| O|  |TAMS 0x0000000086000000, 0x0000000086000000| Untracked 
|  53|0x0000000086100000, 0x0000000086200000, 0x0000000086200000|100%| O|  |TAMS 0x0000000086100000, 0x0000000086100000| Untracked 
|  54|0x0000000086200000, 0x0000000086300000, 0x0000000086300000|100%| O|  |TAMS 0x0000000086200000, 0x0000000086200000| Untracked 
|  55|0x0000000086300000, 0x0000000086400000, 0x0000000086400000|100%| O|  |TAMS 0x0000000086300000, 0x0000000086300000| Untracked 
|  56|0x0000000086400000, 0x0000000086500000, 0x0000000086500000|100%| O|  |TAMS 0x0000000086400000, 0x0000000086400000| Untracked 
|  57|0x0000000086500000, 0x0000000086600000, 0x0000000086600000|100%| O|  |TAMS 0x0000000086500000, 0x0000000086500000| Untracked 
|  58|0x0000000086600000, 0x0000000086700000, 0x0000000086700000|100%| O|  |TAMS 0x0000000086600000, 0x0000000086600000| Untracked 
|  59|0x0000000086700000, 0x0000000086800000, 0x0000000086800000|100%| O|  |TAMS 0x0000000086700000, 0x0000000086700000| Untracked 
|  60|0x0000000086800000, 0x0000000086900000, 0x0000000086900000|100%| O|  |TAMS 0x0000000086800000, 0x0000000086800000| Untracked 
|  61|0x0000000086900000, 0x0000000086a00000, 0x0000000086a00000|100%| O|  |TAMS 0x0000000086900000, 0x0000000086900000| Untracked 
|  62|0x0000000086a00000, 0x0000000086b00000, 0x0000000086b00000|100%| O|  |TAMS 0x0000000086a00000, 0x0000000086a00000| Untracked 
|  63|0x0000000086b00000, 0x0000000086c00000, 0x0000000086c00000|100%| O|  |TAMS 0x0000000086b00000, 0x0000000086b00000| Untracked 
|  64|0x0000000086c00000, 0x0000000086d00000, 0x0000000086d00000|100%| O|  |TAMS 0x0000000086c00000, 0x0000000086c00000| Untracked 
|  65|0x0000000086d00000, 0x0000000086e00000, 0x0000000086e00000|100%| O|  |TAMS 0x0000000086d00000, 0x0000000086d00000| Untracked 
|  66|0x0000000086e00000, 0x0000000086f00000, 0x0000000086f00000|100%| O|  |TAMS 0x0000000086e00000, 0x0000000086e00000| Untracked 
|  67|0x0000000086f00000, 0x0000000087000000, 0x0000000087000000|100%| O|  |TAMS 0x0000000086f00000, 0x0000000086f00000| Untracked 
|  68|0x0000000087000000, 0x0000000087080000, 0x0000000087100000| 50%| O|  |TAMS 0x0000000087000000, 0x0000000087000000| Untracked 
|  69|0x0000000087100000, 0x0000000087100000, 0x0000000087200000|  0%| F|  |TAMS 0x0000000087100000, 0x0000000087100000| Untracked 
|  70|0x0000000087200000, 0x0000000087200000, 0x0000000087300000|  0%| F|  |TAMS 0x0000000087200000, 0x0000000087200000| Untracked 
|  71|0x0000000087300000, 0x0000000087300000, 0x0000000087400000|  0%| F|  |TAMS 0x0000000087300000, 0x0000000087300000| Untracked 
|  72|0x0000000087400000, 0x0000000087400000, 0x0000000087500000|  0%| F|  |TAMS 0x0000000087400000, 0x0000000087400000| Untracked 
|  73|0x0000000087500000, 0x0000000087500000, 0x0000000087600000|  0%| F|  |TAMS 0x0000000087500000, 0x0000000087500000| Untracked 
|  74|0x0000000087600000, 0x0000000087600000, 0x0000000087700000|  0%| F|  |TAMS 0x0000000087600000, 0x0000000087600000| Untracked 
|  75|0x0000000087700000, 0x0000000087700000, 0x0000000087800000|  0%| F|  |TAMS 0x0000000087700000, 0x0000000087700000| Untracked 
|  76|0x0000000087800000, 0x0000000087800000, 0x0000000087900000|  0%| F|  |TAMS 0x0000000087800000, 0x0000000087800000| Untracked 
|  77|0x0000000087900000, 0x0000000087900000, 0x0000000087a00000|  0%| F|  |TAMS 0x0000000087900000, 0x0000000087900000| Untracked 
|  78|0x0000000087a00000, 0x0000000087a00000, 0x0000000087b00000|  0%| F|  |TAMS 0x0000000087a00000, 0x0000000087a00000| Untracked 
|  79|0x0000000087b00000, 0x0000000087b00000, 0x0000000087c00000|  0%| F|  |TAMS 0x0000000087b00000, 0x0000000087b00000| Untracked 
|  80|0x0000000087c00000, 0x0000000087c00000, 0x0000000087d00000|  0%| F|  |TAMS 0x0000000087c00000, 0x0000000087c00000| Untracked 
|  81|0x0000000087d00000, 0x0000000087d00000, 0x0000000087e00000|  0%| F|  |TAMS 0x0000000087d00000, 0x0000000087d00000| Untracked 
|  82|0x0000000087e00000, 0x0000000087e00000, 0x0000000087f00000|  0%| F|  |TAMS 0x0000000087e00000, 0x0000000087e00000| Untracked 
|  83|0x0000000087f00000, 0x0000000087f00000, 0x0000000088000000|  0%| F|  |TAMS 0x0000000087f00000, 0x0000000087f00000| Untracked 
|  84|0x0000000088000000, 0x0000000088000000, 0x0000000088100000|  0%| F|  |TAMS 0x0000000088000000, 0x0000000088000000| Untracked 
|  85|0x0000000088100000, 0x0000000088100000, 0x0000000088200000|  0%| F|  |TAMS 0x0000000088100000, 0x0000000088100000| Untracked 
|  86|0x0000000088200000, 0x0000000088200000, 0x0000000088300000|  0%| F|  |TAMS 0x0000000088200000, 0x0000000088200000| Untracked 
|  87|0x0000000088300000, 0x0000000088300000, 0x0000000088400000|  0%| F|  |TAMS 0x0000000088300000, 0x0000000088300000| Untracked 
|  88|0x0000000088400000, 0x0000000088400000, 0x0000000088500000|  0%| F|  |TAMS 0x0000000088400000, 0x0000000088400000| Untracked 
|  89|0x0000000088500000, 0x0000000088500000, 0x0000000088600000|  0%| F|  |TAMS 0x0000000088500000, 0x0000000088500000| Untracked 
|  90|0x0000000088600000, 0x0000000088600000, 0x0000000088700000|  0%| F|  |TAMS 0x0000000088600000, 0x0000000088600000| Untracked 
|  91|0x0000000088700000, 0x0000000088700000, 0x0000000088800000|  0%| F|  |TAMS 0x0000000088700000, 0x0000000088700000| Untracked 
|  92|0x0000000088800000, 0x0000000088800000, 0x0000000088900000|  0%| F|  |TAMS 0x0000000088800000, 0x0000000088800000| Untracked 
|  93|0x0000000088900000, 0x0000000088900000, 0x0000000088a00000|  0%| F|  |TAMS 0x0000000088900000, 0x0000000088900000| Untracked 
|  94|0x0000000088a00000, 0x0000000088a00000, 0x0000000088b00000|  0%| F|  |TAMS 0x0000000088a00000, 0x0000000088a00000| Untracked 
|  95|0x0000000088b00000, 0x0000000088b00000, 0x0000000088c00000|  0%| F|  |TAMS 0x0000000088b00000, 0x0000000088b00000| Untracked 
|  96|0x0000000088c00000, 0x0000000088c00000, 0x0000000088d00000|  0%| F|  |TAMS 0x0000000088c00000, 0x0000000088c00000| Untracked 
|  97|0x0000000088d00000, 0x0000000088d00000, 0x0000000088e00000|  0%| F|  |TAMS 0x0000000088d00000, 0x0000000088d00000| Untracked 
|  98|0x0000000088e00000, 0x0000000088e77450, 0x0000000088f00000| 46%| S|CS|TAMS 0x0000000088e00000, 0x0000000088e00000| Complete 
|  99|0x0000000088f00000, 0x0000000089000000, 0x0000000089000000|100%| S|CS|TAMS 0x0000000088f00000, 0x0000000088f00000| Complete 
| 100|0x0000000089000000, 0x0000000089100000, 0x0000000089100000|100%| S|CS|TAMS 0x0000000089000000, 0x0000000089000000| Complete 
| 101|0x0000000089100000, 0x0000000089200000, 0x0000000089200000|100%| S|CS|TAMS 0x0000000089100000, 0x0000000089100000| Complete 
| 102|0x0000000089200000, 0x0000000089300000, 0x0000000089300000|100%| S|CS|TAMS 0x0000000089200000, 0x0000000089200000| Complete 
| 103|0x0000000089300000, 0x0000000089400000, 0x0000000089400000|100%| S|CS|TAMS 0x0000000089300000, 0x0000000089300000| Complete 
| 104|0x0000000089400000, 0x0000000089400000, 0x0000000089500000|  0%| F|  |TAMS 0x0000000089400000, 0x0000000089400000| Untracked 
| 105|0x0000000089500000, 0x0000000089500000, 0x0000000089600000|  0%| F|  |TAMS 0x0000000089500000, 0x0000000089500000| Untracked 
| 106|0x0000000089600000, 0x0000000089600000, 0x0000000089700000|  0%| F|  |TAMS 0x0000000089600000, 0x0000000089600000| Untracked 
| 107|0x0000000089700000, 0x0000000089700000, 0x0000000089800000|  0%| F|  |TAMS 0x0000000089700000, 0x0000000089700000| Untracked 
| 108|0x0000000089800000, 0x0000000089800000, 0x0000000089900000|  0%| F|  |TAMS 0x0000000089800000, 0x0000000089800000| Untracked 
| 109|0x0000000089900000, 0x0000000089900000, 0x0000000089a00000|  0%| F|  |TAMS 0x0000000089900000, 0x0000000089900000| Untracked 
| 110|0x0000000089a00000, 0x0000000089a00000, 0x0000000089b00000|  0%| F|  |TAMS 0x0000000089a00000, 0x0000000089a00000| Untracked 
| 111|0x0000000089b00000, 0x0000000089b00000, 0x0000000089c00000|  0%| F|  |TAMS 0x0000000089b00000, 0x0000000089b00000| Untracked 
| 112|0x0000000089c00000, 0x0000000089c00000, 0x0000000089d00000|  0%| F|  |TAMS 0x0000000089c00000, 0x0000000089c00000| Untracked 
| 113|0x0000000089d00000, 0x0000000089d00000, 0x0000000089e00000|  0%| F|  |TAMS 0x0000000089d00000, 0x0000000089d00000| Untracked 
| 114|0x0000000089e00000, 0x0000000089e00000, 0x0000000089f00000|  0%| F|  |TAMS 0x0000000089e00000, 0x0000000089e00000| Untracked 
| 115|0x0000000089f00000, 0x0000000089f00000, 0x000000008a000000|  0%| F|  |TAMS 0x0000000089f00000, 0x0000000089f00000| Untracked 
| 116|0x000000008a000000, 0x000000008a000000, 0x000000008a100000|  0%| F|  |TAMS 0x000000008a000000, 0x000000008a000000| Untracked 
| 117|0x000000008a100000, 0x000000008a100000, 0x000000008a200000|  0%| F|  |TAMS 0x000000008a100000, 0x000000008a100000| Untracked 
| 118|0x000000008a200000, 0x000000008a200000, 0x000000008a300000|  0%| F|  |TAMS 0x000000008a200000, 0x000000008a200000| Untracked 
| 119|0x000000008a300000, 0x000000008a300000, 0x000000008a400000|  0%| F|  |TAMS 0x000000008a300000, 0x000000008a300000| Untracked 
| 120|0x000000008a400000, 0x000000008a400000, 0x000000008a500000|  0%| F|  |TAMS 0x000000008a400000, 0x000000008a400000| Untracked 
| 121|0x000000008a500000, 0x000000008a500000, 0x000000008a600000|  0%| F|  |TAMS 0x000000008a500000, 0x000000008a500000| Untracked 
| 122|0x000000008a600000, 0x000000008a600000, 0x000000008a700000|  0%| F|  |TAMS 0x000000008a600000, 0x000000008a600000| Untracked 
| 123|0x000000008a700000, 0x000000008a700000, 0x000000008a800000|  0%| F|  |TAMS 0x000000008a700000, 0x000000008a700000| Untracked 
| 124|0x000000008a800000, 0x000000008a800000, 0x000000008a900000|  0%| F|  |TAMS 0x000000008a800000, 0x000000008a800000| Untracked 
| 125|0x000000008a900000, 0x000000008a900000, 0x000000008aa00000|  0%| F|  |TAMS 0x000000008a900000, 0x000000008a900000| Untracked 
| 126|0x000000008aa00000, 0x000000008aa00000, 0x000000008ab00000|  0%| F|  |TAMS 0x000000008aa00000, 0x000000008aa00000| Untracked 
| 127|0x000000008ab00000, 0x000000008ab00000, 0x000000008ac00000|  0%| F|  |TAMS 0x000000008ab00000, 0x000000008ab00000| Untracked 
| 128|0x000000008ac00000, 0x000000008ac00000, 0x000000008ad00000|  0%| F|  |TAMS 0x000000008ac00000, 0x000000008ac00000| Untracked 
| 129|0x000000008ad00000, 0x000000008ad00000, 0x000000008ae00000|  0%| F|  |TAMS 0x000000008ad00000, 0x000000008ad00000| Untracked 
| 130|0x000000008ae00000, 0x000000008ae00000, 0x000000008af00000|  0%| F|  |TAMS 0x000000008ae00000, 0x000000008ae00000| Untracked 
| 131|0x000000008af00000, 0x000000008af00000, 0x000000008b000000|  0%| F|  |TAMS 0x000000008af00000, 0x000000008af00000| Untracked 
| 132|0x000000008b000000, 0x000000008b000000, 0x000000008b100000|  0%| F|  |TAMS 0x000000008b000000, 0x000000008b000000| Untracked 
| 133|0x000000008b100000, 0x000000008b100000, 0x000000008b200000|  0%| F|  |TAMS 0x000000008b100000, 0x000000008b100000| Untracked 
| 134|0x000000008b200000, 0x000000008b200000, 0x000000008b300000|  0%| F|  |TAMS 0x000000008b200000, 0x000000008b200000| Untracked 
| 135|0x000000008b300000, 0x000000008b300000, 0x000000008b400000|  0%| F|  |TAMS 0x000000008b300000, 0x000000008b300000| Untracked 
| 136|0x000000008b400000, 0x000000008b400000, 0x000000008b500000|  0%| F|  |TAMS 0x000000008b400000, 0x000000008b400000| Untracked 
| 137|0x000000008b500000, 0x000000008b500000, 0x000000008b600000|  0%| F|  |TAMS 0x000000008b500000, 0x000000008b500000| Untracked 
| 138|0x000000008b600000, 0x000000008b600000, 0x000000008b700000|  0%| F|  |TAMS 0x000000008b600000, 0x000000008b600000| Untracked 
| 139|0x000000008b700000, 0x000000008b700000, 0x000000008b800000|  0%| F|  |TAMS 0x000000008b700000, 0x000000008b700000| Untracked 
| 140|0x000000008b800000, 0x000000008b800000, 0x000000008b900000|  0%| F|  |TAMS 0x000000008b800000, 0x000000008b800000| Untracked 
| 141|0x000000008b900000, 0x000000008b900000, 0x000000008ba00000|  0%| F|  |TAMS 0x000000008b900000, 0x000000008b900000| Untracked 
| 142|0x000000008ba00000, 0x000000008ba00000, 0x000000008bb00000|  0%| F|  |TAMS 0x000000008ba00000, 0x000000008ba00000| Untracked 
| 143|0x000000008bb00000, 0x000000008bb00000, 0x000000008bc00000|  0%| F|  |TAMS 0x000000008bb00000, 0x000000008bb00000| Untracked 

Card table byte_map: [0x000001e629f90000,0x000001e62a380000] _byte_map_base: 0x000001e629b7a000

Marking Bits (Prev, Next): (CMBitMap*) 0x000001e6173f9920, (CMBitMap*) 0x000001e6173f98e0
 Prev Bits: [0x000001e62c6c0000, 0x000001e62e610000)
 Next Bits: [0x000001e62a770000, 0x000001e62c6c0000)

Polling page: 0x000001e616b50000

Metaspace:

Usage:
  Non-class:     50.34 MB used.
      Class:      6.49 MB used.
       Both:     56.82 MB used.

Virtual space:
  Non-class space:       64.00 MB reserved,      50.50 MB ( 79%) committed,  1 nodes.
      Class space:        1.00 GB reserved,       6.56 MB ( <1%) committed,  1 nodes.
             Both:        1.06 GB reserved,      57.06 MB (  5%) committed. 

Chunk freelists:
   Non-Class:  12.98 MB
       Class:  9.31 MB
        Both:  22.30 MB

MaxMetaspaceSize: unlimited
CompressedClassSpaceSize: 1.00 GB
Initial GC threshold: 21.00 MB
Current GC threshold: 73.38 MB
CDS: off
MetaspaceReclaimPolicy: balanced
 - commit_granule_bytes: 65536.
 - commit_granule_words: 8192.
 - virtual_space_node_default_size: 8388608.
 - enlarge_chunks_in_place: 1.
 - new_chunks_are_fully_committed: 0.
 - uncommit_free_chunks: 1.
 - use_allocation_guard: 0.
 - handle_deallocations: 1.


Internal statistics:

num_allocs_failed_limit: 6.
num_arena_births: 278.
num_arena_deaths: 0.
num_vsnodes_births: 2.
num_vsnodes_deaths: 0.
num_space_committed: 912.
num_space_uncommitted: 0.
num_chunks_returned_to_freelist: 6.
num_chunks_taken_from_freelist: 2073.
num_chunk_merges: 6.
num_chunk_splits: 1674.
num_chunks_enlarged: 1516.
num_inconsistent_stats: 0.

CodeHeap 'non-profiled nmethods': size=120000Kb used=3665Kb max_used=3665Kb free=116334Kb
 bounds [0x000001e622340000, 0x000001e6226e0000, 0x000001e629870000]
CodeHeap 'profiled nmethods': size=120000Kb used=20200Kb max_used=20200Kb free=99799Kb
 bounds [0x000001e61a870000, 0x000001e61bc30000, 0x000001e621da0000]
CodeHeap 'non-nmethods': size=5760Kb used=1330Kb max_used=1412Kb free=4429Kb
 bounds [0x000001e621da0000, 0x000001e622010000, 0x000001e622340000]
 total_blobs=7183 nmethods=6530 adapters=563
 compilation: enabled
              stopped_count=0, restarted_count=0
 full_count=0

Compilation events (20 events):
Event: 5.683 Thread 0x000001e631202eb0 nmethod 7315 0x000001e61bc25210 code [0x000001e61bc253a0, 0x000001e61bc254b8]
Event: 5.683 Thread 0x000001e631202eb0 7317       3       org.jetbrains.kotlin.fir.analysis.checkers.expression.FirOptInUsageBaseChecker::loadClassLikeSpecificExperimentalities (86 bytes)
Event: 5.684 Thread 0x000001e631202eb0 nmethod 7317 0x000001e61bc25590 code [0x000001e61bc258c0, 0x000001e61bc26f18]
Event: 5.684 Thread 0x000001e631202eb0 7316       3       org.jetbrains.kotlin.fir.references.FirControlFlowGraphReference::accept (13 bytes)
Event: 5.685 Thread 0x000001e631202eb0 nmethod 7316 0x000001e61bc27510 code [0x000001e61bc27720, 0x000001e61bc27da8]
Event: 5.685 Thread 0x000001e631202eb0 7319       3       org.jetbrains.kotlin.com.intellij.openapi.vfs.local.CoreLocalVirtualFile::getName (17 bytes)
Event: 5.685 Thread 0x000001e631202eb0 nmethod 7319 0x000001e61bc28010 code [0x000001e61bc281c0, 0x000001e61bc28378]
Event: 5.685 Thread 0x000001e631202eb0 7320       3       org.jetbrains.kotlin.com.intellij.openapi.util.io.NioFiles::getFileName (38 bytes)
Event: 5.686 Thread 0x000001e631202eb0 nmethod 7320 0x000001e61bc28410 code [0x000001e61bc285e0, 0x000001e61bc288e8]
Event: 5.686 Thread 0x000001e631202eb0 7321       3       kotlin.collections.ArraysKt___ArraysKt::filterNotNull (24 bytes)
Event: 5.686 Thread 0x000001e631202eb0 nmethod 7321 0x000001e61bc28a90 code [0x000001e61bc28ce0, 0x000001e61bc295c8]
Event: 5.686 Thread 0x000001e631202eb0 7318       3       org.jetbrains.kotlin.fir.declarations.FirAnnotationUtilsKt::toAnnotationClassId (30 bytes)
Event: 5.687 Thread 0x000001e631202eb0 nmethod 7318 0x000001e61bc29910 code [0x000001e61bc29be0, 0x000001e61bc2a8a8]
Event: 5.687 Thread 0x000001e631202eb0 7322       3       org.jetbrains.kotlin.fir.visitors.FirVisitor::visitFunctionCall (17 bytes)
Event: 5.687 Thread 0x000001e631202eb0 nmethod 7322 0x000001e61bc2ad10 code [0x000001e61bc2af20, 0x000001e61bc2b5a8]
Event: 5.687 Thread 0x000001e631202eb0 7323       1       org.jetbrains.kotlin.fir.expressions.impl.FirResolvedQualifierImpl::getTypeArguments-5e3fPpI (5 bytes)
Event: 5.687 Thread 0x000001e631202eb0 nmethod 7323 0x000001e6226d4110 code [0x000001e6226d42a0, 0x000001e6226d4378]
Event: 5.687 Thread 0x000001e631202eb0 7324       1       org.jetbrains.kotlin.fir.types.impl.FirImplicitBuiltinTypeRef::getSource (5 bytes)
Event: 5.687 Thread 0x000001e631202eb0 nmethod 7324 0x000001e6226d4410 code [0x000001e6226d45a0, 0x000001e6226d4678]
Event: 5.689 Thread 0x000001e631202eb0 7325   !   3       org.jetbrains.kotlin.fir.analysis.collectors.AbstractDiagnosticCollectorVisitor::visitElement (378 bytes)

GC Heap History (20 events):
Event: 1.171 GC heap after
{Heap after GC invocations=8 (full 0):
 garbage-first heap   total 31744K, used 16600K [0x0000000082c00000, 0x0000000100000000)
  region size 1024K, 1 young (1024K), 1 survivors (1024K)
 Metaspace       used 27522K, committed 27776K, reserved 1114112K
  class space    used 3014K, committed 3136K, reserved 1048576K
}
Event: 1.181 GC heap before
{Heap before GC invocations=8 (full 0):
 garbage-first heap   total 31744K, used 16600K [0x0000000082c00000, 0x0000000100000000)
  region size 1024K, 2 young (2048K), 1 survivors (1024K)
 Metaspace       used 27805K, committed 28032K, reserved 1114112K
  class space    used 3035K, committed 3136K, reserved 1048576K
}
Event: 1.185 GC heap after
{Heap after GC invocations=9 (full 0):
 garbage-first heap   total 80896K, used 16688K [0x0000000082c00000, 0x0000000100000000)
  region size 1024K, 1 young (1024K), 1 survivors (1024K)
 Metaspace       used 27805K, committed 28032K, reserved 1114112K
  class space    used 3035K, committed 3136K, reserved 1048576K
}
Event: 1.593 GC heap before
{Heap before GC invocations=9 (full 0):
 garbage-first heap   total 80896K, used 50480K [0x0000000082c00000, 0x0000000100000000)
  region size 1024K, 34 young (34816K), 1 survivors (1024K)
 Metaspace       used 36087K, committed 36352K, reserved 1114112K
  class space    used 4440K, committed 4544K, reserved 1048576K
}
Event: 1.598 GC heap after
{Heap after GC invocations=10 (full 0):
 garbage-first heap   total 80896K, used 18720K [0x0000000082c00000, 0x0000000100000000)
  region size 1024K, 3 young (3072K), 3 survivors (3072K)
 Metaspace       used 36087K, committed 36352K, reserved 1114112K
  class space    used 4440K, committed 4544K, reserved 1048576K
}
Event: 2.135 GC heap before
{Heap before GC invocations=10 (full 0):
 garbage-first heap   total 80896K, used 54560K [0x0000000082c00000, 0x0000000100000000)
  region size 1024K, 39 young (39936K), 3 survivors (3072K)
 Metaspace       used 44174K, committed 44416K, reserved 1114112K
  class space    used 5277K, committed 5376K, reserved 1048576K
}
Event: 2.145 GC heap after
{Heap after GC invocations=11 (full 0):
 garbage-first heap   total 80896K, used 22169K [0x0000000082c00000, 0x0000000100000000)
  region size 1024K, 5 young (5120K), 5 survivors (5120K)
 Metaspace       used 44174K, committed 44416K, reserved 1114112K
  class space    used 5277K, committed 5376K, reserved 1048576K
}
Event: 2.167 GC heap before
{Heap before GC invocations=11 (full 0):
 garbage-first heap   total 80896K, used 23193K [0x0000000082c00000, 0x0000000100000000)
  region size 1024K, 7 young (7168K), 5 survivors (5120K)
 Metaspace       used 44573K, committed 44800K, reserved 1114112K
  class space    used 5324K, committed 5440K, reserved 1048576K
}
Event: 2.173 GC heap after
{Heap after GC invocations=12 (full 0):
 garbage-first heap   total 80896K, used 23049K [0x0000000082c00000, 0x0000000100000000)
  region size 1024K, 1 young (1024K), 1 survivors (1024K)
 Metaspace       used 44573K, committed 44800K, reserved 1114112K
  class space    used 5324K, committed 5440K, reserved 1048576K
}
Event: 2.624 GC heap before
{Heap before GC invocations=13 (full 0):
 garbage-first heap   total 80896K, used 59913K [0x0000000082c00000, 0x0000000100000000)
  region size 1024K, 36 young (36864K), 1 survivors (1024K)
 Metaspace       used 47837K, committed 48064K, reserved 1114112K
  class space    used 5649K, committed 5760K, reserved 1048576K
}
Event: 2.634 GC heap after
{Heap after GC invocations=14 (full 0):
 garbage-first heap   total 80896K, used 31744K [0x0000000082c00000, 0x0000000100000000)
  region size 1024K, 5 young (5120K), 5 survivors (5120K)
 Metaspace       used 47837K, committed 48064K, reserved 1114112K
  class space    used 5649K, committed 5760K, reserved 1048576K
}
Event: 2.637 GC heap before
{Heap before GC invocations=14 (full 0):
 garbage-first heap   total 80896K, used 32768K [0x0000000082c00000, 0x0000000100000000)
  region size 1024K, 6 young (6144K), 5 survivors (5120K)
 Metaspace       used 47837K, committed 48064K, reserved 1114112K
  class space    used 5649K, committed 5760K, reserved 1048576K
}
Event: 2.649 GC heap after
{Heap after GC invocations=15 (full 0):
 garbage-first heap   total 147456K, used 32463K [0x0000000082c00000, 0x0000000100000000)
  region size 1024K, 1 young (1024K), 1 survivors (1024K)
 Metaspace       used 47837K, committed 48064K, reserved 1114112K
  class space    used 5649K, committed 5760K, reserved 1048576K
}
Event: 3.369 GC heap before
{Heap before GC invocations=15 (full 0):
 garbage-first heap   total 147456K, used 109263K [0x0000000082c00000, 0x0000000100000000)
  region size 1024K, 76 young (77824K), 1 survivors (1024K)
 Metaspace       used 52009K, committed 52224K, reserved 1114112K
  class space    used 6120K, committed 6208K, reserved 1048576K
}
Event: 3.391 GC heap after
{Heap after GC invocations=16 (full 0):
 garbage-first heap   total 147456K, used 51945K [0x0000000082c00000, 0x0000000100000000)
  region size 1024K, 10 young (10240K), 10 survivors (10240K)
 Metaspace       used 52009K, committed 52224K, reserved 1114112K
  class space    used 6120K, committed 6208K, reserved 1048576K
}
Event: 4.221 GC heap before
{Heap before GC invocations=16 (full 0):
 garbage-first heap   total 147456K, used 102121K [0x0000000082c00000, 0x0000000100000000)
  region size 1024K, 59 young (60416K), 10 survivors (10240K)
 Metaspace       used 54161K, committed 54400K, reserved 1114112K
  class space    used 6300K, committed 6400K, reserved 1048576K
}
Event: 4.238 GC heap after
{Heap after GC invocations=17 (full 0):
 garbage-first heap   total 147456K, used 60903K [0x0000000082c00000, 0x0000000100000000)
  region size 1024K, 8 young (8192K), 8 survivors (8192K)
 Metaspace       used 54161K, committed 54400K, reserved 1114112K
  class space    used 6300K, committed 6400K, reserved 1048576K
}
Event: 4.874 GC heap before
{Heap before GC invocations=17 (full 0):
 garbage-first heap   total 147456K, used 108007K [0x0000000082c00000, 0x0000000100000000)
  region size 1024K, 54 young (55296K), 8 survivors (8192K)
 Metaspace       used 55178K, committed 55424K, reserved 1114112K
  class space    used 6366K, committed 6464K, reserved 1048576K
}
Event: 4.895 GC heap after
{Heap after GC invocations=18 (full 0):
 garbage-first heap   total 147456K, used 69632K [0x0000000082c00000, 0x0000000100000000)
  region size 1024K, 7 young (7168K), 7 survivors (7168K)
 Metaspace       used 55178K, committed 55424K, reserved 1114112K
  class space    used 6366K, committed 6464K, reserved 1048576K
}
Event: 5.690 GC heap before
{Heap before GC invocations=18 (full 0):
 garbage-first heap   total 147456K, used 110592K [0x0000000082c00000, 0x0000000100000000)
  region size 1024K, 47 young (48128K), 7 survivors (7168K)
 Metaspace       used 58186K, committed 58432K, reserved 1114112K
  class space    used 6642K, committed 6720K, reserved 1048576K
}

Dll operation events (2 events):
Event: 0.008 Loaded shared library C:\Program Files\Android\Android Studio\jbr\bin\java.dll
Event: 0.834 Loaded shared library C:\Program Files\Android\Android Studio\jbr\bin\verify.dll

Deoptimization events (20 events):
Event: 5.584 Thread 0x000001e61739e760 Uncommon trap: trap_request=0xffffffde fr.pc=0x000001e622468b98 relative=0x00000000000001f8
Event: 5.584 Thread 0x000001e61739e760 Uncommon trap: reason=class_check action=maybe_recompile pc=0x000001e622468b98 method=org.jetbrains.kotlin.com.intellij.openapi.util.text.StringUtilRt.lastIndexOf(Ljava/lang/CharSequence;CII)I @ 17 c2
Event: 5.584 Thread 0x000001e61739e760 DEOPT PACKING pc=0x000001e622468b98 sp=0x000000290ddfcdc0
Event: 5.584 Thread 0x000001e61739e760 DEOPT UNPACKING pc=0x000001e621df69a3 sp=0x000000290ddfcd60 mode 2
Event: 5.585 Thread 0x000001e61739e760 Uncommon trap: trap_request=0xffffffde fr.pc=0x000001e6224d6dd4 relative=0x00000000000008f4
Event: 5.585 Thread 0x000001e61739e760 Uncommon trap: reason=class_check action=maybe_recompile pc=0x000001e6224d6dd4 method=org.jetbrains.kotlin.com.intellij.openapi.vfs.VirtualFile.getExtension()Ljava/lang/String; @ 1 c2
Event: 5.585 Thread 0x000001e61739e760 DEOPT PACKING pc=0x000001e6224d6dd4 sp=0x000000290ddfc460
Event: 5.585 Thread 0x000001e61739e760 DEOPT UNPACKING pc=0x000001e621df69a3 sp=0x000000290ddfc448 mode 2
Event: 5.585 Thread 0x000001e61739e760 Uncommon trap: trap_request=0xffffffde fr.pc=0x000001e6224e8c3c relative=0x000000000000039c
Event: 5.585 Thread 0x000001e61739e760 Uncommon trap: reason=class_check action=maybe_recompile pc=0x000001e6224e8c3c method=org.jetbrains.kotlin.com.intellij.openapi.util.io.FileUtilRt.getExtension(Ljava/lang/CharSequence;Ljava/lang/String;)Ljava/lang/CharSequence; @ 14 c2
Event: 5.585 Thread 0x000001e61739e760 DEOPT PACKING pc=0x000001e6224e8c3c sp=0x000000290ddfc400
Event: 5.585 Thread 0x000001e61739e760 DEOPT UNPACKING pc=0x000001e621df69a3 sp=0x000000290ddfc3b0 mode 2
Event: 5.585 Thread 0x000001e61739e760 Uncommon trap: trap_request=0xffffffde fr.pc=0x000001e622468b98 relative=0x00000000000001f8
Event: 5.585 Thread 0x000001e61739e760 Uncommon trap: reason=class_check action=maybe_recompile pc=0x000001e622468b98 method=org.jetbrains.kotlin.com.intellij.openapi.util.text.StringUtilRt.lastIndexOf(Ljava/lang/CharSequence;CII)I @ 17 c2
Event: 5.585 Thread 0x000001e61739e760 DEOPT PACKING pc=0x000001e622468b98 sp=0x000000290ddfc390
Event: 5.585 Thread 0x000001e61739e760 DEOPT UNPACKING pc=0x000001e621df69a3 sp=0x000000290ddfc330 mode 2
Event: 5.649 Thread 0x000001e61739e760 Uncommon trap: trap_request=0xfffffff4 fr.pc=0x000001e6224e9274 relative=0x00000000000001d4
Event: 5.649 Thread 0x000001e61739e760 Uncommon trap: reason=null_check action=make_not_entrant pc=0x000001e6224e9274 method=org.jetbrains.kotlin.name.FqName.equals(Ljava/lang/Object;)Z @ 8 c2
Event: 5.649 Thread 0x000001e61739e760 DEOPT PACKING pc=0x000001e6224e9274 sp=0x000000290ddfb530
Event: 5.649 Thread 0x000001e61739e760 DEOPT UNPACKING pc=0x000001e621df69a3 sp=0x000000290ddfb4b8 mode 2

Classes unloaded (0 events):
No events

Classes redefined (0 events):
No events

Internal exceptions (20 events):
Event: 2.236 Thread 0x000001e61739e760 Implicit null exception at 0x000001e6223bfe0f to 0x000001e6223c03ac
Event: 2.989 Thread 0x000001e61739e760 Exception <a 'java/lang/NoSuchMethodError'{0x0000000089586af8}: 'java.lang.Object java.lang.invoke.DirectMethodHandle$Holder.newInvokeSpecial(java.lang.Object, java.lang.Object, java.lang.Object, java.lang.Object, int, java.lang.Object, java.lang.Object)'> (0x0000000089586af8) 
thrown [s\src\hotspot\share\interpreter\linkResolver.cpp, line 771]
Event: 2.990 Thread 0x000001e61739e760 Exception <a 'java/lang/NoSuchMethodError'{0x000000008958fe48}: 'java.lang.Object java.lang.invoke.Invokers$Holder.linkToTargetMethod(java.lang.Object, java.lang.Object, java.lang.Object, int, java.lang.Object, java.lang.Object, java.lang.Object)'> (0x000000008958fe48) 
thrown [s\src\hotspot\share\interpreter\linkResolver.cpp, line 771]
Event: 3.230 Thread 0x000001e61739e760 Exception <a 'java/lang/NoSuchMethodError'{0x00000000880cc870}: 'java.lang.Object java.lang.invoke.DirectMethodHandle$Holder.invokeStatic(java.lang.Object, java.lang.Object, java.lang.Object, java.lang.Object, int)'> (0x00000000880cc870) 
thrown [s\src\hotspot\share\interpreter\linkResolver.cpp, line 771]
Event: 3.231 Thread 0x000001e61739e760 Exception <a 'java/lang/NoSuchMethodError'{0x00000000880d5ce8}: 'java.lang.Object java.lang.invoke.DirectMethodHandle$Holder.newInvokeSpecial(java.lang.Object, java.lang.Object, java.lang.Object, java.lang.Object, int)'> (0x00000000880d5ce8) 
thrown [s\src\hotspot\share\interpreter\linkResolver.cpp, line 771]
Event: 3.232 Thread 0x000001e61739e760 Exception <a 'java/lang/NoSuchMethodError'{0x00000000880dd960}: 'java.lang.Object java.lang.invoke.Invokers$Holder.linkToTargetMethod(java.lang.Object, java.lang.Object, java.lang.Object, int, java.lang.Object)'> (0x00000000880dd960) 
thrown [s\src\hotspot\share\interpreter\linkResolver.cpp, line 771]
Event: 3.301 Thread 0x000001e61739e760 Exception <a 'java/lang/NoSuchMethodError'{0x0000000087110290}: 'java.lang.Object java.lang.invoke.DirectMethodHandle$Holder.invokeSpecial(java.lang.Object, java.lang.Object, int, java.lang.Object, java.lang.Object)'> (0x0000000087110290) 
thrown [s\src\hotspot\share\interpreter\linkResolver.cpp, line 771]
Event: 3.550 Thread 0x000001e61739e760 Exception <a 'java/lang/NoSuchMethodError'{0x000000008b049f08}: 'java.lang.Object java.lang.invoke.DirectMethodHandle$Holder.newInvokeSpecial(java.lang.Object, java.lang.Object, java.lang.Object, java.lang.Object, java.lang.Object, java.lang.Object, java.lang.Object, java.lang.Object, java.lang.Object)'> (0x000000008b049f08) 
thrown [s\src\hotspot\share\interpreter\linkResolver.cpp, line 771]
Event: 3.550 Thread 0x000001e61739e760 Exception <a 'java/lang/NoSuchMethodError'{0x000000008b04f7c8}: 'java.lang.Object java.lang.invoke.DirectMethodHandle$Holder.invokeSpecial(java.lang.Object, java.lang.Object, java.lang.Object, java.lang.Object, java.lang.Object, java.lang.Object, java.lang.Object, java.lang.Object, java.lang.Object, java.lang.Object)'> (0x000000008b04f7c8) 
thrown [s\src\hotspot\share\interpreter\linkResolver.cpp, line 771]
Event: 3.550 Thread 0x000001e61739e760 Exception <a 'java/lang/NoSuchMethodError'{0x000000008b054038}: 'java.lang.Object java.lang.invoke.Invokers$Holder.linkToTargetMethod(java.lang.Object, java.lang.Object, java.lang.Object, java.lang.Object, java.lang.Object, java.lang.Object, java.lang.Object, java.lang.Object, java.lang.Object)'> (0x000000008b054038) 
thrown [s\src\hotspot\share\interpreter\linkResolver.cpp, line 771]
Event: 3.553 Thread 0x000001e61739e760 Exception <a 'java/lang/NoSuchMethodError'{0x000000008b068a48}: 'java.lang.Object java.lang.invoke.DirectMethodHandle$Holder.newInvokeSpecial(java.lang.Object, java.lang.Object, java.lang.Object, int)'> (0x000000008b068a48) 
thrown [s\src\hotspot\share\interpreter\linkResolver.cpp, line 771]
Event: 3.553 Thread 0x000001e61739e760 Exception <a 'java/lang/NoSuchMethodError'{0x000000008b06caa8}: 'java.lang.Object java.lang.invoke.DirectMethodHandle$Holder.invokeSpecial(java.lang.Object, java.lang.Object, java.lang.Object, java.lang.Object, int)'> (0x000000008b06caa8) 
thrown [s\src\hotspot\share\interpreter\linkResolver.cpp, line 771]
Event: 3.553 Thread 0x000001e61739e760 Exception <a 'java/lang/NoSuchMethodError'{0x000000008b070458}: 'java.lang.Object java.lang.invoke.Invokers$Holder.linkToTargetMethod(java.lang.Object, java.lang.Object, int, java.lang.Object)'> (0x000000008b070458) 
thrown [s\src\hotspot\share\interpreter\linkResolver.cpp, line 771]
Event: 3.555 Thread 0x000001e61739e760 Exception <a 'java/lang/NoSuchMethodError'{0x000000008b080e98}: 'java.lang.Object java.lang.invoke.DirectMethodHandle$Holder.newInvokeSpecial(java.lang.Object, int, java.lang.Object)'> (0x000000008b080e98) 
thrown [s\src\hotspot\share\interpreter\linkResolver.cpp, line 771]
Event: 3.561 Thread 0x000001e61739e760 Exception <a 'java/lang/NoSuchMethodError'{0x000000008b0ba6b8}: 'java.lang.Object java.lang.invoke.DirectMethodHandle$Holder.invokeStatic(java.lang.Object, int, java.lang.Object, java.lang.Object)'> (0x000000008b0ba6b8) 
thrown [s\src\hotspot\share\interpreter\linkResolver.cpp, line 771]
Event: 3.685 Thread 0x000001e61739e760 Exception <a 'java/lang/NoSuchMethodError'{0x000000008a83a5b0}: 'java.lang.Object java.lang.invoke.DirectMethodHandle$Holder.invokeStatic(java.lang.Object, java.lang.Object, java.lang.Object, int, java.lang.Object, java.lang.Object)'> (0x000000008a83a5b0) 
thrown [s\src\hotspot\share\interpreter\linkResolver.cpp, line 771]
Event: 4.320 Thread 0x000001e61739e760 Exception <a 'java/lang/NoSuchMethodError'{0x000000008af2e010}: 'java.lang.Object java.lang.invoke.DirectMethodHandle$Holder.invokeStatic(java.lang.Object, int, java.lang.Object)'> (0x000000008af2e010) 
thrown [s\src\hotspot\share\interpreter\linkResolver.cpp, line 771]
Event: 4.712 Thread 0x000001e61739e760 Exception <a 'java/lang/NoSuchMethodError'{0x0000000089b71628}: 'java.lang.Object java.lang.invoke.DirectMethodHandle$Holder.newInvokeSpecial(java.lang.Object, java.lang.Object, java.lang.Object, java.lang.Object, java.lang.Object, int)'> (0x0000000089b71628) 
thrown [s\src\hotspot\share\interpreter\linkResolver.cpp, line 771]
Event: 4.712 Thread 0x000001e61739e760 Exception <a 'java/lang/NoSuchMethodError'{0x0000000089b79a18}: 'java.lang.Object java.lang.invoke.Invokers$Holder.linkToTargetMethod(java.lang.Object, java.lang.Object, java.lang.Object, java.lang.Object, int, java.lang.Object)'> (0x0000000089b79a18) 
thrown [s\src\hotspot\share\interpreter\linkResolver.cpp, line 771]
Event: 5.649 Thread 0x000001e61739e760 Implicit null exception at 0x000001e6224e90d5 to 0x000001e6224e9264

VM Operations (20 events):
Event: 4.719 Executing VM operation: HandshakeAllThreads done
Event: 4.721 Executing VM operation: HandshakeAllThreads
Event: 4.721 Executing VM operation: HandshakeAllThreads done
Event: 4.724 Executing VM operation: HandshakeAllThreads
Event: 4.724 Executing VM operation: HandshakeAllThreads done
Event: 4.874 Executing VM operation: G1CollectForAllocation
Event: 4.895 Executing VM operation: G1CollectForAllocation done
Event: 5.155 Executing VM operation: ICBufferFull
Event: 5.156 Executing VM operation: ICBufferFull done
Event: 5.471 Executing VM operation: HandshakeAllThreads
Event: 5.471 Executing VM operation: HandshakeAllThreads done
Event: 5.484 Executing VM operation: HandshakeAllThreads
Event: 5.484 Executing VM operation: HandshakeAllThreads done
Event: 5.560 Executing VM operation: HandshakeAllThreads
Event: 5.560 Executing VM operation: HandshakeAllThreads done
Event: 5.575 Executing VM operation: ICBufferFull
Event: 5.575 Executing VM operation: ICBufferFull done
Event: 5.640 Executing VM operation: HandshakeAllThreads
Event: 5.640 Executing VM operation: HandshakeAllThreads done
Event: 5.690 Executing VM operation: G1CollectForAllocation

Events (20 events):
Event: 4.457 loading class java/util/EnumMap$EntryIterator
Event: 4.457 loading class java/util/EnumMap$EnumMapIterator
Event: 4.457 loading class java/util/EnumMap$EnumMapIterator done
Event: 4.457 loading class java/util/EnumMap$EntryIterator done
Event: 4.457 loading class java/util/EnumMap$EntryIterator$Entry
Event: 4.457 loading class java/util/EnumMap$EntryIterator$Entry done
Event: 5.487 Thread 0x000001e631216dc0 flushing nmethod 0x000001e61ab82510
Event: 5.490 Thread 0x000001e631216dc0 flushing nmethod 0x000001e61b335290
Event: 5.538 loading class java/text/MessageFormat
Event: 5.538 loading class java/text/Format
Event: 5.538 loading class java/text/Format done
Event: 5.538 loading class java/text/MessageFormat done
Event: 5.538 loading class java/util/Locale$Category
Event: 5.538 loading class java/util/Locale$Category done
Event: 5.559 loading class java/text/ChoiceFormat
Event: 5.559 loading class java/text/NumberFormat
Event: 5.559 loading class java/text/NumberFormat done
Event: 5.559 loading class java/text/ChoiceFormat done
Event: 5.573 loading class java/util/RegularEnumSet$EnumSetIterator
Event: 5.573 loading class java/util/RegularEnumSet$EnumSetIterator done


Dynamic libraries:
0x00007ff702980000 - 0x00007ff70298a000 	C:\Program Files\Android\Android Studio\jbr\bin\java.exe
0x00007ffc0eb90000 - 0x00007ffc0eda7000 	C:\WINDOWS\SYSTEM32\ntdll.dll
0x00007ffc0d750000 - 0x00007ffc0d814000 	C:\WINDOWS\System32\KERNEL32.DLL
0x00007ffc0c190000 - 0x00007ffc0c53d000 	C:\WINDOWS\System32\KERNELBASE.dll
0x00007ffc0bee0000 - 0x00007ffc0bff1000 	C:\WINDOWS\System32\ucrtbase.dll
0x00007ffbfeab0000 - 0x00007ffbfeac7000 	C:\Program Files\Android\Android Studio\jbr\bin\jli.dll
0x00007ffc04b80000 - 0x00007ffc04b9b000 	C:\Program Files\Android\Android Studio\jbr\bin\VCRUNTIME140.dll
0x00007ffc0da00000 - 0x00007ffc0dbae000 	C:\WINDOWS\System32\USER32.dll
0x00007ffc0beb0000 - 0x00007ffc0bed6000 	C:\WINDOWS\System32\win32u.dll
0x00007ffbf2960000 - 0x00007ffbf2bf3000 	C:\WINDOWS\WinSxS\amd64_microsoft.windows.common-controls_6595b64144ccf1df_6.0.22621.3672_none_2713b9d173822955\COMCTL32.dll
0x00007ffc0d6a0000 - 0x00007ffc0d747000 	C:\WINDOWS\System32\msvcrt.dll
0x00007ffc0de60000 - 0x00007ffc0de89000 	C:\WINDOWS\System32\GDI32.dll
0x00007ffc0c770000 - 0x00007ffc0c889000 	C:\WINDOWS\System32\gdi32full.dll
0x00007ffc0c0f0000 - 0x00007ffc0c18a000 	C:\WINDOWS\System32\msvcp_win.dll
0x00007ffc0e900000 - 0x00007ffc0e931000 	C:\WINDOWS\System32\IMM32.DLL
0x00007ffc06e90000 - 0x00007ffc06e9c000 	C:\Program Files\Android\Android Studio\jbr\bin\vcruntime140_1.dll
0x00007ffbe5d60000 - 0x00007ffbe5ded000 	C:\Program Files\Android\Android Studio\jbr\bin\msvcp140.dll
0x00007ffbae360000 - 0x00007ffbaefe3000 	C:\Program Files\Android\Android Studio\jbr\bin\server\jvm.dll
0x00007ffc0d570000 - 0x00007ffc0d622000 	C:\WINDOWS\System32\ADVAPI32.dll
0x00007ffc0cb50000 - 0x00007ffc0cbf9000 	C:\WINDOWS\System32\sechost.dll
0x00007ffc0c890000 - 0x00007ffc0c8b8000 	C:\WINDOWS\System32\bcrypt.dll
0x00007ffc0d8e0000 - 0x00007ffc0d9f4000 	C:\WINDOWS\System32\RPCRT4.dll
0x00007ffc04ba0000 - 0x00007ffc04ba9000 	C:\WINDOWS\SYSTEM32\WSOCK32.dll
0x00007ffc0bd80000 - 0x00007ffc0bdcd000 	C:\WINDOWS\SYSTEM32\POWRPROF.dll
0x00007ffc02890000 - 0x00007ffc028c4000 	C:\WINDOWS\SYSTEM32\WINMM.dll
0x00007ffc03460000 - 0x00007ffc0346a000 	C:\WINDOWS\SYSTEM32\VERSION.dll
0x00007ffc0e940000 - 0x00007ffc0e9b1000 	C:\WINDOWS\System32\WS2_32.dll
0x00007ffc0bcb0000 - 0x00007ffc0bcc3000 	C:\WINDOWS\SYSTEM32\UMPDC.dll
0x00007ffc0af00000 - 0x00007ffc0af18000 	C:\WINDOWS\SYSTEM32\kernel.appcore.dll
0x00007ffc04b00000 - 0x00007ffc04b0a000 	C:\Program Files\Android\Android Studio\jbr\bin\jimage.dll
0x00007ffc09780000 - 0x00007ffc099b2000 	C:\WINDOWS\SYSTEM32\DBGHELP.DLL
0x00007ffc0e570000 - 0x00007ffc0e8fe000 	C:\WINDOWS\System32\combase.dll
0x00007ffc0cc10000 - 0x00007ffc0cce7000 	C:\WINDOWS\System32\OLEAUT32.dll
0x00007ffbeef00000 - 0x00007ffbeef32000 	C:\WINDOWS\SYSTEM32\dbgcore.DLL
0x00007ffc0c070000 - 0x00007ffc0c0eb000 	C:\WINDOWS\System32\bcryptPrimitives.dll
0x00007ffbfc850000 - 0x00007ffbfc875000 	C:\Program Files\Android\Android Studio\jbr\bin\java.dll
0x00007ffbf6090000 - 0x00007ffbf60a8000 	C:\Program Files\Android\Android Studio\jbr\bin\zip.dll
0x00007ffc0ccf0000 - 0x00007ffc0d557000 	C:\WINDOWS\System32\SHELL32.dll
0x00007ffc09e30000 - 0x00007ffc0a72f000 	C:\WINDOWS\SYSTEM32\windows.storage.dll
0x00007ffc09cf0000 - 0x00007ffc09e2f000 	C:\WINDOWS\SYSTEM32\wintypes.dll
0x00007ffc0dbb0000 - 0x00007ffc0dca9000 	C:\WINDOWS\System32\SHCORE.dll
0x00007ffc0e3b0000 - 0x00007ffc0e40e000 	C:\WINDOWS\System32\shlwapi.dll
0x00007ffc0bde0000 - 0x00007ffc0be07000 	C:\WINDOWS\SYSTEM32\profapi.dll
0x00007ffbf5ac0000 - 0x00007ffbf5ad9000 	C:\Program Files\Android\Android Studio\jbr\bin\net.dll
0x00007ffc082e0000 - 0x00007ffc08416000 	C:\WINDOWS\SYSTEM32\WINHTTP.dll
0x00007ffc0b370000 - 0x00007ffc0b3d9000 	C:\WINDOWS\system32\mswsock.dll
0x00007ffbf36d0000 - 0x00007ffbf36e6000 	C:\Program Files\Android\Android Studio\jbr\bin\nio.dll
0x00007ffc00520000 - 0x00007ffc00530000 	C:\Program Files\Android\Android Studio\jbr\bin\verify.dll

dbghelp: loaded successfully - version: 4.0.5 - missing functions: none
symbol engine: initialized successfully - sym options: 0x614 - pdb path: .;C:\Program Files\Android\Android Studio\jbr\bin;C:\WINDOWS\SYSTEM32;C:\WINDOWS\WinSxS\amd64_microsoft.windows.common-controls_6595b64144ccf1df_6.0.22621.3672_none_2713b9d173822955;C:\Program Files\Android\Android Studio\jbr\bin\server

VM Arguments:
java_command: org.jetbrains.kotlin.cli.jvm.K2JVMCompiler @C:\Users\koosh\AndroidStudioProjects\NokiaTest\app\build\20241008_7900578827310556067.compiler.options
java_class_path (initial): C:\Users\koosh\.gradle\caches\modules-2\files-2.1\org.jetbrains.kotlin\kotlin-compiler-embeddable\2.0.20\244b603e8c729f98baaf9088d90b5b9350c68af8\kotlin-compiler-embeddable-2.0.20.jar;C:\Users\koosh\.gradle\caches\modules-2\files-2.1\org.jetbrains.kotlin\kotlin-stdlib\2.0.20\7388d355f7cceb002cd387ccb7ab3850e4e0a07f\kotlin-stdlib-2.0.20.jar;C:\Users\koosh\.gradle\caches\modules-2\files-2.1\org.jetbrains.kotlin\kotlin-script-runtime\2.0.20\4aea042b39014e0a924c2e1d4a21b6fff7e4d35\kotlin-script-runtime-2.0.20.jar;C:\Users\koosh\.gradle\caches\modules-2\files-2.1\org.jetbrains.kotlin\kotlin-reflect\1.6.10\1cbe9c92c12a94eea200d23c2bbaedaf3daf5132\kotlin-reflect-1.6.10.jar;C:\Users\koosh\.gradle\caches\modules-2\files-2.1\org.jetbrains.kotlin\kotlin-daemon-embeddable\2.0.20\9eb02dce62f058efe6a121cf00cf5da9779e2746\kotlin-daemon-embeddable-2.0.20.jar;C:\Users\koosh\.gradle\caches\modules-2\files-2.1\org.jetbrains.intellij.deps\trove4j\1.0.20200330\3afb14d5f9ceb459d724e907a21145e8ff394f02\trove4j-1.0.20200330.jar;C:\Users\koosh\.gradle\caches\modules-2\files-2.1\org.jetbrains.kotlinx\kotlinx-coroutines-core-jvm\1.6.4\2c997cd1c0ef33f3e751d3831929aeff1390cb30\kotlinx-coroutines-core-jvm-1.6.4.jar;C:\Users\koosh\.gradle\caches\modules-2\files-2.1\org.jetbrains\annotations\13.0\919f0dfe192fb4e063e7dacadee7f8bb9a2672a9\annotations-13.0.jar
Launcher Type: SUN_STANDARD

[Global flags]
     intx CICompilerCount                          = 4                                         {product} {ergonomic}
     uint ConcGCThreads                            = 2                                         {product} {ergonomic}
     uint G1ConcRefinementThreads                  = 8                                         {product} {ergonomic}
   size_t G1HeapRegionSize                         = 1048576                                   {product} {ergonomic}
    uintx GCDrainStackTargetSize                   = 64                                        {product} {ergonomic}
   size_t InitialHeapSize                          = 132120576                                 {product} {ergonomic}
   size_t MarkStackSize                            = 4194304                                   {product} {ergonomic}
   size_t MaxHeapSize                              = 2101346304                                {product} {ergonomic}
   size_t MaxNewSize                               = 1260388352                                {product} {ergonomic}
   size_t MinHeapDeltaBytes                        = 1048576                                   {product} {ergonomic}
   size_t MinHeapSize                              = 8388608                                   {product} {ergonomic}
    uintx NonNMethodCodeHeapSize                   = 5839372                                {pd product} {ergonomic}
    uintx NonProfiledCodeHeapSize                  = 122909434                              {pd product} {ergonomic}
    uintx ProfiledCodeHeapSize                     = 122909434                              {pd product} {ergonomic}
    uintx ReservedCodeCacheSize                    = 251658240                              {pd product} {ergonomic}
     bool SegmentedCodeCache                       = true                                      {product} {ergonomic}
   size_t SoftMaxHeapSize                          = 2101346304                             {manageable} {ergonomic}
     bool UseCompressedClassPointers               = true                           {product lp64_product} {ergonomic}
     bool UseCompressedOops                        = true                           {product lp64_product} {ergonomic}
     bool UseG1GC                                  = true                                      {product} {ergonomic}
     bool UseLargePagesIndividualAllocation        = false                                  {pd product} {ergonomic}

Logging:
Log output configuration:
 #0: stdout all=warning uptime,level,tags
 #1: stderr all=off uptime,level,tags

Environment Variables:
PATH=C:\Program Files (x86)\Intel\Intel(R) Management Engine Components\iCLS\;C:\Program Files\Intel\Intel(R) Management Engine Components\iCLS\;C:\WINDOWS\system32;C:\WINDOWS;C:\WINDOWS\System32\Wbem;C:\WINDOWS\System32\WindowsPowerShell\v1.0\;C:\WINDOWS\System32\OpenSSH\;C:\Program Files (x86)\Intel\Intel(R) Management Engine Components\DAL;C:\Program Files\Intel\Intel(R) Management Engine Components\DAL;C:\Program Files\Go\bin;C:\Program Files\Java\jdk-21\bin;C:\Program Files\dotnet\;C:\Users\koosh\AppData\Local\Android\Sdk\platform-tools;C:\Program Files\Git\cmd;C:\Users\koosh\AppData\Local\Android\Sdk\platform-tools;C:\Users\koosh\AppData\Local\Programs\Python\Python311\Scripts\;C:\Users\koosh\AppData\Local\Programs\Python\Python311\;C:\Users\koosh\AppData\Local\Microsoft\WindowsApps;C:\Users\koosh\AppData\Local\Programs\Microsoft VS Code\bin;C:\Program Files\JetBrains\PyCharm Community Edition 2023.2.5\bin;;C:\Users\koosh\go\bin;C:\Program Files\JetBrains\GoLand 2023.2.5\bin;;C:\Program Files\JetBrains\IntelliJ IDEA 2023.3.1\bin;;C:\Users\koosh\.dotnet\tools;
USERNAME=koosh
OS=Windows_NT
PROCESSOR_IDENTIFIER=Intel64 Family 6 Model 142 Stepping 11, GenuineIntel
TMP=C:\Users\koosh\AppData\Local\Temp
TEMP=C:\Users\koosh\AppData\Local\Temp



Periodic native trim disabled

JNI global refs:
JNI global refs: 11, weak refs: 3

JNI global refs memory usage: 843, weak refs: 841

Process memory usage:
Resident Set Size: 350688K (4% of 8200356K total physical memory with 466260K free physical memory)

OOME stack traces (most recent first):
Classloader memory used:
Loader jdk.internal.loader.ClassLoaders$AppClassLoader                                 : 5951K
Loader bootstrap                                                                       : 1283K
Loader java.net.URLClassLoader                                                         : 36972B
Loader jdk.internal.reflect.DelegatingClassLoader                                      : 2131B


---------------  S Y S T E M  ---------------

OS:
 Windows 11 , 64 bit Build 22621 (10.0.22621.3958)
OS uptime: 0 days 23:55 hours

CPU: total 8 (initial active 8) (4 cores per cpu, 2 threads per core) family 6 model 142 stepping 11 microcode 0xec, cx8, cmov, fxsr, ht, mmx, 3dnowpref, sse, sse2, sse3, ssse3, sse4.1, sse4.2, popcnt, lzcnt, tsc, tscinvbit, avx, avx2, aes, erms, clmul, bmi1, bmi2, adx, fma, vzeroupper, clflush, clflushopt
Processor Information for all 8 processors :
  Max Mhz: 1800, Current Mhz: 1600, Mhz Limit: 1584

Memory: 4k page, system-wide physical 8008M (455M free)
TotalPageFile size 11708M (AvailPageFile size 54M)
current process WorkingSet (physical memory assigned to process): 342M, peak: 344M
current process commit charge ("private bytes"): 370M, peak: 608M

vm_info: OpenJDK 64-Bit Server VM (17.0.11+0--11852314) for windows-amd64 JRE (17.0.11+0--11852314), built on May 16 2024 21:29:20 by "androidbuild" with MS VC++ 16.10 / 16.11 (VS2019)

END.
