#
# There is insufficient memory for the Java Runtime Environment to continue.
# Native memory allocation (mmap) failed to map 332398592 bytes. Error detail: G1 virtual space
# Possible reasons:
#   The system is out of physical RAM or swap space
#   This process is running with CompressedOops enabled, and the Java Heap may be blocking the growth of the native heap
# Possible solutions:
#   Reduce memory load on the system
#   Increase physical memory or swap space
#   Check if swap backing store is full
#   Decrease Java heap size (-Xmx/-Xms)
#   Decrease number of Java threads
#   Decrease Java thread stack sizes (-Xss)
#   Set larger code cache with -XX:ReservedCodeCacheSize=
#   JVM is running with Unscaled Compressed Oops mode in which the Java heap is
#     placed in the first 4GB address space. The Java Heap base address is the
#     maximum limit for the native heap growth. Please use -XX:HeapBaseMinAddress
#     to set the Java Heap base and to place the Java Heap above 4GB virtual address.
# This output file may be truncated or incomplete.
#
#  Out of Memory Error (os_windows.cpp:3825), pid=13192, tid=2020
#
# JRE version: OpenJDK Runtime Environment (17.0.11) (build 17.0.11+0--11852314)
# Java VM: OpenJDK 64-Bit Server VM (17.0.11+0--11852314, mixed mode, tiered, compressed oops, compressed class ptrs, g1 gc, windows-amd64)
# No core dump will be written. Minidumps are not enabled by default on client versions of Windows
#

---------------  S U M M A R Y ------------

Command Line: org.jetbrains.kotlin.cli.jvm.K2JVMCompiler @C:\Users\koosh\AndroidStudioProjects\NokiaTest\app\build\20241008_14921280965222649313.compiler.options

Host: Intel(R) Core(TM) i5-8265U CPU @ 1.60GHz, 8 cores, 7G,  Windows 11 , 64 bit Build 22621 (10.0.22621.3958)
Time: Tue Oct  8 18:47:43 2024 Iran Standard Time elapsed time: 8.525072 seconds (0d 0h 0m 8s)

---------------  T H R E A D  ---------------

Current thread (0x000001adbe08f930):  VMThread "VM Thread" [stack: 0x0000000c39a00000,0x0000000c39b00000] [id=2020]

Stack: [0x0000000c39a00000,0x0000000c39b00000]
Native frames: (J=compiled Java code, j=interpreted, Vv=VM code, C=native code)
V  [jvm.dll+0x687bb9]
V  [jvm.dll+0x84142a]
V  [jvm.dll+0x8430ae]
V  [jvm.dll+0x843713]
V  [jvm.dll+0x24a35f]
V  [jvm.dll+0x684989]
V  [jvm.dll+0x67923a]
V  [jvm.dll+0x30af0b]
V  [jvm.dll+0x3123b6]
V  [jvm.dll+0x361dfe]
V  [jvm.dll+0x36202f]
V  [jvm.dll+0x2e0d38]
V  [jvm.dll+0x2df144]
V  [jvm.dll+0x2de74c]
V  [jvm.dll+0x32305b]
V  [jvm.dll+0x847e0b]
V  [jvm.dll+0x848b42]
V  [jvm.dll+0x84905d]
V  [jvm.dll+0x849434]
V  [jvm.dll+0x849500]
V  [jvm.dll+0x7efa4a]
V  [jvm.dll+0x686a35]
C  [ucrtbase.dll+0x29333]
C  [KERNEL32.DLL+0x1257d]
C  [ntdll.dll+0x5af28]

VM_Operation (0x0000000c394f9880): G1CollectForAllocation, mode: safepoint, requested by thread 0x000001ada43a0bc0


---------------  P R O C E S S  ---------------

Threads class SMR info:
_java_thread_list=0x000001adc3536c30, length=14, elements={
0x000001ada43a0bc0, 0x000001adbe098580, 0x000001adbe099400, 0x000001adbe206d10,
0x000001adbe2099a0, 0x000001adbe20b980, 0x000001adbe20c340, 0x000001adbe20d2f0,
0x000001adbe20e7c0, 0x000001adbe24bb30, 0x000001adbe3ae520, 0x000001adbe3b0a10,
0x000001adc32d9b50, 0x000001adc35365a0
}

Java Threads: ( => current thread )
  0x000001ada43a0bc0 JavaThread "main" [_thread_blocked, id=12668, stack(0x0000000c39400000,0x0000000c39500000)]
  0x000001adbe098580 JavaThread "Reference Handler" daemon [_thread_blocked, id=12804, stack(0x0000000c39b00000,0x0000000c39c00000)]
  0x000001adbe099400 JavaThread "Finalizer" daemon [_thread_blocked, id=14968, stack(0x0000000c39c00000,0x0000000c39d00000)]
  0x000001adbe206d10 JavaThread "Signal Dispatcher" daemon [_thread_blocked, id=14616, stack(0x0000000c39d00000,0x0000000c39e00000)]
  0x000001adbe2099a0 JavaThread "Attach Listener" daemon [_thread_blocked, id=9776, stack(0x0000000c39e00000,0x0000000c39f00000)]
  0x000001adbe20b980 JavaThread "Service Thread" daemon [_thread_blocked, id=13156, stack(0x0000000c39f00000,0x0000000c3a000000)]
  0x000001adbe20c340 JavaThread "Monitor Deflation Thread" daemon [_thread_blocked, id=14812, stack(0x0000000c3a000000,0x0000000c3a100000)]
  0x000001adbe20d2f0 JavaThread "C2 CompilerThread0" daemon [_thread_blocked, id=14380, stack(0x0000000c3a100000,0x0000000c3a200000)]
  0x000001adbe20e7c0 JavaThread "C1 CompilerThread0" daemon [_thread_blocked, id=1528, stack(0x0000000c3a200000,0x0000000c3a300000)]
  0x000001adbe24bb30 JavaThread "Sweeper thread" daemon [_thread_blocked, id=12356, stack(0x0000000c3a300000,0x0000000c3a400000)]
  0x000001adbe3ae520 JavaThread "Notification Thread" daemon [_thread_blocked, id=8600, stack(0x0000000c3a400000,0x0000000c3a500000)]
  0x000001adbe3b0a10 JavaThread "Common-Cleaner" daemon [_thread_blocked, id=10636, stack(0x0000000c3a600000,0x0000000c3a700000)]
  0x000001adc32d9b50 JavaThread "C2 CompilerThread1" daemon [_thread_in_native, id=15032, stack(0x0000000c3af00000,0x0000000c3b000000)]
  0x000001adc35365a0 JavaThread "C2 CompilerThread2" daemon [_thread_blocked, id=8504, stack(0x0000000c3b000000,0x0000000c3b100000)]

Other Threads:
=>0x000001adbe08f930 VMThread "VM Thread" [stack: 0x0000000c39a00000,0x0000000c39b00000] [id=2020]
  0x000001adbe2d9370 WatcherThread [stack: 0x0000000c3a500000,0x0000000c3a600000] [id=14388]
  0x000001ada43f87a0 GCTaskThread "GC Thread#0" [stack: 0x0000000c39500000,0x0000000c39600000] [id=8496]
  0x000001adbeb1e8e0 GCTaskThread "GC Thread#1" [stack: 0x0000000c3a700000,0x0000000c3a800000] [id=15456]
  0x000001adbeb1efb0 GCTaskThread "GC Thread#2" [stack: 0x0000000c3a800000,0x0000000c3a900000] [id=11728]
  0x000001adbeb19f60 GCTaskThread "GC Thread#3" [stack: 0x0000000c3a900000,0x0000000c3aa00000] [id=4184]
  0x000001adbeb4da40 GCTaskThread "GC Thread#4" [stack: 0x0000000c3aa00000,0x0000000c3ab00000] [id=16240]
  0x000001adbeeb4c30 GCTaskThread "GC Thread#5" [stack: 0x0000000c3ab00000,0x0000000c3ac00000] [id=2412]
  0x000001adbedc6c40 GCTaskThread "GC Thread#6" [stack: 0x0000000c3ac00000,0x0000000c3ad00000] [id=15368]
  0x000001adbedc6f00 GCTaskThread "GC Thread#7" [stack: 0x0000000c3ad00000,0x0000000c3ae00000] [id=13216]
  0x000001ada440a180 ConcurrentGCThread "G1 Main Marker" [stack: 0x0000000c39600000,0x0000000c39700000] [id=10104]
  0x000001ada440aba0 ConcurrentGCThread "G1 Conc#0" [stack: 0x0000000c39700000,0x0000000c39800000] [id=7264]
  0x000001adbeb4b1a0 ConcurrentGCThread "G1 Conc#1" [stack: 0x0000000c3ae00000,0x0000000c3af00000] [id=4284]
  0x000001adbdeea510 ConcurrentGCThread "G1 Refine#0" [stack: 0x0000000c39800000,0x0000000c39900000] [id=14904]
  0x000001adc3b09ce0 ConcurrentGCThread "G1 Refine#1" [stack: 0x0000000c3b100000,0x0000000c3b200000] [id=16124]
  0x000001adc40badc0 ConcurrentGCThread "G1 Refine#2" [stack: 0x0000000c3b200000,0x0000000c3b300000] [id=704]
  0x000001adbdeead50 ConcurrentGCThread "G1 Service" [stack: 0x0000000c39900000,0x0000000c39a00000] [id=14792]

Threads with active compile tasks:
C2 CompilerThread0     8549 10545       4       org.jetbrains.kotlin.fir.java.deserialization.AnnotationsLoader$loadAnnotation$1::visitEnd (139 bytes)
C1 CompilerThread0     8549 10580       3       org.jetbrains.kotlin.fir.lazy.Fir2IrLazyPropertyAccessor::<init> (261 bytes)
C2 CompilerThread1     8549 10450       4       org.jetbrains.kotlin.ir.interpreter.UtilsKt::hasAnnotation (150 bytes)
C2 CompilerThread2     8549 10503       4       org.jetbrains.kotlin.fir.deserialization.FirDeserializationContext::<init> (229 bytes)

VM state: at safepoint (normal execution)

VM Mutex/Monitor currently owned by a thread:  ([mutex/lock_event])
[0x000001ada439c150] Threads_lock - owner thread: 0x000001adbe08f930
[0x000001ada439cf60] Heap_lock - owner thread: 0x000001ada43a0bc0

Heap address: 0x0000000082c00000, size: 2004 MB, Compressed Oops mode: 32-bit

CDS archive(s) not mapped
Compressed class space mapped at: 0x0000000100000000-0x0000000140000000, reserved size: 1073741824
Narrow klass base: 0x0000000000000000, Narrow klass shift: 3, Narrow klass range: 0x140000000

GC Precious Log:
 CPUs: 8 total, 8 available
 Memory: 8008M
 Large Page Support: Disabled
 NUMA Support: Disabled
 Compressed Oops: Enabled (32-bit)
 Heap Region Size: 1M
 Heap Min Capacity: 8M
 Heap Initial Capacity: 126M
 Heap Max Capacity: 2004M
 Pre-touch: Disabled
 Parallel Workers: 8
 Concurrent Workers: 2
 Concurrent Refinement Workers: 8
 Periodic GC: Disabled

Heap:
 garbage-first heap   total 178176K, used 102304K [0x0000000082c00000, 0x0000000100000000)
  region size 1024K, 1 young (1024K), 1 survivors (1024K)
 Metaspace       used 70623K, committed 70912K, reserved 1114112K
  class space    used 7724K, committed 7872K, reserved 1048576K

Heap Regions: E=young(eden), S=young(survivor), O=old, HS=humongous(starts), HC=humongous(continues), CS=collection set, F=free, OA=open archive, CA=closed archive, TAMS=top-at-mark-start (previous, next)
|   0|0x0000000082c00000, 0x0000000082d00000, 0x0000000082d00000|100%|HS|  |TAMS 0x0000000082d00000, 0x0000000082c00000| Complete 
|   1|0x0000000082d00000, 0x0000000082e00000, 0x0000000082e00000|100%|HC|  |TAMS 0x0000000082e00000, 0x0000000082d00000| Complete 
|   2|0x0000000082e00000, 0x0000000082f00000, 0x0000000082f00000|100%|HC|  |TAMS 0x0000000082f00000, 0x0000000082e00000| Complete 
|   3|0x0000000082f00000, 0x0000000083000000, 0x0000000083000000|100%| O|  |TAMS 0x0000000083000000, 0x0000000082f00000| Untracked 
|   4|0x0000000083000000, 0x0000000083100000, 0x0000000083100000|100%| O|  |TAMS 0x0000000083100000, 0x0000000083000000| Untracked 
|   5|0x0000000083100000, 0x00000000831e8200, 0x0000000083200000| 90%| O|  |TAMS 0x00000000831e8200, 0x0000000083100000| Untracked 
|   6|0x0000000083200000, 0x0000000083300000, 0x0000000083300000|100%| O|  |TAMS 0x0000000083300000, 0x0000000083200000| Untracked 
|   7|0x0000000083300000, 0x0000000083400000, 0x0000000083400000|100%| O|  |TAMS 0x0000000083300000, 0x0000000083300000| Untracked 
|   8|0x0000000083400000, 0x0000000083500000, 0x0000000083500000|100%| O|  |TAMS 0x0000000083500000, 0x0000000083400000| Untracked 
|   9|0x0000000083500000, 0x0000000083600000, 0x0000000083600000|100%| O|  |TAMS 0x0000000083600000, 0x0000000083500000| Untracked 
|  10|0x0000000083600000, 0x0000000083700000, 0x0000000083700000|100%| O|  |TAMS 0x0000000083700000, 0x0000000083600000| Untracked 
|  11|0x0000000083700000, 0x0000000083800000, 0x0000000083800000|100%| O|  |TAMS 0x0000000083800000, 0x0000000083700000| Untracked 
|  12|0x0000000083800000, 0x0000000083900000, 0x0000000083900000|100%| O|  |TAMS 0x0000000083900000, 0x0000000083800000| Untracked 
|  13|0x0000000083900000, 0x0000000083a00000, 0x0000000083a00000|100%| O|  |TAMS 0x0000000083a00000, 0x0000000083900000| Untracked 
|  14|0x0000000083a00000, 0x0000000083b00000, 0x0000000083b00000|100%| O|  |TAMS 0x0000000083b00000, 0x0000000083a00000| Untracked 
|  15|0x0000000083b00000, 0x0000000083c00000, 0x0000000083c00000|100%| O|  |TAMS 0x0000000083c00000, 0x0000000083b00000| Untracked 
|  16|0x0000000083c00000, 0x0000000083d00000, 0x0000000083d00000|100%| O|  |TAMS 0x0000000083d00000, 0x0000000083c00000| Untracked 
|  17|0x0000000083d00000, 0x0000000083e00000, 0x0000000083e00000|100%| O|  |TAMS 0x0000000083e00000, 0x0000000083d00000| Untracked 
|  18|0x0000000083e00000, 0x0000000083f00000, 0x0000000083f00000|100%| O|  |TAMS 0x0000000083f00000, 0x0000000083e00000| Untracked 
|  19|0x0000000083f00000, 0x0000000084000000, 0x0000000084000000|100%| O|  |TAMS 0x0000000084000000, 0x0000000083f00000| Untracked 
|  20|0x0000000084000000, 0x0000000084100000, 0x0000000084100000|100%| O|  |TAMS 0x0000000084100000, 0x0000000084000000| Untracked 
|  21|0x0000000084100000, 0x0000000084200000, 0x0000000084200000|100%| O|  |TAMS 0x0000000084200000, 0x0000000084100000| Untracked 
|  22|0x0000000084200000, 0x0000000084300000, 0x0000000084300000|100%| O|  |TAMS 0x0000000084300000, 0x0000000084200000| Untracked 
|  23|0x0000000084300000, 0x0000000084400000, 0x0000000084400000|100%| O|  |TAMS 0x0000000084400000, 0x0000000084300000| Untracked 
|  24|0x0000000084400000, 0x0000000084500000, 0x0000000084500000|100%| O|  |TAMS 0x0000000084500000, 0x0000000084400000| Untracked 
|  25|0x0000000084500000, 0x0000000084600000, 0x0000000084600000|100%| O|  |TAMS 0x0000000084600000, 0x0000000084500000| Untracked 
|  26|0x0000000084600000, 0x0000000084700000, 0x0000000084700000|100%| O|  |TAMS 0x0000000084700000, 0x0000000084600000| Untracked 
|  27|0x0000000084700000, 0x0000000084800000, 0x0000000084800000|100%| O|  |TAMS 0x0000000084800000, 0x0000000084700000| Untracked 
|  28|0x0000000084800000, 0x0000000084900000, 0x0000000084900000|100%| O|  |TAMS 0x0000000084900000, 0x0000000084800000| Untracked 
|  29|0x0000000084900000, 0x0000000084a00000, 0x0000000084a00000|100%| O|  |TAMS 0x0000000084a00000, 0x0000000084900000| Untracked 
|  30|0x0000000084a00000, 0x0000000084b00000, 0x0000000084b00000|100%| O|  |TAMS 0x0000000084b00000, 0x0000000084a00000| Untracked 
|  31|0x0000000084b00000, 0x0000000084c00000, 0x0000000084c00000|100%| O|  |TAMS 0x0000000084c00000, 0x0000000084b00000| Untracked 
|  32|0x0000000084c00000, 0x0000000084d00000, 0x0000000084d00000|100%| O|  |TAMS 0x0000000084d00000, 0x0000000084c00000| Untracked 
|  33|0x0000000084d00000, 0x0000000084e00000, 0x0000000084e00000|100%| O|  |TAMS 0x0000000084e00000, 0x0000000084d00000| Untracked 
|  34|0x0000000084e00000, 0x0000000084f00000, 0x0000000084f00000|100%| O|  |TAMS 0x0000000084f00000, 0x0000000084e00000| Untracked 
|  35|0x0000000084f00000, 0x0000000085000000, 0x0000000085000000|100%| O|  |TAMS 0x0000000085000000, 0x0000000084f00000| Untracked 
|  36|0x0000000085000000, 0x0000000085100000, 0x0000000085100000|100%| O|  |TAMS 0x0000000085100000, 0x0000000085000000| Untracked 
|  37|0x0000000085100000, 0x0000000085200000, 0x0000000085200000|100%| O|  |TAMS 0x0000000085200000, 0x0000000085100000| Untracked 
|  38|0x0000000085200000, 0x0000000085300000, 0x0000000085300000|100%| O|  |TAMS 0x0000000085300000, 0x0000000085200000| Untracked 
|  39|0x0000000085300000, 0x0000000085400000, 0x0000000085400000|100%| O|  |TAMS 0x0000000085400000, 0x0000000085300000| Untracked 
|  40|0x0000000085400000, 0x0000000085500000, 0x0000000085500000|100%| O|  |TAMS 0x0000000085500000, 0x0000000085400000| Untracked 
|  41|0x0000000085500000, 0x0000000085600000, 0x0000000085600000|100%| O|  |TAMS 0x0000000085600000, 0x0000000085500000| Untracked 
|  42|0x0000000085600000, 0x0000000085700000, 0x0000000085700000|100%| O|  |TAMS 0x0000000085700000, 0x0000000085600000| Untracked 
|  43|0x0000000085700000, 0x0000000085800000, 0x0000000085800000|100%| O|  |TAMS 0x0000000085800000, 0x0000000085700000| Untracked 
|  44|0x0000000085800000, 0x0000000085900000, 0x0000000085900000|100%| O|  |TAMS 0x0000000085900000, 0x0000000085800000| Untracked 
|  45|0x0000000085900000, 0x0000000085a00000, 0x0000000085a00000|100%| O|  |TAMS 0x0000000085a00000, 0x0000000085900000| Untracked 
|  46|0x0000000085a00000, 0x0000000085b00000, 0x0000000085b00000|100%| O|  |TAMS 0x0000000085b00000, 0x0000000085a00000| Untracked 
|  47|0x0000000085b00000, 0x0000000085c00000, 0x0000000085c00000|100%| O|  |TAMS 0x0000000085c00000, 0x0000000085b00000| Untracked 
|  48|0x0000000085c00000, 0x0000000085d00000, 0x0000000085d00000|100%| O|  |TAMS 0x0000000085d00000, 0x0000000085c00000| Untracked 
|  49|0x0000000085d00000, 0x0000000085e00000, 0x0000000085e00000|100%| O|  |TAMS 0x0000000085e00000, 0x0000000085d00000| Untracked 
|  50|0x0000000085e00000, 0x0000000085f00000, 0x0000000085f00000|100%| O|  |TAMS 0x0000000085f00000, 0x0000000085e00000| Untracked 
|  51|0x0000000085f00000, 0x0000000086000000, 0x0000000086000000|100%| O|  |TAMS 0x0000000086000000, 0x0000000085f00000| Untracked 
|  52|0x0000000086000000, 0x0000000086100000, 0x0000000086100000|100%| O|  |TAMS 0x0000000086100000, 0x0000000086000000| Untracked 
|  53|0x0000000086100000, 0x0000000086200000, 0x0000000086200000|100%| O|  |TAMS 0x0000000086200000, 0x0000000086100000| Untracked 
|  54|0x0000000086200000, 0x0000000086300000, 0x0000000086300000|100%| O|  |TAMS 0x0000000086300000, 0x0000000086200000| Untracked 
|  55|0x0000000086300000, 0x0000000086400000, 0x0000000086400000|100%| O|  |TAMS 0x0000000086400000, 0x0000000086300000| Untracked 
|  56|0x0000000086400000, 0x0000000086500000, 0x0000000086500000|100%| O|  |TAMS 0x0000000086400000, 0x0000000086400000| Untracked 
|  57|0x0000000086500000, 0x0000000086600000, 0x0000000086600000|100%| O|  |TAMS 0x0000000086600000, 0x0000000086500000| Untracked 
|  58|0x0000000086600000, 0x0000000086700000, 0x0000000086700000|100%| O|  |TAMS 0x0000000086700000, 0x0000000086600000| Untracked 
|  59|0x0000000086700000, 0x0000000086800000, 0x0000000086800000|100%| O|  |TAMS 0x0000000086800000, 0x0000000086700000| Untracked 
|  60|0x0000000086800000, 0x0000000086900000, 0x0000000086900000|100%| O|  |TAMS 0x0000000086900000, 0x0000000086800000| Untracked 
|  61|0x0000000086900000, 0x0000000086a00000, 0x0000000086a00000|100%| O|  |TAMS 0x0000000086a00000, 0x0000000086900000| Untracked 
|  62|0x0000000086a00000, 0x0000000086b00000, 0x0000000086b00000|100%| O|  |TAMS 0x0000000086b00000, 0x0000000086a00000| Untracked 
|  63|0x0000000086b00000, 0x0000000086c00000, 0x0000000086c00000|100%| O|  |TAMS 0x0000000086c00000, 0x0000000086b00000| Untracked 
|  64|0x0000000086c00000, 0x0000000086d00000, 0x0000000086d00000|100%| O|  |TAMS 0x0000000086d00000, 0x0000000086c00000| Untracked 
|  65|0x0000000086d00000, 0x0000000086e00000, 0x0000000086e00000|100%| O|  |TAMS 0x0000000086e00000, 0x0000000086d00000| Untracked 
|  66|0x0000000086e00000, 0x0000000086f00000, 0x0000000086f00000|100%| O|  |TAMS 0x0000000086f00000, 0x0000000086e00000| Untracked 
|  67|0x0000000086f00000, 0x0000000087000000, 0x0000000087000000|100%| O|  |TAMS 0x0000000087000000, 0x0000000086f00000| Untracked 
|  68|0x0000000087000000, 0x0000000087100000, 0x0000000087100000|100%| O|  |TAMS 0x0000000087100000, 0x0000000087000000| Untracked 
|  69|0x0000000087100000, 0x0000000087200000, 0x0000000087200000|100%| O|  |TAMS 0x0000000087200000, 0x0000000087100000| Untracked 
|  70|0x0000000087200000, 0x0000000087300000, 0x0000000087300000|100%| O|  |TAMS 0x0000000087300000, 0x0000000087200000| Untracked 
|  71|0x0000000087300000, 0x0000000087400000, 0x0000000087400000|100%| O|  |TAMS 0x0000000087400000, 0x0000000087300000| Untracked 
|  72|0x0000000087400000, 0x0000000087500000, 0x0000000087500000|100%| O|  |TAMS 0x0000000087500000, 0x0000000087400000| Untracked 
|  73|0x0000000087500000, 0x0000000087600000, 0x0000000087600000|100%| O|  |TAMS 0x0000000087600000, 0x0000000087500000| Untracked 
|  74|0x0000000087600000, 0x0000000087700000, 0x0000000087700000|100%| O|  |TAMS 0x0000000087700000, 0x0000000087600000| Untracked 
|  75|0x0000000087700000, 0x0000000087800000, 0x0000000087800000|100%| O|  |TAMS 0x0000000087800000, 0x0000000087700000| Untracked 
|  76|0x0000000087800000, 0x0000000087900000, 0x0000000087900000|100%| O|  |TAMS 0x0000000087900000, 0x0000000087800000| Untracked 
|  77|0x0000000087900000, 0x0000000087a00000, 0x0000000087a00000|100%| O|  |TAMS 0x0000000087a00000, 0x0000000087900000| Untracked 
|  78|0x0000000087a00000, 0x0000000087b00000, 0x0000000087b00000|100%| O|  |TAMS 0x0000000087b00000, 0x0000000087a00000| Untracked 
|  79|0x0000000087b00000, 0x0000000087b00000, 0x0000000087c00000|  0%| F|  |TAMS 0x0000000087b00000, 0x0000000087b00000| Untracked 
|  80|0x0000000087c00000, 0x0000000087d00000, 0x0000000087d00000|100%| O|  |TAMS 0x0000000087d00000, 0x0000000087c00000| Untracked 
|  81|0x0000000087d00000, 0x0000000087e00000, 0x0000000087e00000|100%| O|  |TAMS 0x0000000087e00000, 0x0000000087d00000| Untracked 
|  82|0x0000000087e00000, 0x0000000087f00000, 0x0000000087f00000|100%| O|  |TAMS 0x0000000087f00000, 0x0000000087e00000| Untracked 
|  83|0x0000000087f00000, 0x0000000088000000, 0x0000000088000000|100%| O|  |TAMS 0x0000000088000000, 0x0000000087f00000| Untracked 
|  84|0x0000000088000000, 0x0000000088100000, 0x0000000088100000|100%| O|  |TAMS 0x0000000088100000, 0x0000000088000000| Untracked 
|  85|0x0000000088100000, 0x0000000088200000, 0x0000000088200000|100%| O|  |TAMS 0x0000000088200000, 0x0000000088100000| Untracked 
|  86|0x0000000088200000, 0x0000000088300000, 0x0000000088300000|100%| O|  |TAMS 0x0000000088300000, 0x0000000088200000| Untracked 
|  87|0x0000000088300000, 0x0000000088400000, 0x0000000088400000|100%| O|  |TAMS 0x0000000088400000, 0x0000000088300000| Untracked 
|  88|0x0000000088400000, 0x0000000088500000, 0x0000000088500000|100%| O|  |TAMS 0x0000000088500000, 0x0000000088400000| Untracked 
|  89|0x0000000088500000, 0x0000000088600000, 0x0000000088600000|100%| O|  |TAMS 0x0000000088600000, 0x0000000088500000| Untracked 
|  90|0x0000000088600000, 0x0000000088700000, 0x0000000088700000|100%| O|  |TAMS 0x0000000088700000, 0x0000000088600000| Untracked 
|  91|0x0000000088700000, 0x0000000088800000, 0x0000000088800000|100%| O|  |TAMS 0x0000000088800000, 0x0000000088700000| Untracked 
|  92|0x0000000088800000, 0x0000000088800000, 0x0000000088900000|  0%| F|  |TAMS 0x0000000088800000, 0x0000000088800000| Untracked 
|  93|0x0000000088900000, 0x0000000088a00000, 0x0000000088a00000|100%| O|  |TAMS 0x000000008895ea00, 0x0000000088900000| Untracked 
|  94|0x0000000088a00000, 0x0000000088b00000, 0x0000000088b00000|100%| O|  |TAMS 0x0000000088a00000, 0x0000000088a00000| Untracked 
|  95|0x0000000088b00000, 0x0000000088c00000, 0x0000000088c00000|100%| O|  |TAMS 0x0000000088b00000, 0x0000000088b00000| Untracked 
|  96|0x0000000088c00000, 0x0000000088d00000, 0x0000000088d00000|100%| O|  |TAMS 0x0000000088c00000, 0x0000000088c00000| Untracked 
|  97|0x0000000088d00000, 0x0000000088e00000, 0x0000000088e00000|100%| O|  |TAMS 0x0000000088d00000, 0x0000000088d00000| Untracked 
|  98|0x0000000088e00000, 0x0000000088f00000, 0x0000000088f00000|100%| O|  |TAMS 0x0000000088e00000, 0x0000000088e00000| Untracked 
|  99|0x0000000088f00000, 0x0000000089000000, 0x0000000089000000|100%| O|  |TAMS 0x0000000088f00000, 0x0000000088f00000| Untracked 
| 100|0x0000000089000000, 0x0000000089100000, 0x0000000089100000|100%| O|  |TAMS 0x0000000089000000, 0x0000000089000000| Untracked 
| 101|0x0000000089100000, 0x0000000089100000, 0x0000000089200000|  0%| F|  |TAMS 0x0000000089100000, 0x0000000089100000| Untracked 
| 102|0x0000000089200000, 0x0000000089200000, 0x0000000089300000|  0%| F|  |TAMS 0x0000000089200000, 0x0000000089200000| Untracked 
| 103|0x0000000089300000, 0x0000000089300000, 0x0000000089400000|  0%| F|  |TAMS 0x0000000089300000, 0x0000000089300000| Untracked 
| 104|0x0000000089400000, 0x0000000089400000, 0x0000000089500000|  0%| F|  |TAMS 0x0000000089400000, 0x0000000089400000| Untracked 
| 105|0x0000000089500000, 0x0000000089500000, 0x0000000089600000|  0%| F|  |TAMS 0x0000000089500000, 0x0000000089500000| Untracked 
| 106|0x0000000089600000, 0x0000000089600000, 0x0000000089700000|  0%| F|  |TAMS 0x0000000089600000, 0x0000000089600000| Untracked 
| 107|0x0000000089700000, 0x0000000089700000, 0x0000000089800000|  0%| F|  |TAMS 0x0000000089700000, 0x0000000089700000| Untracked 
| 108|0x0000000089800000, 0x0000000089800000, 0x0000000089900000|  0%| F|  |TAMS 0x0000000089800000, 0x0000000089800000| Untracked 
| 109|0x0000000089900000, 0x0000000089900000, 0x0000000089a00000|  0%| F|  |TAMS 0x0000000089900000, 0x0000000089900000| Untracked 
| 110|0x0000000089a00000, 0x0000000089a00000, 0x0000000089b00000|  0%| F|  |TAMS 0x0000000089a00000, 0x0000000089a00000| Untracked 
| 111|0x0000000089b00000, 0x0000000089b00000, 0x0000000089c00000|  0%| F|  |TAMS 0x0000000089b00000, 0x0000000089b00000| Untracked 
| 112|0x0000000089c00000, 0x0000000089c00000, 0x0000000089d00000|  0%| F|  |TAMS 0x0000000089c00000, 0x0000000089c00000| Untracked 
| 113|0x0000000089d00000, 0x0000000089d00000, 0x0000000089e00000|  0%| F|  |TAMS 0x0000000089d00000, 0x0000000089d00000| Untracked 
| 114|0x0000000089e00000, 0x0000000089e00000, 0x0000000089f00000|  0%| F|  |TAMS 0x0000000089e00000, 0x0000000089e00000| Untracked 
| 115|0x0000000089f00000, 0x0000000089f00000, 0x000000008a000000|  0%| F|  |TAMS 0x0000000089f00000, 0x0000000089f00000| Untracked 
| 116|0x000000008a000000, 0x000000008a000000, 0x000000008a100000|  0%| F|  |TAMS 0x000000008a000000, 0x000000008a000000| Untracked 
| 117|0x000000008a100000, 0x000000008a100000, 0x000000008a200000|  0%| F|  |TAMS 0x000000008a100000, 0x000000008a100000| Untracked 
| 118|0x000000008a200000, 0x000000008a200000, 0x000000008a300000|  0%| F|  |TAMS 0x000000008a200000, 0x000000008a200000| Untracked 
| 119|0x000000008a300000, 0x000000008a300000, 0x000000008a400000|  0%| F|  |TAMS 0x000000008a300000, 0x000000008a300000| Untracked 
| 120|0x000000008a400000, 0x000000008a400000, 0x000000008a500000|  0%| F|  |TAMS 0x000000008a400000, 0x000000008a400000| Untracked 
| 121|0x000000008a500000, 0x000000008a500000, 0x000000008a600000|  0%| F|  |TAMS 0x000000008a500000, 0x000000008a500000| Untracked 
| 122|0x000000008a600000, 0x000000008a600000, 0x000000008a700000|  0%| F|  |TAMS 0x000000008a600000, 0x000000008a600000| Untracked 
| 123|0x000000008a700000, 0x000000008a700000, 0x000000008a800000|  0%| F|  |TAMS 0x000000008a700000, 0x000000008a700000| Untracked 
| 124|0x000000008a800000, 0x000000008a800000, 0x000000008a900000|  0%| F|  |TAMS 0x000000008a800000, 0x000000008a800000| Untracked 
| 125|0x000000008a900000, 0x000000008a900000, 0x000000008aa00000|  0%| F|  |TAMS 0x000000008a900000, 0x000000008a900000| Untracked 
| 126|0x000000008aa00000, 0x000000008aa00000, 0x000000008ab00000|  0%| F|  |TAMS 0x000000008aa00000, 0x000000008aa00000| Untracked 
| 127|0x000000008ab00000, 0x000000008ab00000, 0x000000008ac00000|  0%| F|  |TAMS 0x000000008ab00000, 0x000000008ab00000| Untracked 
| 128|0x000000008ac00000, 0x000000008ac00000, 0x000000008ad00000|  0%| F|  |TAMS 0x000000008ac00000, 0x000000008ac00000| Untracked 
| 129|0x000000008ad00000, 0x000000008ad00000, 0x000000008ae00000|  0%| F|  |TAMS 0x000000008ad00000, 0x000000008ad00000| Untracked 
| 130|0x000000008ae00000, 0x000000008ae00000, 0x000000008af00000|  0%| F|  |TAMS 0x000000008ae00000, 0x000000008ae00000| Untracked 
| 131|0x000000008af00000, 0x000000008af00000, 0x000000008b000000|  0%| F|  |TAMS 0x000000008af00000, 0x000000008af00000| Untracked 
| 132|0x000000008b000000, 0x000000008b000000, 0x000000008b100000|  0%| F|  |TAMS 0x000000008b000000, 0x000000008b000000| Untracked 
| 133|0x000000008b100000, 0x000000008b100000, 0x000000008b200000|  0%| F|  |TAMS 0x000000008b100000, 0x000000008b100000| Untracked 
| 134|0x000000008b200000, 0x000000008b200000, 0x000000008b300000|  0%| F|  |TAMS 0x000000008b200000, 0x000000008b200000| Untracked 
| 135|0x000000008b300000, 0x000000008b300000, 0x000000008b400000|  0%| F|  |TAMS 0x000000008b300000, 0x000000008b300000| Untracked 
| 136|0x000000008b400000, 0x000000008b400000, 0x000000008b500000|  0%| F|  |TAMS 0x000000008b400000, 0x000000008b400000| Untracked 
| 137|0x000000008b500000, 0x000000008b500000, 0x000000008b600000|  0%| F|  |TAMS 0x000000008b500000, 0x000000008b500000| Untracked 
| 138|0x000000008b600000, 0x000000008b600000, 0x000000008b700000|  0%| F|  |TAMS 0x000000008b600000, 0x000000008b600000| Untracked 
| 139|0x000000008b700000, 0x000000008b700000, 0x000000008b800000|  0%| F|  |TAMS 0x000000008b700000, 0x000000008b700000| Untracked 
| 140|0x000000008b800000, 0x000000008b800000, 0x000000008b900000|  0%| F|  |TAMS 0x000000008b800000, 0x000000008b800000| Untracked 
| 141|0x000000008b900000, 0x000000008b900000, 0x000000008ba00000|  0%| F|  |TAMS 0x000000008b900000, 0x000000008b900000| Untracked 
| 142|0x000000008ba00000, 0x000000008ba00000, 0x000000008bb00000|  0%| F|  |TAMS 0x000000008ba00000, 0x000000008ba00000| Untracked 
| 143|0x000000008bb00000, 0x000000008bb00000, 0x000000008bc00000|  0%| F|  |TAMS 0x000000008bb00000, 0x000000008bb00000| Untracked 
| 144|0x000000008bc00000, 0x000000008bc00000, 0x000000008bd00000|  0%| F|  |TAMS 0x000000008bc00000, 0x000000008bc00000| Untracked 
| 145|0x000000008bd00000, 0x000000008bd00000, 0x000000008be00000|  0%| F|  |TAMS 0x000000008bd00000, 0x000000008bd00000| Untracked 
| 146|0x000000008be00000, 0x000000008be00000, 0x000000008bf00000|  0%| F|  |TAMS 0x000000008be00000, 0x000000008be00000| Untracked 
| 147|0x000000008bf00000, 0x000000008bf00000, 0x000000008c000000|  0%| F|  |TAMS 0x000000008bf00000, 0x000000008bf00000| Untracked 
| 148|0x000000008c000000, 0x000000008c000000, 0x000000008c100000|  0%| F|  |TAMS 0x000000008c000000, 0x000000008c000000| Untracked 
| 149|0x000000008c100000, 0x000000008c100000, 0x000000008c200000|  0%| F|  |TAMS 0x000000008c100000, 0x000000008c100000| Untracked 
| 150|0x000000008c200000, 0x000000008c200000, 0x000000008c300000|  0%| F|  |TAMS 0x000000008c200000, 0x000000008c200000| Untracked 
| 151|0x000000008c300000, 0x000000008c300000, 0x000000008c400000|  0%| F|  |TAMS 0x000000008c300000, 0x000000008c300000| Untracked 
| 152|0x000000008c400000, 0x000000008c400000, 0x000000008c500000|  0%| F|  |TAMS 0x000000008c400000, 0x000000008c400000| Untracked 
| 153|0x000000008c500000, 0x000000008c500000, 0x000000008c600000|  0%| F|  |TAMS 0x000000008c500000, 0x000000008c500000| Untracked 
| 154|0x000000008c600000, 0x000000008c600000, 0x000000008c700000|  0%| F|  |TAMS 0x000000008c600000, 0x000000008c600000| Untracked 
| 155|0x000000008c700000, 0x000000008c700000, 0x000000008c800000|  0%| F|  |TAMS 0x000000008c700000, 0x000000008c700000| Untracked 
| 156|0x000000008c800000, 0x000000008c800000, 0x000000008c900000|  0%| F|  |TAMS 0x000000008c800000, 0x000000008c800000| Untracked 
| 157|0x000000008c900000, 0x000000008c900000, 0x000000008ca00000|  0%| F|  |TAMS 0x000000008c900000, 0x000000008c900000| Untracked 
| 158|0x000000008ca00000, 0x000000008ca00000, 0x000000008cb00000|  0%| F|  |TAMS 0x000000008ca00000, 0x000000008ca00000| Untracked 
| 159|0x000000008cb00000, 0x000000008cb00000, 0x000000008cc00000|  0%| F|  |TAMS 0x000000008cb00000, 0x000000008cb00000| Untracked 
| 160|0x000000008cc00000, 0x000000008cc00000, 0x000000008cd00000|  0%| F|  |TAMS 0x000000008cc00000, 0x000000008cc00000| Untracked 
| 161|0x000000008cd00000, 0x000000008cd00000, 0x000000008ce00000|  0%| F|  |TAMS 0x000000008cd00000, 0x000000008cd00000| Untracked 
| 162|0x000000008ce00000, 0x000000008ce00000, 0x000000008cf00000|  0%| F|  |TAMS 0x000000008ce00000, 0x000000008ce00000| Untracked 
| 163|0x000000008cf00000, 0x000000008cf00000, 0x000000008d000000|  0%| F|  |TAMS 0x000000008cf00000, 0x000000008cf00000| Untracked 
| 164|0x000000008d000000, 0x000000008d000000, 0x000000008d100000|  0%| F|  |TAMS 0x000000008d000000, 0x000000008d000000| Untracked 
| 165|0x000000008d100000, 0x000000008d100000, 0x000000008d200000|  0%| F|  |TAMS 0x000000008d100000, 0x000000008d100000| Untracked 
| 166|0x000000008d200000, 0x000000008d200000, 0x000000008d300000|  0%| F|  |TAMS 0x000000008d200000, 0x000000008d200000| Untracked 
| 167|0x000000008d300000, 0x000000008d300000, 0x000000008d400000|  0%| F|  |TAMS 0x000000008d300000, 0x000000008d300000| Untracked 
| 168|0x000000008d400000, 0x000000008d400000, 0x000000008d500000|  0%| F|  |TAMS 0x000000008d400000, 0x000000008d400000| Untracked 
| 169|0x000000008d500000, 0x000000008d600000, 0x000000008d600000|100%| S|CS|TAMS 0x000000008d500000, 0x000000008d500000| Complete 
| 170|0x000000008d600000, 0x000000008d600000, 0x000000008d700000|  0%| F|  |TAMS 0x000000008d600000, 0x000000008d600000| Untracked 
| 171|0x000000008d700000, 0x000000008d700000, 0x000000008d800000|  0%| F|  |TAMS 0x000000008d700000, 0x000000008d700000| Untracked 
| 172|0x000000008d800000, 0x000000008d800000, 0x000000008d900000|  0%| F|  |TAMS 0x000000008d800000, 0x000000008d800000| Untracked 
| 173|0x000000008d900000, 0x000000008d900000, 0x000000008da00000|  0%| F|  |TAMS 0x000000008d900000, 0x000000008d900000| Untracked 

Card table byte_map: [0x000001adb6fa0000,0x000001adb7390000] _byte_map_base: 0x000001adb6b8a000

Marking Bits (Prev, Next): (CMBitMap*) 0x000001ada43f9e10, (CMBitMap*) 0x000001ada43f9dd0
 Prev Bits: [0x000001adb96d0000, 0x000001adbb620000)
 Next Bits: [0x000001adb7780000, 0x000001adb96d0000)

Polling page: 0x000001ada3b50000

Metaspace:

Usage:
  Non-class:     61.43 MB used.
      Class:      7.54 MB used.
       Both:     68.97 MB used.

Virtual space:
  Non-class space:       64.00 MB reserved,      61.56 MB ( 96%) committed,  1 nodes.
      Class space:        1.00 GB reserved,       7.69 MB ( <1%) committed,  1 nodes.
             Both:        1.06 GB reserved,      69.25 MB (  6%) committed. 

Chunk freelists:
   Non-Class:  2.14 MB
       Class:  8.25 MB
        Both:  10.39 MB

MaxMetaspaceSize: unlimited
CompressedClassSpaceSize: 1.00 GB
Initial GC threshold: 21.00 MB
Current GC threshold: 113.25 MB
CDS: off
MetaspaceReclaimPolicy: balanced
 - commit_granule_bytes: 65536.
 - commit_granule_words: 8192.
 - virtual_space_node_default_size: 8388608.
 - enlarge_chunks_in_place: 1.
 - new_chunks_are_fully_committed: 0.
 - uncommit_free_chunks: 1.
 - use_allocation_guard: 0.
 - handle_deallocations: 1.


Internal statistics:

num_allocs_failed_limit: 3.
num_arena_births: 322.
num_arena_deaths: 0.
num_vsnodes_births: 2.
num_vsnodes_deaths: 0.
num_space_committed: 1107.
num_space_uncommitted: 0.
num_chunks_returned_to_freelist: 3.
num_chunks_taken_from_freelist: 2535.
num_chunk_merges: 3.
num_chunk_splits: 2073.
num_chunks_enlarged: 1881.
num_inconsistent_stats: 0.

CodeHeap 'non-profiled nmethods': size=120000Kb used=5324Kb max_used=5407Kb free=114675Kb
 bounds [0x000001adaf340000, 0x000001adaf890000, 0x000001adb6870000]
CodeHeap 'profiled nmethods': size=120000Kb used=30601Kb max_used=31713Kb free=89398Kb
 bounds [0x000001ada7870000, 0x000001ada9770000, 0x000001adaeda0000]
CodeHeap 'non-nmethods': size=5760Kb used=1424Kb max_used=1503Kb free=4335Kb
 bounds [0x000001adaeda0000, 0x000001adaf010000, 0x000001adaf340000]
 total_blobs=9832 nmethods=9077 adapters=662
 compilation: enabled
              stopped_count=0, restarted_count=0
 full_count=0

Compilation events (20 events):
Event: 8.501 Thread 0x000001adbe20e7c0 nmethod 10571 0x000001ada851c310 code [0x000001ada851c5c0, 0x000001ada851d298]
Event: 8.501 Thread 0x000001adbe20e7c0 10573       3       org.jetbrains.kotlin.ir.expressions.impl.IrExpressionBodyImpl::<init> (28 bytes)
Event: 8.501 Thread 0x000001adbe20e7c0 nmethod 10573 0x000001ada957b190 code [0x000001ada957b3c0, 0x000001ada957bb58]
Event: 8.501 Thread 0x000001adbe20e7c0 10574       3       org.jetbrains.kotlin.ir.expressions.IrExpressionBody::<init> (5 bytes)
Event: 8.501 Thread 0x000001adbe20e7c0 nmethod 10574 0x000001ada8212810 code [0x000001ada82129c0, 0x000001ada8212bf8]
Event: 8.501 Thread 0x000001adbe20e7c0 10576       3       org.jetbrains.kotlin.ir.types.IrTypePredicatesKt::isPrimitiveType$default (14 bytes)
Event: 8.502 Thread 0x000001adbe20e7c0 nmethod 10576 0x000001ada83be210 code [0x000001ada83be4e0, 0x000001ada83bf1d8]
Event: 8.502 Thread 0x000001adbe20e7c0 10577       3       org.jetbrains.kotlin.ir.types.IrTypePredicatesKt::isPrimitiveType (27 bytes)
Event: 8.502 Thread 0x000001adbe20e7c0 nmethod 10577 0x000001ada92c2010 code [0x000001ada92c22c0, 0x000001ada92c2f18]
Event: 8.502 Thread 0x000001adbe20e7c0 10556       3       org.jetbrains.kotlin.fir.scopes.impl.FirScopeWithCallableCopyReturnTypeUpdater$$Lambda$708/0x00000001006c20b8::invoke (16 bytes)
Event: 8.502 Thread 0x000001adbe20e7c0 nmethod 10556 0x000001ada851b210 code [0x000001ada851b480, 0x000001ada851bf38]
Event: 8.502 Thread 0x000001adbe20e7c0 10555       3       org.jetbrains.kotlin.fir.lazy.Fir2IrLazyProperty::getCallablesGenerator (10 bytes)
Event: 8.503 Thread 0x000001adbe20e7c0 nmethod 10555 0x000001ada9444390 code [0x000001ada9444540, 0x000001ada9444708]
Event: 8.503 Thread 0x000001adbe20e7c0 10570       3       org.jetbrains.kotlin.ir.visitors.IrElementTransformerVoid::visitReturn (13 bytes)
Event: 8.503 Thread 0x000001adbe20e7c0 nmethod 10570 0x000001ada83bd710 code [0x000001ada83bd920, 0x000001ada83bdf88]
Event: 8.505 Thread 0x000001adbe20e7c0 10578       3       org.jetbrains.kotlin.fir.scopes.impl.FirClassUseSiteMemberScope$$Lambda$447/0x00000001005cfda0::invoke (20 bytes)
Event: 8.505 Thread 0x000001adbe20e7c0 nmethod 10578 0x000001ada7f83f10 code [0x000001ada7f840c0, 0x000001ada7f84308]
Event: 8.505 Thread 0x000001adbe20e7c0 10579       3       org.jetbrains.kotlin.fir.scopes.impl.FirClassUseSiteMemberScope::collectProperties$lambda$2$lambda$1 (86 bytes)
Event: 8.506 Thread 0x000001adbe20e7c0 nmethod 10579 0x000001ada9586910 code [0x000001ada9586be0, 0x000001ada9587c98]
Event: 8.506 Thread 0x000001adbe20e7c0 10580       3       org.jetbrains.kotlin.fir.lazy.Fir2IrLazyPropertyAccessor::<init> (261 bytes)

GC Heap History (20 events):
Event: 4.597 GC heap after
{Heap after GC invocations=26 (full 0):
 garbage-first heap   total 134144K, used 64374K [0x0000000082c00000, 0x0000000100000000)
  region size 1024K, 6 young (6144K), 6 survivors (6144K)
 Metaspace       used 54523K, committed 54784K, reserved 1114112K
  class space    used 6321K, committed 6400K, reserved 1048576K
}
Event: 5.078 GC heap before
{Heap before GC invocations=26 (full 0):
 garbage-first heap   total 134144K, used 98166K [0x0000000082c00000, 0x0000000100000000)
  region size 1024K, 39 young (39936K), 6 survivors (6144K)
 Metaspace       used 55184K, committed 55424K, reserved 1114112K
  class space    used 6366K, committed 6464K, reserved 1048576K
}
Event: 5.095 GC heap after
{Heap after GC invocations=27 (full 0):
 garbage-first heap   total 134144K, used 70914K [0x0000000082c00000, 0x0000000100000000)
  region size 1024K, 5 young (5120K), 5 survivors (5120K)
 Metaspace       used 55184K, committed 55424K, reserved 1114112K
  class space    used 6366K, committed 6464K, reserved 1048576K
}
Event: 5.624 GC heap before
{Heap before GC invocations=27 (full 0):
 garbage-first heap   total 134144K, used 101634K [0x0000000082c00000, 0x0000000100000000)
  region size 1024K, 35 young (35840K), 5 survivors (5120K)
 Metaspace       used 57287K, committed 57600K, reserved 1114112K
  class space    used 6558K, committed 6656K, reserved 1048576K
}
Event: 5.638 GC heap after
{Heap after GC invocations=28 (full 0):
 garbage-first heap   total 134144K, used 74811K [0x0000000082c00000, 0x0000000100000000)
  region size 1024K, 4 young (4096K), 4 survivors (4096K)
 Metaspace       used 57287K, committed 57600K, reserved 1114112K
  class space    used 6558K, committed 6656K, reserved 1048576K
}
Event: 6.237 GC heap before
{Heap before GC invocations=29 (full 0):
 garbage-first heap   total 134144K, used 103483K [0x0000000082c00000, 0x0000000100000000)
  region size 1024K, 33 young (33792K), 4 survivors (4096K)
 Metaspace       used 59011K, committed 59264K, reserved 1114112K
  class space    used 6688K, committed 6784K, reserved 1048576K
}
Event: 6.248 GC heap after
{Heap after GC invocations=30 (full 0):
 garbage-first heap   total 134144K, used 78160K [0x0000000082c00000, 0x0000000100000000)
  region size 1024K, 5 young (5120K), 5 survivors (5120K)
 Metaspace       used 59011K, committed 59264K, reserved 1114112K
  class space    used 6688K, committed 6784K, reserved 1048576K
}
Event: 6.267 GC heap before
{Heap before GC invocations=30 (full 0):
 garbage-first heap   total 134144K, used 79184K [0x0000000082c00000, 0x0000000100000000)
  region size 1024K, 6 young (6144K), 5 survivors (5120K)
 Metaspace       used 59027K, committed 59264K, reserved 1114112K
  class space    used 6688K, committed 6784K, reserved 1048576K
}
Event: 6.278 GC heap after
{Heap after GC invocations=31 (full 0):
 garbage-first heap   total 161792K, used 77790K [0x0000000082c00000, 0x0000000100000000)
  region size 1024K, 1 young (1024K), 1 survivors (1024K)
 Metaspace       used 59027K, committed 59264K, reserved 1114112K
  class space    used 6688K, committed 6784K, reserved 1048576K
}
Event: 6.903 GC heap before
{Heap before GC invocations=31 (full 0):
 garbage-first heap   total 161792K, used 122846K [0x0000000082c00000, 0x0000000100000000)
  region size 1024K, 45 young (46080K), 1 survivors (1024K)
 Metaspace       used 60761K, committed 61056K, reserved 1114112K
  class space    used 6821K, committed 6976K, reserved 1048576K
}
Event: 6.919 GC heap after
{Heap after GC invocations=32 (full 0):
 garbage-first heap   total 161792K, used 87853K [0x0000000082c00000, 0x0000000100000000)
  region size 1024K, 6 young (6144K), 6 survivors (6144K)
 Metaspace       used 60761K, committed 61056K, reserved 1114112K
  class space    used 6821K, committed 6976K, reserved 1048576K
}
Event: 7.579 GC heap before
{Heap before GC invocations=33 (full 0):
 garbage-first heap   total 161792K, used 125741K [0x0000000082c00000, 0x0000000100000000)
  region size 1024K, 43 young (44032K), 6 survivors (6144K)
 Metaspace       used 66210K, committed 66560K, reserved 1114112K
  class space    used 7336K, committed 7488K, reserved 1048576K
}
Event: 7.596 GC heap after
{Heap after GC invocations=34 (full 0):
 garbage-first heap   total 161792K, used 94023K [0x0000000082c00000, 0x0000000100000000)
  region size 1024K, 6 young (6144K), 6 survivors (6144K)
 Metaspace       used 66210K, committed 66560K, reserved 1114112K
  class space    used 7336K, committed 7488K, reserved 1048576K
}
Event: 7.601 GC heap before
{Heap before GC invocations=34 (full 0):
 garbage-first heap   total 161792K, used 95047K [0x0000000082c00000, 0x0000000100000000)
  region size 1024K, 7 young (7168K), 6 survivors (6144K)
 Metaspace       used 66222K, committed 66560K, reserved 1114112K
  class space    used 7337K, committed 7488K, reserved 1048576K
}
Event: 7.608 GC heap after
{Heap after GC invocations=35 (full 0):
 garbage-first heap   total 161792K, used 94491K [0x0000000082c00000, 0x0000000100000000)
  region size 1024K, 1 young (1024K), 1 survivors (1024K)
 Metaspace       used 66222K, committed 66560K, reserved 1114112K
  class space    used 7337K, committed 7488K, reserved 1048576K
}
Event: 8.020 GC heap before
{Heap before GC invocations=35 (full 0):
 garbage-first heap   total 161792K, used 128283K [0x0000000082c00000, 0x0000000100000000)
  region size 1024K, 34 young (34816K), 1 survivors (1024K)
 Metaspace       used 68673K, committed 69056K, reserved 1114112K
  class space    used 7492K, committed 7680K, reserved 1048576K
}
Event: 8.037 GC heap after
{Heap after GC invocations=36 (full 0):
 garbage-first heap   total 161792K, used 97653K [0x0000000082c00000, 0x0000000100000000)
  region size 1024K, 5 young (5120K), 5 survivors (5120K)
 Metaspace       used 68673K, committed 69056K, reserved 1114112K
  class space    used 7492K, committed 7680K, reserved 1048576K
}
Event: 8.464 GC heap before
{Heap before GC invocations=37 (full 0):
 garbage-first heap   total 178176K, used 127349K [0x0000000082c00000, 0x0000000100000000)
  region size 1024K, 34 young (34816K), 5 survivors (5120K)
 Metaspace       used 70575K, committed 70848K, reserved 1114112K
  class space    used 7724K, committed 7872K, reserved 1048576K
}
Event: 8.472 GC heap after
{Heap after GC invocations=38 (full 0):
 garbage-first heap   total 178176K, used 101666K [0x0000000082c00000, 0x0000000100000000)
  region size 1024K, 4 young (4096K), 4 survivors (4096K)
 Metaspace       used 70575K, committed 70848K, reserved 1114112K
  class space    used 7724K, committed 7872K, reserved 1048576K
}
Event: 8.514 GC heap before
{Heap before GC invocations=38 (full 0):
 garbage-first heap   total 178176K, used 105762K [0x0000000082c00000, 0x0000000100000000)
  region size 1024K, 8 young (8192K), 4 survivors (4096K)
 Metaspace       used 70623K, committed 70912K, reserved 1114112K
  class space    used 7724K, committed 7872K, reserved 1048576K
}

Dll operation events (2 events):
Event: 0.008 Loaded shared library C:\Program Files\Android\Android Studio\jbr\bin\java.dll
Event: 0.892 Loaded shared library C:\Program Files\Android\Android Studio\jbr\bin\verify.dll

Deoptimization events (20 events):
Event: 8.355 Thread 0x000001ada43a0bc0 Uncommon trap: trap_request=0xffffffc6 fr.pc=0x000001adaf5e4f70 relative=0x00000000000007b0
Event: 8.355 Thread 0x000001ada43a0bc0 Uncommon trap: reason=bimorphic_or_optimized_type_check action=maybe_recompile pc=0x000001adaf5e4f70 method=org.jetbrains.kotlin.ir.declarations.IrFunction.acceptChildren(Lorg/jetbrains/kotlin/ir/visitors/IrElementVisitor;Ljava/lang/Object;)V @ 18 c2
Event: 8.355 Thread 0x000001ada43a0bc0 DEOPT PACKING pc=0x000001adaf5e4f70 sp=0x0000000c394f9a30
Event: 8.355 Thread 0x000001ada43a0bc0 DEOPT UNPACKING pc=0x000001adaedf69a3 sp=0x0000000c394f99b8 mode 2
Event: 8.355 Thread 0x000001ada43a0bc0 Uncommon trap: trap_request=0xffffff45 fr.pc=0x000001adaf5728d4 relative=0x00000000000005b4
Event: 8.355 Thread 0x000001ada43a0bc0 Uncommon trap: reason=unstable_if action=reinterpret pc=0x000001adaf5728d4 method=androidx.compose.compiler.plugins.kotlin.lower.ComposeInlineLambdaLocator$scan$1.visitValueParameter(Lorg/jetbrains/kotlin/ir/declarations/IrValueParameter;)V @ 54 c2
Event: 8.355 Thread 0x000001ada43a0bc0 DEOPT PACKING pc=0x000001adaf5728d4 sp=0x0000000c394f9810
Event: 8.355 Thread 0x000001ada43a0bc0 DEOPT UNPACKING pc=0x000001adaedf69a3 sp=0x0000000c394f97c8 mode 2
Event: 8.376 Thread 0x000001ada43a0bc0 Uncommon trap: trap_request=0xffffffc6 fr.pc=0x000001adaf5e4f70 relative=0x00000000000007b0
Event: 8.376 Thread 0x000001ada43a0bc0 Uncommon trap: reason=bimorphic_or_optimized_type_check action=maybe_recompile pc=0x000001adaf5e4f70 method=org.jetbrains.kotlin.ir.declarations.IrFunction.acceptChildren(Lorg/jetbrains/kotlin/ir/visitors/IrElementVisitor;Ljava/lang/Object;)V @ 18 c2
Event: 8.376 Thread 0x000001ada43a0bc0 DEOPT PACKING pc=0x000001adaf5e4f70 sp=0x0000000c394f9ad0
Event: 8.376 Thread 0x000001ada43a0bc0 DEOPT UNPACKING pc=0x000001adaedf69a3 sp=0x0000000c394f9a58 mode 2
Event: 8.378 Thread 0x000001ada43a0bc0 Uncommon trap: trap_request=0xffffffc6 fr.pc=0x000001adaf5e4f70 relative=0x00000000000007b0
Event: 8.378 Thread 0x000001ada43a0bc0 Uncommon trap: reason=bimorphic_or_optimized_type_check action=maybe_recompile pc=0x000001adaf5e4f70 method=org.jetbrains.kotlin.ir.declarations.IrFunction.acceptChildren(Lorg/jetbrains/kotlin/ir/visitors/IrElementVisitor;Ljava/lang/Object;)V @ 18 c2
Event: 8.378 Thread 0x000001ada43a0bc0 DEOPT PACKING pc=0x000001adaf5e4f70 sp=0x0000000c394fa8c0
Event: 8.378 Thread 0x000001ada43a0bc0 DEOPT UNPACKING pc=0x000001adaedf69a3 sp=0x0000000c394fa848 mode 2
Event: 8.402 Thread 0x000001ada43a0bc0 Uncommon trap: trap_request=0xffffff66 fr.pc=0x000001adaf82b4b0 relative=0x0000000000002590
Event: 8.402 Thread 0x000001ada43a0bc0 Uncommon trap: reason=speculate_class_check action=maybe_recompile pc=0x000001adaf82b4b0 method=org.jetbrains.kotlin.fir.backend.Fir2IrClassifierStorage.getIrClass(Lorg/jetbrains/kotlin/fir/declarations/FirClass;)Lorg/jetbrains/kotlin/ir/declarations/IrCl
Event: 8.402 Thread 0x000001ada43a0bc0 DEOPT PACKING pc=0x000001adaf82b4b0 sp=0x0000000c394fa4d0
Event: 8.402 Thread 0x000001ada43a0bc0 DEOPT UNPACKING pc=0x000001adaedf69a3 sp=0x0000000c394fa4c8 mode 2

Classes unloaded (0 events):
No events

Classes redefined (0 events):
No events

Internal exceptions (20 events):
Event: 3.782 Thread 0x000001ada43a0bc0 Exception <a 'java/lang/NoSuchMethodError'{0x0000000088e6ef88}: 'java.lang.Object java.lang.invoke.DirectMethodHandle$Holder.invokeStatic(java.lang.Object, java.lang.Object, java.lang.Object, int, java.lang.Object, java.lang.Object)'> (0x0000000088e6ef88) 
thrown [s\src\hotspot\share\interpreter\linkResolver.cpp, line 771]
Event: 4.511 Thread 0x000001ada43a0bc0 Exception <a 'java/lang/NoSuchMethodError'{0x0000000088ea5c60}: 'java.lang.Object java.lang.invoke.DirectMethodHandle$Holder.invokeStatic(java.lang.Object, int, java.lang.Object)'> (0x0000000088ea5c60) 
thrown [s\src\hotspot\share\interpreter\linkResolver.cpp, line 771]
Event: 4.885 Thread 0x000001ada43a0bc0 Exception <a 'java/lang/NoSuchMethodError'{0x0000000089de20b8}: 'java.lang.Object java.lang.invoke.DirectMethodHandle$Holder.newInvokeSpecial(java.lang.Object, java.lang.Object, java.lang.Object, java.lang.Object, java.lang.Object, int)'> (0x0000000089de20b8) 
thrown [s\src\hotspot\share\interpreter\linkResolver.cpp, line 771]
Event: 4.886 Thread 0x000001ada43a0bc0 Exception <a 'java/lang/NoSuchMethodError'{0x0000000089dea4a8}: 'java.lang.Object java.lang.invoke.Invokers$Holder.linkToTargetMethod(java.lang.Object, java.lang.Object, java.lang.Object, java.lang.Object, int, java.lang.Object)'> (0x0000000089dea4a8) 
thrown [s\src\hotspot\share\interpreter\linkResolver.cpp, line 771]
Event: 5.776 Thread 0x000001ada43a0bc0 Implicit null exception at 0x000001adaf50c5d5 to 0x000001adaf50c764
Event: 6.312 Thread 0x000001ada43a0bc0 Exception <a 'java/lang/NoSuchMethodError'{0x000000008c9f6eb8}: 'java.lang.Object java.lang.invoke.DirectMethodHandle$Holder.invokeSpecial(java.lang.Object, java.lang.Object, java.lang.Object, int, java.lang.Object, java.lang.Object, java.lang.Object)'> (0x000000008c9f6eb8) 
thrown [s\src\hotspot\share\interpreter\linkResolver.cpp, line 771]
Event: 6.312 Thread 0x000001ada43a0bc0 Exception <a 'java/lang/NoSuchMethodError'{0x000000008c9fa798}: 'java.lang.Object java.lang.invoke.Invokers$Holder.linkToTargetMethod(java.lang.Object, int, java.lang.Object, java.lang.Object, java.lang.Object, java.lang.Object)'> (0x000000008c9fa798) 
thrown [s\src\hotspot\share\interpreter\linkResolver.cpp, line 771]
Event: 6.958 Thread 0x000001ada43a0bc0 Implicit null exception at 0x000001adaf4849f5 to 0x000001adaf485014
Event: 6.959 Thread 0x000001ada43a0bc0 Implicit null exception at 0x000001adaf472172 to 0x000001adaf472788
Event: 6.997 Thread 0x000001ada43a0bc0 Exception <a 'java/lang/NoSuchMethodError'{0x000000008c47cce8}: 'java.lang.Object java.lang.invoke.DirectMethodHandle$Holder.invokeStatic(java.lang.Object, java.lang.Object, int)'> (0x000000008c47cce8) 
thrown [s\src\hotspot\share\interpreter\linkResolver.cpp, line 771]
Event: 7.133 Thread 0x000001ada43a0bc0 Exception <a 'java/lang/NoSuchMethodError'{0x000000008ba23dc0}: 'java.lang.Object java.lang.invoke.DirectMethodHandle$Holder.invokeStatic(java.lang.Object, java.lang.Object, int, int)'> (0x000000008ba23dc0) 
thrown [s\src\hotspot\share\interpreter\linkResolver.cpp, line 771]
Event: 7.133 Thread 0x000001ada43a0bc0 Exception <a 'java/lang/NoSuchMethodError'{0x000000008ba2b628}: 'java.lang.Object java.lang.invoke.DirectMethodHandle$Holder.newInvokeSpecial(java.lang.Object, java.lang.Object, int, int)'> (0x000000008ba2b628) 
thrown [s\src\hotspot\share\interpreter\linkResolver.cpp, line 771]
Event: 7.134 Thread 0x000001ada43a0bc0 Exception <a 'java/lang/NoSuchMethodError'{0x000000008ba2fb40}: 'java.lang.Object java.lang.invoke.DirectMethodHandle$Holder.invokeSpecial(java.lang.Object, java.lang.Object, java.lang.Object, int, int)'> (0x000000008ba2fb40) 
thrown [s\src\hotspot\share\interpreter\linkResolver.cpp, line 771]
Event: 7.134 Thread 0x000001ada43a0bc0 Exception <a 'java/lang/NoSuchMethodError'{0x000000008ba339b8}: 'java.lang.Object java.lang.invoke.Invokers$Holder.linkToTargetMethod(java.lang.Object, int, int, java.lang.Object)'> (0x000000008ba339b8) 
thrown [s\src\hotspot\share\interpreter\linkResolver.cpp, line 771]
Event: 7.147 Thread 0x000001ada43a0bc0 Exception <a 'java/lang/NoSuchMethodError'{0x000000008bae52d0}: 'java.lang.Object java.lang.invoke.DirectMethodHandle$Holder.newInvokeSpecial(java.lang.Object, java.lang.Object, java.lang.Object, java.lang.Object, java.lang.Object, java.lang.Object, java.lang.Object, int)'> (0x000000008bae52d0) 
thrown [s\src\hotspot\share\interpreter\linkResolver.cpp, line 771]
Event: 7.147 Thread 0x000001ada43a0bc0 Exception <a 'java/lang/NoSuchMethodError'{0x000000008baea3d8}: 'java.lang.Object java.lang.invoke.DirectMethodHandle$Holder.invokeSpecial(java.lang.Object, java.lang.Object, java.lang.Object, java.lang.Object, java.lang.Object, java.lang.Object, java.lang.Object, java.lang.Object, int)'> (0x000000008baea3d8) 
thrown [s\src\hotspot\share\interpreter\linkResolver.cpp, line 771]
Event: 8.093 Thread 0x000001ada43a0bc0 Exception <a 'java/lang/NoSuchMethodError'{0x000000008c702ab8}: 'java.lang.Object java.lang.invoke.DirectMethodHandle$Holder.invokeStatic(java.lang.Object, java.lang.Object, int, java.lang.Object, java.lang.Object)'> (0x000000008c702ab8) 
thrown [s\src\hotspot\share\interpreter\linkResolver.cpp, line 771]
Event: 8.094 Thread 0x000001ada43a0bc0 Exception <a 'java/lang/NoSuchMethodError'{0x000000008c70ab98}: 'java.lang.Object java.lang.invoke.DirectMethodHandle$Holder.newInvokeSpecial(java.lang.Object, java.lang.Object, int, java.lang.Object, java.lang.Object)'> (0x000000008c70ab98) 
thrown [s\src\hotspot\share\interpreter\linkResolver.cpp, line 771]
Event: 8.094 Thread 0x000001ada43a0bc0 Exception <a 'java/lang/NoSuchMethodError'{0x000000008c70f2e0}: 'java.lang.Object java.lang.invoke.DirectMethodHandle$Holder.invokeSpecial(java.lang.Object, java.lang.Object, java.lang.Object, int, java.lang.Object, java.lang.Object)'> (0x000000008c70f2e0) 
thrown [s\src\hotspot\share\interpreter\linkResolver.cpp, line 771]
Event: 8.095 Thread 0x000001ada43a0bc0 Exception <a 'java/lang/NoSuchMethodError'{0x000000008c713030}: 'java.lang.Object java.lang.invoke.Invokers$Holder.linkToTargetMethod(java.lang.Object, int, java.lang.Object, java.lang.Object, java.lang.Object)'> (0x000000008c713030) 
thrown [s\src\hotspot\share\interpreter\linkResolver.cpp, line 771]

VM Operations (20 events):
Event: 8.160 Executing VM operation: G1PauseRemark done
Event: 8.214 Executing VM operation: G1PauseCleanup
Event: 8.214 Executing VM operation: G1PauseCleanup done
Event: 8.232 Executing VM operation: HandshakeAllThreads
Event: 8.232 Executing VM operation: HandshakeAllThreads done
Event: 8.253 Executing VM operation: HandshakeAllThreads
Event: 8.253 Executing VM operation: HandshakeAllThreads done
Event: 8.263 Executing VM operation: HandshakeAllThreads
Event: 8.263 Executing VM operation: HandshakeAllThreads done
Event: 8.276 Executing VM operation: HandshakeAllThreads
Event: 8.276 Executing VM operation: HandshakeAllThreads done
Event: 8.313 Executing VM operation: HandshakeAllThreads
Event: 8.314 Executing VM operation: HandshakeAllThreads done
Event: 8.330 Executing VM operation: HandshakeAllThreads
Event: 8.330 Executing VM operation: HandshakeAllThreads done
Event: 8.336 Executing VM operation: ICBufferFull
Event: 8.336 Executing VM operation: ICBufferFull done
Event: 8.463 Executing VM operation: G1CollectForAllocation
Event: 8.472 Executing VM operation: G1CollectForAllocation done
Event: 8.514 Executing VM operation: G1CollectForAllocation

Events (20 events):
Event: 8.329 Thread 0x000001adbe24bb30 flushing nmethod 0x000001ada9515990
Event: 8.329 Thread 0x000001adbe24bb30 flushing nmethod 0x000001ada954c090
Event: 8.329 Thread 0x000001adbe24bb30 flushing nmethod 0x000001ada9573a10
Event: 8.329 Thread 0x000001adbe24bb30 flushing nmethod 0x000001ada957b190
Event: 8.329 Thread 0x000001adbe24bb30 flushing nmethod 0x000001ada957fd90
Event: 8.329 Thread 0x000001adbe24bb30 flushing nmethod 0x000001ada9585810
Event: 8.329 Thread 0x000001adbe24bb30 flushing nmethod 0x000001ada961bd90
Event: 8.329 Thread 0x000001adbe24bb30 flushing nmethod 0x000001ada9620210
Event: 8.329 Thread 0x000001adbe24bb30 flushing nmethod 0x000001ada9621790
Event: 8.329 Thread 0x000001adbe24bb30 flushing nmethod 0x000001ada962b910
Event: 8.329 Thread 0x000001adbe24bb30 flushing nmethod 0x000001ada962be10
Event: 8.329 Thread 0x000001adbe24bb30 flushing nmethod 0x000001ada9632910
Event: 8.329 Thread 0x000001adbe24bb30 flushing nmethod 0x000001ada9640710
Event: 8.329 Thread 0x000001adbe24bb30 flushing nmethod 0x000001ada9652210
Event: 8.329 Thread 0x000001adbe24bb30 flushing nmethod 0x000001ada9652d10
Event: 8.329 Thread 0x000001adbe24bb30 flushing nmethod 0x000001ada9656810
Event: 8.329 Thread 0x000001adbe24bb30 flushing nmethod 0x000001ada966cd90
Event: 8.329 Thread 0x000001adbe24bb30 flushing nmethod 0x000001ada967f890
Event: 8.330 Thread 0x000001adbe24bb30 flushing nmethod 0x000001ada9691d10
Event: 8.330 Thread 0x000001adbe24bb30 flushing nmethod 0x000001ada96d5090


Dynamic libraries:
0x00007ff702980000 - 0x00007ff70298a000 	C:\Program Files\Android\Android Studio\jbr\bin\java.exe
0x00007ffc0eb90000 - 0x00007ffc0eda7000 	C:\WINDOWS\SYSTEM32\ntdll.dll
0x00007ffc0d750000 - 0x00007ffc0d814000 	C:\WINDOWS\System32\KERNEL32.DLL
0x00007ffc0c190000 - 0x00007ffc0c53d000 	C:\WINDOWS\System32\KERNELBASE.dll
0x00007ffc0bee0000 - 0x00007ffc0bff1000 	C:\WINDOWS\System32\ucrtbase.dll
0x00007ffc04b80000 - 0x00007ffc04b9b000 	C:\Program Files\Android\Android Studio\jbr\bin\VCRUNTIME140.dll
0x00007ffbfeab0000 - 0x00007ffbfeac7000 	C:\Program Files\Android\Android Studio\jbr\bin\jli.dll
0x00007ffc0da00000 - 0x00007ffc0dbae000 	C:\WINDOWS\System32\USER32.dll
0x00007ffc0beb0000 - 0x00007ffc0bed6000 	C:\WINDOWS\System32\win32u.dll
0x00007ffbf2960000 - 0x00007ffbf2bf3000 	C:\WINDOWS\WinSxS\amd64_microsoft.windows.common-controls_6595b64144ccf1df_6.0.22621.3672_none_2713b9d173822955\COMCTL32.dll
0x00007ffc0de60000 - 0x00007ffc0de89000 	C:\WINDOWS\System32\GDI32.dll
0x00007ffc0d6a0000 - 0x00007ffc0d747000 	C:\WINDOWS\System32\msvcrt.dll
0x00007ffc0c770000 - 0x00007ffc0c889000 	C:\WINDOWS\System32\gdi32full.dll
0x00007ffc0c0f0000 - 0x00007ffc0c18a000 	C:\WINDOWS\System32\msvcp_win.dll
0x00007ffc0e900000 - 0x00007ffc0e931000 	C:\WINDOWS\System32\IMM32.DLL
0x00007ffc06e90000 - 0x00007ffc06e9c000 	C:\Program Files\Android\Android Studio\jbr\bin\vcruntime140_1.dll
0x00007ffbe5d60000 - 0x00007ffbe5ded000 	C:\Program Files\Android\Android Studio\jbr\bin\msvcp140.dll
0x00007ffbae360000 - 0x00007ffbaefe3000 	C:\Program Files\Android\Android Studio\jbr\bin\server\jvm.dll
0x00007ffc0d570000 - 0x00007ffc0d622000 	C:\WINDOWS\System32\ADVAPI32.dll
0x00007ffc0cb50000 - 0x00007ffc0cbf9000 	C:\WINDOWS\System32\sechost.dll
0x00007ffc0c890000 - 0x00007ffc0c8b8000 	C:\WINDOWS\System32\bcrypt.dll
0x00007ffc0d8e0000 - 0x00007ffc0d9f4000 	C:\WINDOWS\System32\RPCRT4.dll
0x00007ffc0bd80000 - 0x00007ffc0bdcd000 	C:\WINDOWS\SYSTEM32\POWRPROF.dll
0x00007ffc04ba0000 - 0x00007ffc04ba9000 	C:\WINDOWS\SYSTEM32\WSOCK32.dll
0x00007ffc02890000 - 0x00007ffc028c4000 	C:\WINDOWS\SYSTEM32\WINMM.dll
0x00007ffc03460000 - 0x00007ffc0346a000 	C:\WINDOWS\SYSTEM32\VERSION.dll
0x00007ffc0e940000 - 0x00007ffc0e9b1000 	C:\WINDOWS\System32\WS2_32.dll
0x00007ffc0bcb0000 - 0x00007ffc0bcc3000 	C:\WINDOWS\SYSTEM32\UMPDC.dll
0x00007ffc0af00000 - 0x00007ffc0af18000 	C:\WINDOWS\SYSTEM32\kernel.appcore.dll
0x00007ffc04b00000 - 0x00007ffc04b0a000 	C:\Program Files\Android\Android Studio\jbr\bin\jimage.dll
0x00007ffc09780000 - 0x00007ffc099b2000 	C:\WINDOWS\SYSTEM32\DBGHELP.DLL
0x00007ffc0e570000 - 0x00007ffc0e8fe000 	C:\WINDOWS\System32\combase.dll
0x00007ffc0cc10000 - 0x00007ffc0cce7000 	C:\WINDOWS\System32\OLEAUT32.dll
0x00007ffbeef00000 - 0x00007ffbeef32000 	C:\WINDOWS\SYSTEM32\dbgcore.DLL
0x00007ffc0c070000 - 0x00007ffc0c0eb000 	C:\WINDOWS\System32\bcryptPrimitives.dll
0x00007ffbfc850000 - 0x00007ffbfc875000 	C:\Program Files\Android\Android Studio\jbr\bin\java.dll
0x00007ffbf6090000 - 0x00007ffbf60a8000 	C:\Program Files\Android\Android Studio\jbr\bin\zip.dll
0x00007ffc0ccf0000 - 0x00007ffc0d557000 	C:\WINDOWS\System32\SHELL32.dll
0x00007ffc09e30000 - 0x00007ffc0a72f000 	C:\WINDOWS\SYSTEM32\windows.storage.dll
0x00007ffc09cf0000 - 0x00007ffc09e2f000 	C:\WINDOWS\SYSTEM32\wintypes.dll
0x00007ffc0dbb0000 - 0x00007ffc0dca9000 	C:\WINDOWS\System32\SHCORE.dll
0x00007ffc0e3b0000 - 0x00007ffc0e40e000 	C:\WINDOWS\System32\shlwapi.dll
0x00007ffc0bde0000 - 0x00007ffc0be07000 	C:\WINDOWS\SYSTEM32\profapi.dll
0x00007ffbf5ac0000 - 0x00007ffbf5ad9000 	C:\Program Files\Android\Android Studio\jbr\bin\net.dll
0x00007ffc082e0000 - 0x00007ffc08416000 	C:\WINDOWS\SYSTEM32\WINHTTP.dll
0x00007ffc0b370000 - 0x00007ffc0b3d9000 	C:\WINDOWS\system32\mswsock.dll
0x00007ffbf36d0000 - 0x00007ffbf36e6000 	C:\Program Files\Android\Android Studio\jbr\bin\nio.dll
0x00007ffc00520000 - 0x00007ffc00530000 	C:\Program Files\Android\Android Studio\jbr\bin\verify.dll

dbghelp: loaded successfully - version: 4.0.5 - missing functions: none
symbol engine: initialized successfully - sym options: 0x614 - pdb path: .;C:\Program Files\Android\Android Studio\jbr\bin;C:\WINDOWS\SYSTEM32;C:\WINDOWS\WinSxS\amd64_microsoft.windows.common-controls_6595b64144ccf1df_6.0.22621.3672_none_2713b9d173822955;C:\Program Files\Android\Android Studio\jbr\bin\server

VM Arguments:
java_command: org.jetbrains.kotlin.cli.jvm.K2JVMCompiler @C:\Users\koosh\AndroidStudioProjects\NokiaTest\app\build\20241008_14921280965222649313.compiler.options
java_class_path (initial): C:\Users\koosh\.gradle\caches\modules-2\files-2.1\org.jetbrains.kotlin\kotlin-compiler-embeddable\2.0.20\244b603e8c729f98baaf9088d90b5b9350c68af8\kotlin-compiler-embeddable-2.0.20.jar;C:\Users\koosh\.gradle\caches\modules-2\files-2.1\org.jetbrains.kotlin\kotlin-stdlib\2.0.20\7388d355f7cceb002cd387ccb7ab3850e4e0a07f\kotlin-stdlib-2.0.20.jar;C:\Users\koosh\.gradle\caches\modules-2\files-2.1\org.jetbrains.kotlin\kotlin-script-runtime\2.0.20\4aea042b39014e0a924c2e1d4a21b6fff7e4d35\kotlin-script-runtime-2.0.20.jar;C:\Users\koosh\.gradle\caches\modules-2\files-2.1\org.jetbrains.kotlin\kotlin-reflect\1.6.10\1cbe9c92c12a94eea200d23c2bbaedaf3daf5132\kotlin-reflect-1.6.10.jar;C:\Users\koosh\.gradle\caches\modules-2\files-2.1\org.jetbrains.kotlin\kotlin-daemon-embeddable\2.0.20\9eb02dce62f058efe6a121cf00cf5da9779e2746\kotlin-daemon-embeddable-2.0.20.jar;C:\Users\koosh\.gradle\caches\modules-2\files-2.1\org.jetbrains.intellij.deps\trove4j\1.0.20200330\3afb14d5f9ceb459d724e907a21145e8ff394f02\trove4j-1.0.20200330.jar;C:\Users\koosh\.gradle\caches\modules-2\files-2.1\org.jetbrains.kotlinx\kotlinx-coroutines-core-jvm\1.6.4\2c997cd1c0ef33f3e751d3831929aeff1390cb30\kotlinx-coroutines-core-jvm-1.6.4.jar;C:\Users\koosh\.gradle\caches\modules-2\files-2.1\org.jetbrains\annotations\13.0\919f0dfe192fb4e063e7dacadee7f8bb9a2672a9\annotations-13.0.jar
Launcher Type: SUN_STANDARD

[Global flags]
     intx CICompilerCount                          = 4                                         {product} {ergonomic}
     uint ConcGCThreads                            = 2                                         {product} {ergonomic}
     uint G1ConcRefinementThreads                  = 8                                         {product} {ergonomic}
   size_t G1HeapRegionSize                         = 1048576                                   {product} {ergonomic}
    uintx GCDrainStackTargetSize                   = 64                                        {product} {ergonomic}
   size_t InitialHeapSize                          = 132120576                                 {product} {ergonomic}
   size_t MarkStackSize                            = 4194304                                   {product} {ergonomic}
   size_t MaxHeapSize                              = 2101346304                                {product} {ergonomic}
   size_t MaxNewSize                               = 1260388352                                {product} {ergonomic}
   size_t MinHeapDeltaBytes                        = 1048576                                   {product} {ergonomic}
   size_t MinHeapSize                              = 8388608                                   {product} {ergonomic}
    uintx NonNMethodCodeHeapSize                   = 5839372                                {pd product} {ergonomic}
    uintx NonProfiledCodeHeapSize                  = 122909434                              {pd product} {ergonomic}
    uintx ProfiledCodeHeapSize                     = 122909434                              {pd product} {ergonomic}
    uintx ReservedCodeCacheSize                    = 251658240                              {pd product} {ergonomic}
     bool SegmentedCodeCache                       = true                                      {product} {ergonomic}
   size_t SoftMaxHeapSize                          = 2101346304                             {manageable} {ergonomic}
     bool UseCompressedClassPointers               = true                           {product lp64_product} {ergonomic}
     bool UseCompressedOops                        = true                           {product lp64_product} {ergonomic}
     bool UseG1GC                                  = true                                      {product} {ergonomic}
     bool UseLargePagesIndividualAllocation        = false                                  {pd product} {ergonomic}

Logging:
Log output configuration:
 #0: stdout all=warning uptime,level,tags
 #1: stderr all=off uptime,level,tags

Environment Variables:
PATH=C:\Program Files (x86)\Intel\Intel(R) Management Engine Components\iCLS\;C:\Program Files\Intel\Intel(R) Management Engine Components\iCLS\;C:\WINDOWS\system32;C:\WINDOWS;C:\WINDOWS\System32\Wbem;C:\WINDOWS\System32\WindowsPowerShell\v1.0\;C:\WINDOWS\System32\OpenSSH\;C:\Program Files (x86)\Intel\Intel(R) Management Engine Components\DAL;C:\Program Files\Intel\Intel(R) Management Engine Components\DAL;C:\Program Files\Go\bin;C:\Program Files\Java\jdk-21\bin;C:\Program Files\dotnet\;C:\Users\koosh\AppData\Local\Android\Sdk\platform-tools;C:\Program Files\Git\cmd;C:\Users\koosh\AppData\Local\Android\Sdk\platform-tools;C:\Users\koosh\AppData\Local\Programs\Python\Python311\Scripts\;C:\Users\koosh\AppData\Local\Programs\Python\Python311\;C:\Users\koosh\AppData\Local\Microsoft\WindowsApps;C:\Users\koosh\AppData\Local\Programs\Microsoft VS Code\bin;C:\Program Files\JetBrains\PyCharm Community Edition 2023.2.5\bin;;C:\Users\koosh\go\bin;C:\Program Files\JetBrains\GoLand 2023.2.5\bin;;C:\Program Files\JetBrains\IntelliJ IDEA 2023.3.1\bin;;C:\Users\koosh\.dotnet\tools;
USERNAME=koosh
OS=Windows_NT
PROCESSOR_IDENTIFIER=Intel64 Family 6 Model 142 Stepping 11, GenuineIntel
TMP=C:\Users\koosh\AppData\Local\Temp
TEMP=C:\Users\koosh\AppData\Local\Temp



Periodic native trim disabled

JNI global refs:
JNI global refs: 13, weak refs: 8

JNI global refs memory usage: 843, weak refs: 841

Process memory usage:
Resident Set Size: 424308K (5% of 8200356K total physical memory with 485968K free physical memory)

OOME stack traces (most recent first):
Classloader memory used:
Loader jdk.internal.loader.ClassLoaders$AppClassLoader                                 : 7326K
Loader bootstrap                                                                       : 1322K
Loader java.net.URLClassLoader                                                         : 176K
Loader jdk.internal.reflect.DelegatingClassLoader                                      : 2131B


---------------  S Y S T E M  ---------------

OS:
 Windows 11 , 64 bit Build 22621 (10.0.22621.3958)
OS uptime: 0 days 23:53 hours

CPU: total 8 (initial active 8) (4 cores per cpu, 2 threads per core) family 6 model 142 stepping 11 microcode 0xec, cx8, cmov, fxsr, ht, mmx, 3dnowpref, sse, sse2, sse3, ssse3, sse4.1, sse4.2, popcnt, lzcnt, tsc, tscinvbit, avx, avx2, aes, erms, clmul, bmi1, bmi2, adx, fma, vzeroupper, clflush, clflushopt
Processor Information for all 8 processors :
  Max Mhz: 1800, Current Mhz: 1600, Mhz Limit: 1584

Memory: 4k page, system-wide physical 8008M (474M free)
TotalPageFile size 11708M (AvailPageFile size 85M)
current process WorkingSet (physical memory assigned to process): 416M, peak: 419M
current process commit charge ("private bytes"): 440M, peak: 756M

vm_info: OpenJDK 64-Bit Server VM (17.0.11+0--11852314) for windows-amd64 JRE (17.0.11+0--11852314), built on May 16 2024 21:29:20 by "androidbuild" with MS VC++ 16.10 / 16.11 (VS2019)

END.
