#
# There is insufficient memory for the Java Runtime Environment to continue.
# Native memory allocation (mmap) failed to map 132120576 bytes. Error detail: G1 virtual space
# Possible reasons:
#   The system is out of physical RAM or swap space
#   This process is running with CompressedOops enabled, and the Java Heap may be blocking the growth of the native heap
# Possible solutions:
#   Reduce memory load on the system
#   Increase physical memory or swap space
#   Check if swap backing store is full
#   Decrease Java heap size (-Xmx/-Xms)
#   Decrease number of Java threads
#   Decrease Java thread stack sizes (-Xss)
#   Set larger code cache with -XX:ReservedCodeCacheSize=
#   JVM is running with Unscaled Compressed Oops mode in which the Java heap is
#     placed in the first 4GB address space. The Java Heap base address is the
#     maximum limit for the native heap growth. Please use -XX:HeapBaseMinAddress
#     to set the Java Heap base and to place the Java Heap above 4GB virtual address.
# This output file may be truncated or incomplete.
#
#  Out of Memory Error (os_windows.cpp:3825), pid=2688, tid=11672
#
# JRE version:  (17.0.11) (build )
# Java VM: OpenJDK 64-Bit Server VM (17.0.11+0--11852314, mixed mode, sharing, tiered, compressed oops, compressed class ptrs, g1 gc, windows-amd64)
# No core dump will be written. Minidumps are not enabled by default on client versions of Windows
#

---------------  S U M M A R Y ------------

Command Line: org.jetbrains.kotlin.cli.jvm.K2JVMCompiler @C:\Users\koosh\AndroidStudioProjects\NokiaTest\app\build\20241008_17737211612704422013.compiler.options

Host: Intel(R) Core(TM) i5-8265U CPU @ 1.60GHz, 8 cores, 7G,  Windows 11 , 64 bit Build 22621 (10.0.22621.3958)
Time: Tue Oct  8 18:50:53 2024 Iran Standard Time elapsed time: 0.013184 seconds (0d 0h 0m 0s)

---------------  T H R E A D  ---------------

Current thread (0x000001b2c10e0780):  JavaThread "Unknown thread" [_thread_in_vm, id=11672, stack(0x000000b157000000,0x000000b157100000)]

Stack: [0x000000b157000000,0x000000b157100000]
Native frames: (J=compiled Java code, j=interpreted, Vv=VM code, C=native code)
V  [jvm.dll+0x687bb9]
V  [jvm.dll+0x84142a]
V  [jvm.dll+0x8430ae]
V  [jvm.dll+0x843713]
V  [jvm.dll+0x24a35f]
V  [jvm.dll+0x684989]
V  [jvm.dll+0x67923a]
V  [jvm.dll+0x30af0b]
V  [jvm.dll+0x3123b6]
V  [jvm.dll+0x361dfe]
V  [jvm.dll+0x36202f]
V  [jvm.dll+0x2e0d38]
V  [jvm.dll+0x2e1ca4]
V  [jvm.dll+0x811f21]
V  [jvm.dll+0x36fb68]
V  [jvm.dll+0x7f0896]
V  [jvm.dll+0x3f3d2f]
V  [jvm.dll+0x3f58e1]
C  [jli.dll+0x528f]
C  [ucrtbase.dll+0x29333]
C  [KERNEL32.DLL+0x1257d]
C  [ntdll.dll+0x5af28]


---------------  P R O C E S S  ---------------

Threads class SMR info:
_java_thread_list=0x00007ffbaee9efd8, length=0, elements={
}

Java Threads: ( => current thread )

Other Threads:
  0x000001b2c11391b0 GCTaskThread "GC Thread#0" [stack: 0x000000b157100000,0x000000b157200000] [id=11532]
  0x000001b2c114aaa0 ConcurrentGCThread "G1 Main Marker" [stack: 0x000000b157200000,0x000000b157300000] [id=8952]
  0x000001b2c114b3d0 ConcurrentGCThread "G1 Conc#0" [stack: 0x000000b157300000,0x000000b157400000] [id=12344]

[error occurred during error reporting (printing all threads), id 0xc0000005, EXCEPTION_ACCESS_VIOLATION (0xc0000005) at pc=0x00007ffbae651907]

VM state: not at safepoint (not fully initialized)

VM Mutex/Monitor currently owned by a thread:  ([mutex/lock_event])
[0x000001b2c10dbad0] Heap_lock - owner thread: 0x000001b2c10e0780

Heap address: 0x0000000082c00000, size: 2004 MB, Compressed Oops mode: 32-bit

CDS archive(s) mapped at: [0x0000000000000000-0x0000000000000000-0x0000000000000000), size 0, SharedBaseAddress: 0x0000000800000000, ArchiveRelocationMode: 1.
Narrow klass base: 0x0000000000000000, Narrow klass shift: 0, Narrow klass range: 0x0

GC Precious Log:
<Empty>

Heap:
 garbage-first heap   total 0K, used 0K [0x0000000082c00000, 0x0000000100000000)
  region size 1024K, 0 young (0K), 0 survivors (0K)
 Metaspace       used 0K, committed 0K, reserved 0K
  class space    used 0K, committed 0K, reserved 0K

Heap Regions: E=young(eden), S=young(survivor), O=old, HS=humongous(starts), HC=humongous(continues), CS=collection set, F=free, OA=open archive, CA=closed archive, TAMS=top-at-mark-start (previous, next)

Card table byte_map: [0x000001b2d3cd0000,0x000001b2d40c0000] _byte_map_base: 0x000001b2d38ba000

Marking Bits (Prev, Next): (CMBitMap*) 0x000001b2c113a6f0, (CMBitMap*) 0x000001b2c113a730
 Prev Bits: [0x000001b2d44b0000, 0x000001b2d6400000)
 Next Bits: [0x000001b2d6400000, 0x000001b2d8350000)

GC Heap History (0 events):
No events

Dll operation events (1 events):
Event: 0.009 Loaded shared library C:\Program Files\Android\Android Studio\jbr\bin\java.dll

Deoptimization events (0 events):
No events

Classes unloaded (0 events):
No events

Classes redefined (0 events):
No events

Internal exceptions (0 events):
No events

VM Operations (0 events):
No events

Events (0 events):
No events


Dynamic libraries:
0x00007ff702980000 - 0x00007ff70298a000 	C:\Program Files\Android\Android Studio\jbr\bin\java.exe
0x00007ffc0eb90000 - 0x00007ffc0eda7000 	C:\WINDOWS\SYSTEM32\ntdll.dll
0x00007ffc0d750000 - 0x00007ffc0d814000 	C:\WINDOWS\System32\KERNEL32.DLL
0x00007ffc0c190000 - 0x00007ffc0c53d000 	C:\WINDOWS\System32\KERNELBASE.dll
0x00007ffc0bee0000 - 0x00007ffc0bff1000 	C:\WINDOWS\System32\ucrtbase.dll
0x00007ffbfeab0000 - 0x00007ffbfeac7000 	C:\Program Files\Android\Android Studio\jbr\bin\jli.dll
0x00007ffc04b80000 - 0x00007ffc04b9b000 	C:\Program Files\Android\Android Studio\jbr\bin\VCRUNTIME140.dll
0x00007ffc0da00000 - 0x00007ffc0dbae000 	C:\WINDOWS\System32\USER32.dll
0x00007ffc0beb0000 - 0x00007ffc0bed6000 	C:\WINDOWS\System32\win32u.dll
0x00007ffbf2960000 - 0x00007ffbf2bf3000 	C:\WINDOWS\WinSxS\amd64_microsoft.windows.common-controls_6595b64144ccf1df_6.0.22621.3672_none_2713b9d173822955\COMCTL32.dll
0x00007ffc0de60000 - 0x00007ffc0de89000 	C:\WINDOWS\System32\GDI32.dll
0x00007ffc0d6a0000 - 0x00007ffc0d747000 	C:\WINDOWS\System32\msvcrt.dll
0x00007ffc0c770000 - 0x00007ffc0c889000 	C:\WINDOWS\System32\gdi32full.dll
0x00007ffc0c0f0000 - 0x00007ffc0c18a000 	C:\WINDOWS\System32\msvcp_win.dll
0x00007ffc0e900000 - 0x00007ffc0e931000 	C:\WINDOWS\System32\IMM32.DLL
0x00007ffc06e90000 - 0x00007ffc06e9c000 	C:\Program Files\Android\Android Studio\jbr\bin\vcruntime140_1.dll
0x00007ffbe5d60000 - 0x00007ffbe5ded000 	C:\Program Files\Android\Android Studio\jbr\bin\msvcp140.dll
0x00007ffbae360000 - 0x00007ffbaefe3000 	C:\Program Files\Android\Android Studio\jbr\bin\server\jvm.dll
0x00007ffc0d570000 - 0x00007ffc0d622000 	C:\WINDOWS\System32\ADVAPI32.dll
0x00007ffc0cb50000 - 0x00007ffc0cbf9000 	C:\WINDOWS\System32\sechost.dll
0x00007ffc0c890000 - 0x00007ffc0c8b8000 	C:\WINDOWS\System32\bcrypt.dll
0x00007ffc0d8e0000 - 0x00007ffc0d9f4000 	C:\WINDOWS\System32\RPCRT4.dll
0x00007ffc0bd80000 - 0x00007ffc0bdcd000 	C:\WINDOWS\SYSTEM32\POWRPROF.dll
0x00007ffc02890000 - 0x00007ffc028c4000 	C:\WINDOWS\SYSTEM32\WINMM.dll
0x00007ffc04ba0000 - 0x00007ffc04ba9000 	C:\WINDOWS\SYSTEM32\WSOCK32.dll
0x00007ffc0e940000 - 0x00007ffc0e9b1000 	C:\WINDOWS\System32\WS2_32.dll
0x00007ffc03460000 - 0x00007ffc0346a000 	C:\WINDOWS\SYSTEM32\VERSION.dll
0x00007ffc0bcb0000 - 0x00007ffc0bcc3000 	C:\WINDOWS\SYSTEM32\UMPDC.dll
0x00007ffc0af00000 - 0x00007ffc0af18000 	C:\WINDOWS\SYSTEM32\kernel.appcore.dll
0x00007ffc04b00000 - 0x00007ffc04b0a000 	C:\Program Files\Android\Android Studio\jbr\bin\jimage.dll
0x00007ffc09780000 - 0x00007ffc099b2000 	C:\WINDOWS\SYSTEM32\DBGHELP.DLL
0x00007ffc0e570000 - 0x00007ffc0e8fe000 	C:\WINDOWS\System32\combase.dll
0x00007ffc0cc10000 - 0x00007ffc0cce7000 	C:\WINDOWS\System32\OLEAUT32.dll
0x00007ffbeef00000 - 0x00007ffbeef32000 	C:\WINDOWS\SYSTEM32\dbgcore.DLL
0x00007ffc0c070000 - 0x00007ffc0c0eb000 	C:\WINDOWS\System32\bcryptPrimitives.dll
0x00007ffbfc850000 - 0x00007ffbfc875000 	C:\Program Files\Android\Android Studio\jbr\bin\java.dll

dbghelp: loaded successfully - version: 4.0.5 - missing functions: none
symbol engine: initialized successfully - sym options: 0x614 - pdb path: .;C:\Program Files\Android\Android Studio\jbr\bin;C:\WINDOWS\SYSTEM32;C:\WINDOWS\WinSxS\amd64_microsoft.windows.common-controls_6595b64144ccf1df_6.0.22621.3672_none_2713b9d173822955;C:\Program Files\Android\Android Studio\jbr\bin\server

VM Arguments:
java_command: org.jetbrains.kotlin.cli.jvm.K2JVMCompiler @C:\Users\koosh\AndroidStudioProjects\NokiaTest\app\build\20241008_17737211612704422013.compiler.options
java_class_path (initial): C:\Users\koosh\.gradle\caches\modules-2\files-2.1\org.jetbrains.kotlin\kotlin-compiler-embeddable\2.0.20\244b603e8c729f98baaf9088d90b5b9350c68af8\kotlin-compiler-embeddable-2.0.20.jar;C:\Users\koosh\.gradle\caches\modules-2\files-2.1\org.jetbrains.kotlin\kotlin-stdlib\2.0.20\7388d355f7cceb002cd387ccb7ab3850e4e0a07f\kotlin-stdlib-2.0.20.jar;C:\Users\koosh\.gradle\caches\modules-2\files-2.1\org.jetbrains.kotlin\kotlin-script-runtime\2.0.20\4aea042b39014e0a924c2e1d4a21b6fff7e4d35\kotlin-script-runtime-2.0.20.jar;C:\Users\koosh\.gradle\caches\modules-2\files-2.1\org.jetbrains.kotlin\kotlin-reflect\1.6.10\1cbe9c92c12a94eea200d23c2bbaedaf3daf5132\kotlin-reflect-1.6.10.jar;C:\Users\koosh\.gradle\caches\modules-2\files-2.1\org.jetbrains.kotlin\kotlin-daemon-embeddable\2.0.20\9eb02dce62f058efe6a121cf00cf5da9779e2746\kotlin-daemon-embeddable-2.0.20.jar;C:\Users\koosh\.gradle\caches\modules-2\files-2.1\org.jetbrains.intellij.deps\trove4j\1.0.20200330\3afb14d5f9ceb459d724e907a21145e8ff394f02\trove4j-1.0.20200330.jar;C:\Users\koosh\.gradle\caches\modules-2\files-2.1\org.jetbrains.kotlinx\kotlinx-coroutines-core-jvm\1.6.4\2c997cd1c0ef33f3e751d3831929aeff1390cb30\kotlinx-coroutines-core-jvm-1.6.4.jar;C:\Users\koosh\.gradle\caches\modules-2\files-2.1\org.jetbrains\annotations\13.0\919f0dfe192fb4e063e7dacadee7f8bb9a2672a9\annotations-13.0.jar
Launcher Type: SUN_STANDARD

[Global flags]
     intx CICompilerCount                          = 4                                         {product} {ergonomic}
     uint ConcGCThreads                            = 2                                         {product} {ergonomic}
     uint G1ConcRefinementThreads                  = 8                                         {product} {ergonomic}
   size_t G1HeapRegionSize                         = 1048576                                   {product} {ergonomic}
    uintx GCDrainStackTargetSize                   = 64                                        {product} {ergonomic}
   size_t InitialHeapSize                          = 132120576                                 {product} {ergonomic}
   size_t MarkStackSize                            = 4194304                                   {product} {ergonomic}
   size_t MaxHeapSize                              = 2101346304                                {product} {ergonomic}
   size_t MinHeapDeltaBytes                        = 1048576                                   {product} {ergonomic}
   size_t MinHeapSize                              = 8388608                                   {product} {ergonomic}
    uintx NonNMethodCodeHeapSize                   = 5839372                                {pd product} {ergonomic}
    uintx NonProfiledCodeHeapSize                  = 122909434                              {pd product} {ergonomic}
    uintx ProfiledCodeHeapSize                     = 122909434                              {pd product} {ergonomic}
    uintx ReservedCodeCacheSize                    = 251658240                              {pd product} {ergonomic}
     bool SegmentedCodeCache                       = true                                      {product} {ergonomic}
   size_t SoftMaxHeapSize                          = 2101346304                             {manageable} {ergonomic}
     bool UseCompressedClassPointers               = true                           {product lp64_product} {ergonomic}
     bool UseCompressedOops                        = true                           {product lp64_product} {ergonomic}
     bool UseG1GC                                  = true                                      {product} {ergonomic}
     bool UseLargePagesIndividualAllocation        = false                                  {pd product} {ergonomic}

Logging:
Log output configuration:
 #0: stdout all=warning uptime,level,tags
 #1: stderr all=off uptime,level,tags

Environment Variables:
PATH=C:\Program Files (x86)\Intel\Intel(R) Management Engine Components\iCLS\;C:\Program Files\Intel\Intel(R) Management Engine Components\iCLS\;C:\WINDOWS\system32;C:\WINDOWS;C:\WINDOWS\System32\Wbem;C:\WINDOWS\System32\WindowsPowerShell\v1.0\;C:\WINDOWS\System32\OpenSSH\;C:\Program Files (x86)\Intel\Intel(R) Management Engine Components\DAL;C:\Program Files\Intel\Intel(R) Management Engine Components\DAL;C:\Program Files\Go\bin;C:\Program Files\Java\jdk-21\bin;C:\Program Files\dotnet\;C:\Users\koosh\AppData\Local\Android\Sdk\platform-tools;C:\Program Files\Git\cmd;C:\Users\koosh\AppData\Local\Android\Sdk\platform-tools;C:\Users\koosh\AppData\Local\Programs\Python\Python311\Scripts\;C:\Users\koosh\AppData\Local\Programs\Python\Python311\;C:\Users\koosh\AppData\Local\Microsoft\WindowsApps;C:\Users\koosh\AppData\Local\Programs\Microsoft VS Code\bin;C:\Program Files\JetBrains\PyCharm Community Edition 2023.2.5\bin;;C:\Users\koosh\go\bin;C:\Program Files\JetBrains\GoLand 2023.2.5\bin;;C:\Program Files\JetBrains\IntelliJ IDEA 2023.3.1\bin;;C:\Users\koosh\.dotnet\tools;
USERNAME=koosh
OS=Windows_NT
PROCESSOR_IDENTIFIER=Intel64 Family 6 Model 142 Stepping 11, GenuineIntel
TMP=C:\Users\koosh\AppData\Local\Temp
TEMP=C:\Users\koosh\AppData\Local\Temp



Periodic native trim disabled

JNI global refs:
JNI global refs: 0, weak refs: 0

JNI global refs memory usage: 0, weak refs: 0

Process memory usage:
Resident Set Size: 11676K (0% of 8200356K total physical memory with 439748K free physical memory)

OOME stack traces (most recent first):
Classloader memory used:


---------------  S Y S T E M  ---------------

OS:
 Windows 11 , 64 bit Build 22621 (10.0.22621.3958)
OS uptime: 0 days 23:56 hours

CPU: total 8 (initial active 8) (4 cores per cpu, 2 threads per core) family 6 model 142 stepping 11 microcode 0xec, cx8, cmov, fxsr, ht, mmx, 3dnowpref, sse, sse2, sse3, ssse3, sse4.1, sse4.2, popcnt, lzcnt, tsc, tscinvbit, avx, avx2, aes, erms, clmul, bmi1, bmi2, adx, fma, vzeroupper, clflush, clflushopt
Processor Information for all 8 processors :
  Max Mhz: 1800, Current Mhz: 1600, Mhz Limit: 1584

Memory: 4k page, system-wide physical 8008M (429M free)
TotalPageFile size 11708M (AvailPageFile size 105M)
current process WorkingSet (physical memory assigned to process): 11M, peak: 11M
current process commit charge ("private bytes"): 60M, peak: 186M

vm_info: OpenJDK 64-Bit Server VM (17.0.11+0--11852314) for windows-amd64 JRE (17.0.11+0--11852314), built on May 16 2024 21:29:20 by "androidbuild" with MS VC++ 16.10 / 16.11 (VS2019)

END.
