#
# There is insufficient memory for the Java Runtime Environment to continue.
# Native memory allocation (mmap) failed to map 132120576 bytes. Error detail: G1 virtual space
# Possible reasons:
#   The system is out of physical RAM or swap space
#   This process is running with CompressedOops enabled, and the Java Heap may be blocking the growth of the native heap
# Possible solutions:
#   Reduce memory load on the system
#   Increase physical memory or swap space
#   Check if swap backing store is full
#   Decrease Java heap size (-Xmx/-Xms)
#   Decrease number of Java threads
#   Decrease Java thread stack sizes (-Xss)
#   Set larger code cache with -XX:ReservedCodeCacheSize=
#   JVM is running with Unscaled Compressed Oops mode in which the Java heap is
#     placed in the first 4GB address space. The Java Heap base address is the
#     maximum limit for the native heap growth. Please use -XX:HeapBaseMinAddress
#     to set the Java Heap base and to place the Java Heap above 4GB virtual address.
# This output file may be truncated or incomplete.
#
#  Out of Memory Error (os_windows.cpp:3825), pid=13544, tid=2080
#
# JRE version:  (17.0.11) (build )
# Java VM: OpenJDK 64-Bit Server VM (17.0.11+0--11852314, mixed mode, sharing, tiered, compressed oops, compressed class ptrs, g1 gc, windows-amd64)
# No core dump will be written. Minidumps are not enabled by default on client versions of Windows
#

---------------  S U M M A R Y ------------

Command Line: -Djava.awt.headless=true -Djava.library.path=C:\Program Files\Android\Android Studio\jbr\bin;C:\WINDOWS\Sun\Java\bin;C:\WINDOWS\system32;C:\WINDOWS;C:\Program Files (x86)\Intel\Intel(R) Management Engine Components\iCLS\;C:\Program Files\Intel\Intel(R) Management Engine Components\iCLS\;C:\WINDOWS\system32;C:\WINDOWS;C:\WINDOWS\System32\Wbem;C:\WINDOWS\System32\WindowsPowerShell\v1.0\;C:\WINDOWS\System32\OpenSSH\;C:\Program Files (x86)\Intel\Intel(R) Management Engine Components\DAL;C:\Program Files\Intel\Intel(R) Management Engine Components\DAL;C:\Program Files\Go\bin;C:\Program Files\Java\jdk-21\bin;C:\Program Files\dotnet\;C:\Users\koosh\AppData\Local\Android\Sdk\platform-tools;C:\Program Files\Git\cmd;C:\Users\koosh\AppData\Local\Android\Sdk\platform-tools;C:\Users\koosh\AppData\Local\Programs\Python\Python311\Scripts\;C:\Users\koosh\AppData\Local\Programs\Python\Python311\;C:\Users\koosh\AppData\Local\Microsoft\WindowsApps;C:\Users\koosh\AppData\Local\Programs\Microsoft VS Code\bin;C:\Program Files\JetBrains\PyCharm Community Edition 2023.2.5\bin;;C:\Users\koosh\go\bin;C:\Program Files\JetBrains\GoLand 2023.2.5\bin;;C:\Program Files\JetBrains\IntelliJ IDEA 2023.3.1\bin;;C:\Users\koosh\.dotnet\tools;;.;C:\Users\koosh\AndroidStudioProjects\NokiaTest\app\src\testDebug\jniLibs;C:\Users\koosh\AndroidStudioProjects\NokiaTest\app\src\test\jniLibs -Dorg.gradle.internal.worker.tmpdir=C:\Users\koosh\AndroidStudioProjects\NokiaTest\app\build\tmp\testDebugUnitTest\work -Dorg.gradle.native=false -Xmx512m -Dfile.encoding=UTF-8 -Duser.country=US -Duser.language=en -Duser.variant -ea worker.org.gradle.process.internal.worker.GradleWorkerMain 'Gradle Test Executor 2'

Host: Intel(R) Core(TM) i5-8265U CPU @ 1.60GHz, 8 cores, 7G,  Windows 11 , 64 bit Build 22621 (10.0.22621.3958)
Time: Fri Nov  1 01:07:04 2024 Iran Standard Time elapsed time: 0.013575 seconds (0d 0h 0m 0s)

---------------  T H R E A D  ---------------

Current thread (0x0000017ebed2e300):  JavaThread "Unknown thread" [_thread_in_vm, id=2080, stack(0x000000602c400000,0x000000602c500000)]

Stack: [0x000000602c400000,0x000000602c500000]
Native frames: (J=compiled Java code, j=interpreted, Vv=VM code, C=native code)
V  [jvm.dll+0x687bb9]
V  [jvm.dll+0x84142a]
V  [jvm.dll+0x8430ae]
V  [jvm.dll+0x843713]
V  [jvm.dll+0x24a35f]
V  [jvm.dll+0x684989]
V  [jvm.dll+0x67923a]
V  [jvm.dll+0x30af0b]
V  [jvm.dll+0x3123b6]
V  [jvm.dll+0x361dfe]
V  [jvm.dll+0x36202f]
V  [jvm.dll+0x2e0d38]
V  [jvm.dll+0x2e1ca4]
V  [jvm.dll+0x811f21]
V  [jvm.dll+0x36fb68]
V  [jvm.dll+0x7f0896]
V  [jvm.dll+0x3f3d2f]
V  [jvm.dll+0x3f58e1]
C  [jli.dll+0x528f]
C  [ucrtbase.dll+0x29333]
C  [KERNEL32.DLL+0x1257d]
C  [ntdll.dll+0x5af08]


---------------  P R O C E S S  ---------------

Threads class SMR info:
_java_thread_list=0x00007ffadcd6efd8, length=0, elements={
}

Java Threads: ( => current thread )

Other Threads:
  0x0000017ec0e63070 GCTaskThread "GC Thread#0" [stack: 0x000000602c500000,0x000000602c600000] [id=1328]
  0x0000017ec0e67ed0 ConcurrentGCThread "G1 Main Marker" [stack: 0x000000602c600000,0x000000602c700000] [id=12568]
  0x0000017ec0e68800 ConcurrentGCThread "G1 Conc#0" [stack: 0x000000602c700000,0x000000602c800000] [id=10548]

[error occurred during error reporting (printing all threads), id 0xc0000005, EXCEPTION_ACCESS_VIOLATION (0xc0000005) at pc=0x00007ffadc521907]

VM state: not at safepoint (not fully initialized)

VM Mutex/Monitor currently owned by a thread:  ([mutex/lock_event])
[0x0000017ec0e32ae0] Heap_lock - owner thread: 0x0000017ebed2e300

Heap address: 0x00000000e0000000, size: 512 MB, Compressed Oops mode: 32-bit

CDS archive(s) mapped at: [0x0000000000000000-0x0000000000000000-0x0000000000000000), size 0, SharedBaseAddress: 0x0000000800000000, ArchiveRelocationMode: 1.
Narrow klass base: 0x0000000000000000, Narrow klass shift: 0, Narrow klass range: 0x0

GC Precious Log:
<Empty>

Heap:
 garbage-first heap   total 0K, used 0K [0x00000000e0000000, 0x0000000100000000)
  region size 1024K, 0 young (0K), 0 survivors (0K)
 Metaspace       used 0K, committed 0K, reserved 0K
  class space    used 0K, committed 0K, reserved 0K

Heap Regions: E=young(eden), S=young(survivor), O=old, HS=humongous(starts), HC=humongous(continues), CS=collection set, F=free, OA=open archive, CA=closed archive, TAMS=top-at-mark-start (previous, next)

Card table byte_map: [0x0000017ed3720000,0x0000017ed3820000] _byte_map_base: 0x0000017ed3020000

Marking Bits (Prev, Next): (CMBitMap*) 0x0000017ec0e635a0, (CMBitMap*) 0x0000017ec0e635e0
 Prev Bits: [0x0000017ed3920000, 0x0000017ed4120000)
 Next Bits: [0x0000017ed4120000, 0x0000017ed4920000)

GC Heap History (0 events):
No events

Dll operation events (1 events):
Event: 0.008 Loaded shared library C:\Program Files\Android\Android Studio\jbr\bin\java.dll

Deoptimization events (0 events):
No events

Classes unloaded (0 events):
No events

Classes redefined (0 events):
No events

Internal exceptions (0 events):
No events

VM Operations (0 events):
No events

Events (0 events):
No events


Dynamic libraries:
0x00007ff6aa6d0000 - 0x00007ff6aa6da000 	C:\Program Files\Android\Android Studio\jbr\bin\java.exe
0x00007ffb28490000 - 0x00007ffb286a7000 	C:\WINDOWS\SYSTEM32\ntdll.dll
0x00007ffb27c80000 - 0x00007ffb27d44000 	C:\WINDOWS\System32\KERNEL32.DLL
0x00007ffb25d90000 - 0x00007ffb26147000 	C:\WINDOWS\System32\KERNELBASE.dll
0x00007ffb25910000 - 0x00007ffb25a21000 	C:\WINDOWS\System32\ucrtbase.dll
0x00007ffae9670000 - 0x00007ffae9687000 	C:\Program Files\Android\Android Studio\jbr\bin\jli.dll
0x00007ffb202f0000 - 0x00007ffb2030b000 	C:\Program Files\Android\Android Studio\jbr\bin\VCRUNTIME140.dll
0x00007ffb261c0000 - 0x00007ffb2636f000 	C:\WINDOWS\System32\USER32.dll
0x00007ffb25a30000 - 0x00007ffb25a56000 	C:\WINDOWS\System32\win32u.dll
0x00007ffb05590000 - 0x00007ffb05823000 	C:\WINDOWS\WinSxS\amd64_microsoft.windows.common-controls_6595b64144ccf1df_6.0.22621.3672_none_2713b9d173822955\COMCTL32.dll
0x00007ffb27630000 - 0x00007ffb27659000 	C:\WINDOWS\System32\GDI32.dll
0x00007ffb27a20000 - 0x00007ffb27ac7000 	C:\WINDOWS\System32\msvcrt.dll
0x00007ffb25c70000 - 0x00007ffb25d88000 	C:\WINDOWS\System32\gdi32full.dll
0x00007ffb25b50000 - 0x00007ffb25bea000 	C:\WINDOWS\System32\msvcp_win.dll
0x00007ffb28070000 - 0x00007ffb280a1000 	C:\WINDOWS\System32\IMM32.DLL
0x00007ffb202e0000 - 0x00007ffb202ec000 	C:\Program Files\Android\Android Studio\jbr\bin\vcruntime140_1.dll
0x00007ffb0cdf0000 - 0x00007ffb0ce7d000 	C:\Program Files\Android\Android Studio\jbr\bin\msvcp140.dll
0x00007ffadc230000 - 0x00007ffadceb3000 	C:\Program Files\Android\Android Studio\jbr\bin\server\jvm.dll
0x00007ffb27710000 - 0x00007ffb277c2000 	C:\WINDOWS\System32\ADVAPI32.dll
0x00007ffb27660000 - 0x00007ffb27708000 	C:\WINDOWS\System32\sechost.dll
0x00007ffb25b20000 - 0x00007ffb25b48000 	C:\WINDOWS\System32\bcrypt.dll
0x00007ffb27b60000 - 0x00007ffb27c74000 	C:\WINDOWS\System32\RPCRT4.dll
0x00007ffb06310000 - 0x00007ffb06319000 	C:\WINDOWS\SYSTEM32\WSOCK32.dll
0x00007ffb25670000 - 0x00007ffb256bd000 	C:\WINDOWS\SYSTEM32\POWRPROF.dll
0x00007ffb11910000 - 0x00007ffb11944000 	C:\WINDOWS\SYSTEM32\WINMM.dll
0x00007ffb270d0000 - 0x00007ffb27141000 	C:\WINDOWS\System32\WS2_32.dll
0x00007ffb1d3a0000 - 0x00007ffb1d3aa000 	C:\WINDOWS\SYSTEM32\VERSION.dll
0x00007ffb255a0000 - 0x00007ffb255b3000 	C:\WINDOWS\SYSTEM32\UMPDC.dll
0x00007ffb247f0000 - 0x00007ffb24808000 	C:\WINDOWS\SYSTEM32\kernel.appcore.dll
0x00007ffaf7060000 - 0x00007ffaf706a000 	C:\Program Files\Android\Android Studio\jbr\bin\jimage.dll
0x00007ffb23050000 - 0x00007ffb23282000 	C:\WINDOWS\SYSTEM32\DBGHELP.DLL
0x00007ffb26d40000 - 0x00007ffb270ce000 	C:\WINDOWS\System32\combase.dll
0x00007ffb27d60000 - 0x00007ffb27e37000 	C:\WINDOWS\System32\OLEAUT32.dll
0x00007ffb0ba60000 - 0x00007ffb0ba92000 	C:\WINDOWS\SYSTEM32\dbgcore.DLL
0x00007ffb25bf0000 - 0x00007ffb25c6b000 	C:\WINDOWS\System32\bcryptPrimitives.dll
0x00007ffadec10000 - 0x00007ffadec35000 	C:\Program Files\Android\Android Studio\jbr\bin\java.dll

dbghelp: loaded successfully - version: 4.0.5 - missing functions: none
symbol engine: initialized successfully - sym options: 0x614 - pdb path: .;C:\Program Files\Android\Android Studio\jbr\bin;C:\WINDOWS\SYSTEM32;C:\WINDOWS\WinSxS\amd64_microsoft.windows.common-controls_6595b64144ccf1df_6.0.22621.3672_none_2713b9d173822955;C:\Program Files\Android\Android Studio\jbr\bin\server

VM Arguments:
jvm_args: -Djava.awt.headless=true -Djava.library.path=C:\Program Files\Android\Android Studio\jbr\bin;C:\WINDOWS\Sun\Java\bin;C:\WINDOWS\system32;C:\WINDOWS;C:\Program Files (x86)\Intel\Intel(R) Management Engine Components\iCLS\;C:\Program Files\Intel\Intel(R) Management Engine Components\iCLS\;C:\WINDOWS\system32;C:\WINDOWS;C:\WINDOWS\System32\Wbem;C:\WINDOWS\System32\WindowsPowerShell\v1.0\;C:\WINDOWS\System32\OpenSSH\;C:\Program Files (x86)\Intel\Intel(R) Management Engine Components\DAL;C:\Program Files\Intel\Intel(R) Management Engine Components\DAL;C:\Program Files\Go\bin;C:\Program Files\Java\jdk-21\bin;C:\Program Files\dotnet\;C:\Users\koosh\AppData\Local\Android\Sdk\platform-tools;C:\Program Files\Git\cmd;C:\Users\koosh\AppData\Local\Android\Sdk\platform-tools;C:\Users\koosh\AppData\Local\Programs\Python\Python311\Scripts\;C:\Users\koosh\AppData\Local\Programs\Python\Python311\;C:\Users\koosh\AppData\Local\Microsoft\WindowsApps;C:\Users\koosh\AppData\Local\Programs\Microsoft VS Code\bin;C:\Program Files\JetBrains\PyCharm Community Edition 2023.2.5\bin;;C:\Users\koosh\go\bin;C:\Program Files\JetBrains\GoLand 2023.2.5\bin;;C:\Program Files\JetBrains\IntelliJ IDEA 2023.3.1\bin;;C:\Users\koosh\.dotnet\tools;;.;C:\Users\koosh\AndroidStudioProjects\NokiaTest\app\src\testDebug\jniLibs;C:\Users\koosh\AndroidStudioProjects\NokiaTest\app\src\test\jniLibs -Dorg.gradle.internal.worker.tmpdir=C:\Users\koosh\AndroidStudioProjects\NokiaTest\app\build\tmp\testDebugUnitTest\work -Dorg.gradle.native=false -Xmx512m -Dfile.encoding=UTF-8 -Duser.country=US -Duser.language=en -Duser.variant -ea 
java_command: worker.org.gradle.process.internal.worker.GradleWorkerMain 'Gradle Test Executor 2'
java_class_path (initial): C:\\Users\\koosh\\.gradle\\caches\\8.7\\workerMain\\gradle-worker.jar;C:\\Users\\koosh\\AndroidStudioProjects\\NokiaTest\\app\\build\\tmp\\kotlin-classes\\debugUnitTest;C:\\Users\\koosh\\AndroidStudioProjects\\NokiaTest\\app\\build\\intermediates\\java_res\\debugUnitTest\\processDebugUnitTestJavaRes\\out;C:\\Users\\koosh\\AndroidStudioProjects\\NokiaTest\\app\\build\\intermediates\\runtime_app_classes_jar\\debug\\bundleDebugClassesToRuntimeJar\\classes.jar;C:\\Users\\koosh\\.gradle\\caches\\modules-2\\files-2.1\\junit\\junit\\4.13.2\\8ac9e16d933b6fb43bc7f576336b8f4d7eb5ba12\\junit-4.13.2.jar;C:\\Users\\koosh\\.gradle\\caches\\transforms-4\\c85604d56bf2005108e1c2e166a33b12\\transformed\\navigation-common-2.8.2-runtime.jar;C:\\Users\\koosh\\.gradle\\caches\\transforms-4\\91488579341e304a776baff1c4afbbd9\\transformed\\navigation-common-ktx-2.8.2-runtime.jar;C:\\Users\\koosh\\.gradle\\caches\\transforms-4\\e3342a8cd6110c363d5fc384b8f5a149\\transformed\\navigation-dynamic-features-runtime-2.8.2-runtime.jar;C:\\Users\\koosh\\.gradle\\caches\\transforms-4\\5cfe4f8afe793bbbec94c46482de7c82\\transformed\\navigation-runtime-2.8.2-runtime.jar;C:\\Users\\koosh\\.gradle\\caches\\transforms-4\\22b31a0bc606378191838dfa0279a17b\\transformed\\navigation-runtime-ktx-2.8.2-runtime.jar;C:\\Users\\koosh\\.gradle\\caches\\transforms-4\\24bc4f7995759493c42daf7064013170\\transformed\\navigation-dynamic-features-fragment-2.8.2-runtime.jar;C:\\Users\\koosh\\.gradle\\caches\\transforms-4\\9d9016adc0019a47815a002a55c9aa13\\transformed\\navigation-ui-2.8.2-runtime.jar;C:\\Users\\koosh\\.gradle\\caches\\transforms-4\\f91f6986dd3daecbc6575da4b22bdfda\\transformed\\navigation-fragment-2.8.2-runtime.jar;C:\\Users\\koosh\\.gradle\\caches\\transforms-4\\237d6ca331a21b9652ee0d5e0055e966\\transformed\\navigation-compose-2.8.2-runtime.jar;C:\\Users\\koosh\\.gradle\\caches\\transforms-4\\d0e2c88f3a5b216a1243f68505d88dbf\\transformed\\coil-compose-2.7.0-runtime.jar;C:\\Users\\
Launcher Type: SUN_STANDARD

[Global flags]
     intx CICompilerCount                          = 4                                         {product} {ergonomic}
     uint ConcGCThreads                            = 2                                         {product} {ergonomic}
     uint G1ConcRefinementThreads                  = 8                                         {product} {ergonomic}
   size_t G1HeapRegionSize                         = 1048576                                   {product} {ergonomic}
    uintx GCDrainStackTargetSize                   = 64                                        {product} {ergonomic}
   size_t InitialHeapSize                          = 132120576                                 {product} {ergonomic}
   size_t MarkStackSize                            = 4194304                                   {product} {ergonomic}
   size_t MaxHeapSize                              = 536870912                                 {product} {command line}
   size_t MinHeapDeltaBytes                        = 1048576                                   {product} {ergonomic}
   size_t MinHeapSize                              = 8388608                                   {product} {ergonomic}
    uintx NonNMethodCodeHeapSize                   = 5839372                                {pd product} {ergonomic}
    uintx NonProfiledCodeHeapSize                  = 122909434                              {pd product} {ergonomic}
    uintx ProfiledCodeHeapSize                     = 122909434                              {pd product} {ergonomic}
    uintx ReservedCodeCacheSize                    = 251658240                              {pd product} {ergonomic}
     bool SegmentedCodeCache                       = true                                      {product} {ergonomic}
   size_t SoftMaxHeapSize                          = 536870912                              {manageable} {ergonomic}
     bool UseCompressedClassPointers               = true                           {product lp64_product} {ergonomic}
     bool UseCompressedOops                        = true                           {product lp64_product} {ergonomic}
     bool UseG1GC                                  = true                                      {product} {ergonomic}
     bool UseLargePagesIndividualAllocation        = false                                  {pd product} {ergonomic}

Logging:
Log output configuration:
 #0: stdout all=warning uptime,level,tags
 #1: stderr all=off uptime,level,tags

Environment Variables:
PATH=C:\Program Files (x86)\Intel\Intel(R) Management Engine Components\iCLS\;C:\Program Files\Intel\Intel(R) Management Engine Components\iCLS\;C:\WINDOWS\system32;C:\WINDOWS;C:\WINDOWS\System32\Wbem;C:\WINDOWS\System32\WindowsPowerShell\v1.0\;C:\WINDOWS\System32\OpenSSH\;C:\Program Files (x86)\Intel\Intel(R) Management Engine Components\DAL;C:\Program Files\Intel\Intel(R) Management Engine Components\DAL;C:\Program Files\Go\bin;C:\Program Files\Java\jdk-21\bin;C:\Program Files\dotnet\;C:\Users\koosh\AppData\Local\Android\Sdk\platform-tools;C:\Program Files\Git\cmd;C:\Users\koosh\AppData\Local\Android\Sdk\platform-tools;C:\Users\koosh\AppData\Local\Programs\Python\Python311\Scripts\;C:\Users\koosh\AppData\Local\Programs\Python\Python311\;C:\Users\koosh\AppData\Local\Microsoft\WindowsApps;C:\Users\koosh\AppData\Local\Programs\Microsoft VS Code\bin;C:\Program Files\JetBrains\PyCharm Community Edition 2023.2.5\bin;;C:\Users\koosh\go\bin;C:\Program Files\JetBrains\GoLand 2023.2.5\bin;;C:\Program Files\JetBrains\IntelliJ IDEA 2023.3.1\bin;;C:\Users\koosh\.dotnet\tools;
USERNAME=koosh
OS=Windows_NT
PROCESSOR_IDENTIFIER=Intel64 Family 6 Model 142 Stepping 11, GenuineIntel
TMP=C:\Users\koosh\AppData\Local\Temp
TEMP=C:\Users\koosh\AppData\Local\Temp



Periodic native trim disabled

JNI global refs:
JNI global refs: 0, weak refs: 0

JNI global refs memory usage: 0, weak refs: 0

Process memory usage:
Resident Set Size: 11692K (0% of 8200356K total physical memory with 367592K free physical memory)

OOME stack traces (most recent first):
Classloader memory used:


---------------  S Y S T E M  ---------------

OS:
 Windows 11 , 64 bit Build 22621 (10.0.22621.3958)
OS uptime: 0 days 1:26 hours

CPU: total 8 (initial active 8) (4 cores per cpu, 2 threads per core) family 6 model 142 stepping 11 microcode 0xec, cx8, cmov, fxsr, ht, mmx, 3dnowpref, sse, sse2, sse3, ssse3, sse4.1, sse4.2, popcnt, lzcnt, tsc, tscinvbit, avx, avx2, aes, erms, clmul, bmi1, bmi2, adx, fma, vzeroupper, clflush, clflushopt
Processor Information for all 8 processors :
  Max Mhz: 1800, Current Mhz: 1600, Mhz Limit: 1584

Memory: 4k page, system-wide physical 8008M (358M free)
TotalPageFile size 11708M (AvailPageFile size 65M)
current process WorkingSet (physical memory assigned to process): 11M, peak: 11M
current process commit charge ("private bytes"): 60M, peak: 185M

vm_info: OpenJDK 64-Bit Server VM (17.0.11+0--11852314) for windows-amd64 JRE (17.0.11+0--11852314), built on May 16 2024 21:29:20 by "androidbuild" with MS VC++ 16.10 / 16.11 (VS2019)

END.
